Log file open, 03/05/21 23:22:43
LogInit: Display: Running engine for game: MultiLvllDialogueSys
LogPlatformFile: Not using cached read wrapper
LogTaskGraph: Started task graph with 5 named threads and 23 total threads with 3 sets of task threads.
LogStats: Stats thread started at 3.699542
LogD3D11RHI: Loaded GFSDK_Aftermath_Lib.x64.dll
LogICUInternationalization: ICU TimeZone Detection - Raw Offset: -5:00, Platform Override: ''
LogPluginManager: Mounting plugin Paper2D
LogPluginManager: Mounting plugin AISupport
LogPluginManager: Mounting plugin LightPropagationVolume
LogPluginManager: Mounting plugin CameraShakePreviewer
LogPluginManager: Mounting plugin ActorLayerUtilities
LogPluginManager: Mounting plugin AnimationSharing
LogPluginManager: Mounting plugin CLionSourceCodeAccess
LogPluginManager: Mounting plugin CodeLiteSourceCodeAccess
LogPluginManager: Mounting plugin GitSourceControl
LogPluginManager: Mounting plugin KDevelopSourceCodeAccess
LogPluginManager: Mounting plugin NullSourceCodeAccess
LogPluginManager: Mounting plugin PerforceSourceControl
LogPluginManager: Mounting plugin PlasticSourceControl
LogPluginManager: Mounting plugin RiderSourceCodeAccess
LogPluginManager: Mounting plugin SubversionSourceControl
LogPluginManager: Mounting plugin UObjectPlugin
LogPluginManager: Mounting plugin VisualStudioCodeSourceCodeAccess
LogPluginManager: Mounting plugin VisualStudioSourceCodeAccess
LogPluginManager: Mounting plugin XCodeSourceCodeAccess
LogPluginManager: Mounting plugin AssetManagerEditor
LogPluginManager: Mounting plugin CryptoKeys
LogPluginManager: Mounting plugin CurveEditorTools
LogPluginManager: Mounting plugin DataValidation
LogPluginManager: Mounting plugin EditorScriptingUtilities
LogPluginManager: Mounting plugin FacialAnimation
LogPluginManager: Mounting plugin GameplayTagsEditor
LogPluginManager: Mounting plugin GeometryMode
LogPluginManager: Mounting plugin MacGraphicsSwitching
LogPluginManager: Mounting plugin MaterialAnalyzer
LogPluginManager: Mounting plugin MobileLauncherProfileWizard
LogPluginManager: Mounting plugin PluginBrowser
LogPluginManager: Mounting plugin SpeedTreeImporter
LogPluginManager: Mounting plugin DatasmithContent
LogPluginManager: Mounting plugin VariantManagerContent
LogPluginManager: Mounting plugin AlembicImporter
LogPluginManager: Mounting plugin AutomationUtils
LogPluginManager: Mounting plugin BackChannel
LogPluginManager: Mounting plugin ChaosCloth
LogPluginManager: Mounting plugin ChaosClothEditor
LogPluginManager: Mounting plugin ChaosEditor
LogPluginManager: Mounting plugin ChaosNiagara
LogPluginManager: Mounting plugin ChaosSolverPlugin
LogPluginManager: Mounting plugin CharacterAI
LogPluginManager: Mounting plugin GeometryCache
LogPluginManager: Mounting plugin GeometryCollectionPlugin
LogPluginManager: Mounting plugin GeometryProcessing
LogPluginManager: Mounting plugin PlanarCut
LogPluginManager: Mounting plugin PlatformCrypto
LogPluginManager: Mounting plugin ProxyLODPlugin
LogPluginManager: Mounting plugin SkeletalReduction
LogPluginManager: Mounting plugin Niagara
LogPluginManager: Mounting plugin MagicLeap
LogPluginManager: Mounting plugin MagicLeapLightEstimation
LogPluginManager: Mounting plugin MagicLeapMedia
LogPluginManager: Mounting plugin MagicLeapPassableWorld
LogPluginManager: Mounting plugin MLSDK
LogPluginManager: Mounting plugin AndroidMedia
LogPluginManager: Mounting plugin AvfMedia
LogPluginManager: Mounting plugin ImgMedia
LogPluginManager: Mounting plugin MediaCompositing
LogPluginManager: Mounting plugin MediaPlayerEditor
LogPluginManager: Mounting plugin WebMMedia
LogPluginManager: Mounting plugin WmfMedia
LogPluginManager: Mounting plugin MeshPainting
LogPluginManager: Mounting plugin TcpMessaging
LogPluginManager: Mounting plugin UdpMessaging
LogPluginManager: Mounting plugin ActorSequence
LogPluginManager: Mounting plugin LevelSequenceEditor
LogPluginManager: Mounting plugin MatineeToLevelSequence
LogPluginManager: Mounting plugin MovieRenderPipeline
LogPluginManager: Mounting plugin TemplateSequence
LogPluginManager: Mounting plugin NetcodeUnitTest
LogPluginManager: Mounting plugin NUTUnrealEngine4
LogPluginManager: Mounting plugin OnlineSubsystemGooglePlay
LogPluginManager: Mounting plugin OnlineSubsystemIOS
LogPluginManager: Mounting plugin OnlineSubsystem
LogPluginManager: Mounting plugin OnlineSubsystemNull
LogPluginManager: Mounting plugin OnlineSubsystemUtils
LogPluginManager: Mounting plugin LauncherChunkInstaller
LogPluginManager: Mounting plugin AndroidDeviceProfileSelector
LogPluginManager: Mounting plugin AndroidMoviePlayer
LogPluginManager: Mounting plugin AndroidPermission
LogPluginManager: Mounting plugin AppleImageUtils
LogPluginManager: Mounting plugin AppleMoviePlayer
LogPluginManager: Mounting plugin ArchVisCharacter
LogPluginManager: Mounting plugin AssetTags
LogPluginManager: Mounting plugin AudioCapture
LogPluginManager: Mounting plugin CableComponent
LogPluginManager: Mounting plugin CustomMeshComponent
LogPluginManager: Mounting plugin EditableMesh
LogPluginManager: Mounting plugin ExampleDeviceProfileSelector
LogPluginManager: Mounting plugin GoogleCloudMessaging
LogPluginManager: Mounting plugin GooglePAD
LogPluginManager: Mounting plugin IOSDeviceProfileSelector
LogPluginManager: Mounting plugin LinuxDeviceProfileSelector
LogPluginManager: Mounting plugin LocationServicesBPLibrary
LogPluginManager: Mounting plugin MobilePatchingUtils
LogPluginManager: Mounting plugin OculusVR
LogPluginManager: Mounting plugin PhysXVehicles
LogPluginManager: Mounting plugin PostSplashScreen
LogPluginManager: Mounting plugin ProceduralMeshComponent
LogPluginManager: Mounting plugin RuntimePhysXCooking
LogPluginManager: Mounting plugin SignificanceManager
LogPluginManager: Mounting plugin SoundFields
LogPluginManager: Mounting plugin SteamVR
LogPluginManager: Mounting plugin Synthesis
LogPluginManager: Mounting plugin WebMMoviePlayer
LogPluginManager: Mounting plugin WindowsMoviePlayer
LogPluginManager: Mounting plugin ScreenshotTools
LogInit: Using libcurl 7.55.1-DEV
LogInit:  - built for x86_64-pc-win32
LogInit:  - supports SSL with OpenSSL/1.1.1
LogInit:  - supports HTTP deflate (compression) using libz 1.2.8
LogInit:  - other features:
LogInit:      CURL_VERSION_SSL
LogInit:      CURL_VERSION_LIBZ
LogInit:      CURL_VERSION_IPV6
LogInit:      CURL_VERSION_ASYNCHDNS
LogInit:      CURL_VERSION_LARGEFILE
LogInit:      CURL_VERSION_IDN
LogInit:  CurlRequestOptions (configurable via config and command line):
LogInit:  - bVerifyPeer = true  - Libcurl will verify peer certificate
LogInit:  - bUseHttpProxy = false  - Libcurl will NOT use HTTP proxy
LogInit:  - bDontReuseConnections = false  - Libcurl will reuse connections
LogInit:  - MaxHostConnections = 16  - Libcurl will limit the number of connections to a host
LogInit:  - LocalHostAddr = Default
LogInit:  - BufferSize = 65536
LogOnline: OSS: Creating online subsystem instance for: NULL
LogInit: WinSock: version 1.1 (2.2), MaxSocks=32767, MaxUdp=65467
LogOnline: OSS: TryLoadSubsystemAndSetDefault: Loaded subsystem for module [NULL]
LogInit: Build: ++UE4+Release-4.25-CL-14469661
LogInit: Engine Version: 4.25.4-14469661+++UE4+Release-4.25
LogInit: Compatible Engine Version: 4.25.0-13144385+++UE4+Release-4.25
LogInit: Net CL: 13144385
LogInit: OS: Windows 10 (Release 1909) (), CPU: AMD Ryzen 5 2500U with Radeon Vega Mobile Gfx  , GPU: AMD Radeon(TM) Vega 8 Graphics
LogInit: Compiled (64-bit): Oct 11 2020 08:10:49
LogInit: Compiled with Visual C++: 19.24.28315.00
LogInit: Build Configuration: Development
LogInit: Branch Name: ++UE4+Release-4.25
LogInit: Command Line:  -EpicPortal -epicusername=rahuljoseph987 -epicuserid=5b39829935e3455380e3983441310982 -epiclocale=en
LogInit: Base Directory: E:/UE_4.25/Engine/Binaries/Win64/
LogInit: Allocator: TBB
LogInit: Installed Engine Build: 1
LogDevObjectVersion: Number of dev versions registered: 26
LogDevObjectVersion:   Dev-Blueprints (B0D832E4-1F89-4F0D-ACCF-7EB736FD4AA2): 10
LogDevObjectVersion:   Dev-Build (E1C64328-A22C-4D53-A36C-8E866417BD8C): 0
LogDevObjectVersion:   Dev-Core (375EC13C-06E4-48FB-B500-84F0262A717E): 4
LogDevObjectVersion:   Dev-Editor (E4B068ED-F494-42E9-A231-DA0B2E46BB41): 38
LogDevObjectVersion:   Dev-Framework (CFFC743F-43B0-4480-9391-14DF171D2073): 37
LogDevObjectVersion:   Dev-Mobile (B02B49B5-BB20-44E9-A304-32B752E40360): 2
LogDevObjectVersion:   Dev-Networking (A4E4105C-59A1-49B5-A7C5-40C4547EDFEE): 0
LogDevObjectVersion:   Dev-Online (39C831C9-5AE6-47DC-9A44-9C173E1C8E7C): 0
LogDevObjectVersion:   Dev-Physics (78F01B33-EBEA-4F98-B9B4-84EACCB95AA2): 4
LogDevObjectVersion:   Dev-Platform (6631380F-2D4D-43E0-8009-CF276956A95A): 0
LogDevObjectVersion:   Dev-Rendering (12F88B9F-8875-4AFC-A67C-D90C383ABD29): 43
LogDevObjectVersion:   Dev-Sequencer (7B5AE74C-D270-4C10-A958-57980B212A5A): 12
LogDevObjectVersion:   Dev-VR (D7296918-1DD6-4BDD-9DE2-64A83CC13884): 3
LogDevObjectVersion:   Dev-LoadTimes (C2A15278-BFE7-4AFE-6C17-90FF531DF755): 1
LogDevObjectVersion:   Private-Geometry (6EACA3D4-40EC-4CC1-B786-8BED09428FC5): 3
LogDevObjectVersion:   Dev-AnimPhys (29E575DD-E0A3-4627-9D10-D276232CDCEA): 17
LogDevObjectVersion:   Dev-Anim (AF43A65D-7FD3-4947-9873-3E8ED9C1BB05): 7
LogDevObjectVersion:   Dev-ReflectionCapture (6B266CEC-1EC7-4B8F-A30B-E4D90942FC07): 1
LogDevObjectVersion:   Dev-Automation (0DF73D61-A23F-47EA-B727-89E90C41499A): 1
LogDevObjectVersion:   FortniteMain (601D1886-AC64-4F84-AA16-D3DE0DEAC7D6): 31
LogDevObjectVersion:   Dev-Enterprise (9DFFBCD6-494F-0158-E221-12823C92A888): 10
LogDevObjectVersion:   Dev-Niagara (F2AED0AC-9AFE-416F-8664-AA7FFA26D6FC): 1
LogDevObjectVersion:   Dev-Destruction (174F1F0B-B4C6-45A5-B13F-2EE8D0FB917D): 10
LogDevObjectVersion:   Dev-Physics-Ext (35F94A83-E258-406C-A318-09F59610247C): 37
LogDevObjectVersion:   Dev-PhysicsMaterial-Chaos (B68FC16E-8B1B-42E2-B453-215C058844FE): 1
LogDevObjectVersion:   Dev-CineCamera (B2E18506-4273-CFC2-A54E-F4BB758BBA07): 1
LogInit: Presizing for max 25165824 objects, including 0 objects not considered by GC, pre-allocating 0 bytes for permanent pool.
LogConfig: Applying CVar settings from Section [/Script/Engine.StreamingSettings] File [E:/MultiLvlDialogueSys/MultiLvllDialogueSys/Saved/Config/Windows/Engine.ini]
LogConfig: Setting CVar [[s.MinBulkDataSizeForAsyncLoading:131072]]
LogConfig: Setting CVar [[s.AsyncLoadingThreadEnabled:0]]
LogConfig: Setting CVar [[s.EventDrivenLoaderEnabled:1]]
LogConfig: Setting CVar [[s.WarnIfTimeLimitExceeded:0]]
LogConfig: Setting CVar [[s.TimeLimitExceededMultiplier:1.5]]
LogConfig: Setting CVar [[s.TimeLimitExceededMinTime:0.005]]
LogConfig: Setting CVar [[s.UseBackgroundLevelStreaming:1]]
LogConfig: Setting CVar [[s.PriorityAsyncLoadingExtraTime:15.0]]
LogConfig: Setting CVar [[s.LevelStreamingActorsUpdateTimeLimit:5.0]]
LogConfig: Setting CVar [[s.PriorityLevelStreamingActorsUpdateExtraTime:5.0]]
LogConfig: Setting CVar [[s.LevelStreamingComponentsRegistrationGranularity:10]]
LogConfig: Setting CVar [[s.UnregisterComponentsTimeLimit:1.0]]
LogConfig: Setting CVar [[s.LevelStreamingComponentsUnregistrationGranularity:5]]
LogConfig: Setting CVar [[s.FlushStreamingOnExit:1]]
LogInit: Object subsystem initialized
LogConfig: Setting CVar [[con.DebugEarlyDefault:1]]
LogConfig: Setting CVar [[r.setres:1280x720]]
[2021.03.06-04.22.45:850][  0]LogConfig: Setting CVar [[r.VSync:0]]
[2021.03.06-04.22.45:850][  0]LogConfig: Setting CVar [[r.RHICmdBypass:0]]
[2021.03.06-04.22.45:850][  0]LogConfig: Applying CVar settings from Section [/Script/Engine.RendererSettings] File [E:/MultiLvlDialogueSys/MultiLvllDialogueSys/Saved/Config/Windows/Engine.ini]
[2021.03.06-04.22.45:850][  0]LogConfig: Setting CVar [[r.GPUCrashDebugging:0]]
[2021.03.06-04.22.45:850][  0]LogConfig: Applying CVar settings from Section [/Script/Engine.RendererOverrideSettings] File [E:/MultiLvlDialogueSys/MultiLvllDialogueSys/Saved/Config/Windows/Engine.ini]
[2021.03.06-04.22.45:850][  0]LogConfig: Applying CVar settings from Section [/Script/Engine.StreamingSettings] File [E:/MultiLvlDialogueSys/MultiLvllDialogueSys/Saved/Config/Windows/Engine.ini]
[2021.03.06-04.22.45:850][  0]LogConfig: Setting CVar [[s.MinBulkDataSizeForAsyncLoading:131072]]
[2021.03.06-04.22.45:850][  0]LogConfig: Setting CVar [[s.AsyncLoadingThreadEnabled:0]]
[2021.03.06-04.22.45:851][  0]LogConfig: Setting CVar [[s.EventDrivenLoaderEnabled:1]]
[2021.03.06-04.22.45:851][  0]LogConfig: Setting CVar [[s.WarnIfTimeLimitExceeded:0]]
[2021.03.06-04.22.45:851][  0]LogConfig: Setting CVar [[s.TimeLimitExceededMultiplier:1.5]]
[2021.03.06-04.22.45:851][  0]LogConfig: Setting CVar [[s.TimeLimitExceededMinTime:0.005]]
[2021.03.06-04.22.45:851][  0]LogConfig: Setting CVar [[s.UseBackgroundLevelStreaming:1]]
[2021.03.06-04.22.45:851][  0]LogConfig: Setting CVar [[s.PriorityAsyncLoadingExtraTime:15.0]]
[2021.03.06-04.22.45:851][  0]LogConfig: Setting CVar [[s.LevelStreamingActorsUpdateTimeLimit:5.0]]
[2021.03.06-04.22.45:851][  0]LogConfig: Setting CVar [[s.PriorityLevelStreamingActorsUpdateExtraTime:5.0]]
[2021.03.06-04.22.45:851][  0]LogConfig: Setting CVar [[s.LevelStreamingComponentsRegistrationGranularity:10]]
[2021.03.06-04.22.45:851][  0]LogConfig: Setting CVar [[s.UnregisterComponentsTimeLimit:1.0]]
[2021.03.06-04.22.45:851][  0]LogConfig: Setting CVar [[s.LevelStreamingComponentsUnregistrationGranularity:5]]
[2021.03.06-04.22.45:851][  0]LogConfig: Setting CVar [[s.FlushStreamingOnExit:1]]
[2021.03.06-04.22.45:851][  0]LogConfig: Applying CVar settings from Section [/Script/Engine.GarbageCollectionSettings] File [E:/MultiLvlDialogueSys/MultiLvllDialogueSys/Saved/Config/Windows/Engine.ini]
[2021.03.06-04.22.45:851][  0]LogConfig: Setting CVar [[gc.MaxObjectsNotConsideredByGC:1]]
[2021.03.06-04.22.45:851][  0]LogConfig: Setting CVar [[gc.SizeOfPermanentObjectPool:0]]
[2021.03.06-04.22.45:851][  0]LogConfig: Setting CVar [[gc.FlushStreamingOnGC:0]]
[2021.03.06-04.22.45:851][  0]LogConfig: Setting CVar [[gc.NumRetriesBeforeForcingGC:10]]
[2021.03.06-04.22.45:851][  0]LogConfig: Setting CVar [[gc.AllowParallelGC:1]]
[2021.03.06-04.22.45:851][  0]LogConfig: Setting CVar [[gc.TimeBetweenPurgingPendingKillObjects:61.1]]
[2021.03.06-04.22.45:851][  0]LogConfig: Setting CVar [[gc.MaxObjectsInEditor:25165824]]
[2021.03.06-04.22.45:851][  0]LogConfig: Setting CVar [[gc.IncrementalBeginDestroyEnabled:1]]
[2021.03.06-04.22.45:851][  0]LogConfig: Setting CVar [[gc.CreateGCClusters:1]]
[2021.03.06-04.22.45:851][  0]LogConfig: Setting CVar [[gc.MinGCClusterSize:5]]
[2021.03.06-04.22.45:851][  0]LogConfig: Setting CVar [[gc.ActorClusteringEnabled:0]]
[2021.03.06-04.22.45:851][  0]LogConfig: Setting CVar [[gc.BlueprintClusteringEnabled:0]]
[2021.03.06-04.22.45:851][  0]LogConfig: Setting CVar [[gc.UseDisregardForGCOnDedicatedServers:0]]
[2021.03.06-04.22.45:851][  0]LogConfig: Applying CVar settings from Section [/Script/Engine.NetworkSettings] File [E:/MultiLvlDialogueSys/MultiLvllDialogueSys/Saved/Config/Windows/Engine.ini]
[2021.03.06-04.22.45:851][  0]LogConfig: Applying CVar settings from Section [/Script/UnrealEd.CookerSettings] File [E:/MultiLvlDialogueSys/MultiLvllDialogueSys/Saved/Config/Windows/Engine.ini]
[2021.03.06-04.22.45:862][  0]LogConfig: Applying CVar settings from Section [ViewDistanceQuality@3] File [E:/MultiLvlDialogueSys/MultiLvllDialogueSys/Saved/Config/Windows/Scalability.ini]
[2021.03.06-04.22.45:862][  0]LogConfig: Setting CVar [[r.SkeletalMeshLODBias:0]]
[2021.03.06-04.22.45:862][  0]LogConfig: Setting CVar [[r.ViewDistanceScale:1.0]]
[2021.03.06-04.22.45:862][  0]LogConfig: Applying CVar settings from Section [AntiAliasingQuality@3] File [E:/MultiLvlDialogueSys/MultiLvllDialogueSys/Saved/Config/Windows/Scalability.ini]
[2021.03.06-04.22.45:862][  0]LogConfig: Setting CVar [[r.PostProcessAAQuality:4]]
[2021.03.06-04.22.45:862][  0]LogConfig: Applying CVar settings from Section [ShadowQuality@3] File [E:/MultiLvlDialogueSys/MultiLvllDialogueSys/Saved/Config/Windows/Scalability.ini]
[2021.03.06-04.22.45:862][  0]LogConfig: Setting CVar [[r.LightFunctionQuality:1]]
[2021.03.06-04.22.45:862][  0]LogConfig: Setting CVar [[r.ShadowQuality:5]]
[2021.03.06-04.22.45:862][  0]LogConfig: Setting CVar [[r.Shadow.CSM.MaxCascades:10]]
[2021.03.06-04.22.45:862][  0]LogConfig: Setting CVar [[r.Shadow.MaxResolution:2048]]
[2021.03.06-04.22.45:862][  0]LogConfig: Setting CVar [[r.Shadow.MaxCSMResolution:2048]]
[2021.03.06-04.22.45:862][  0]LogConfig: Setting CVar [[r.Shadow.RadiusThreshold:0.01]]
[2021.03.06-04.22.45:862][  0]LogConfig: Setting CVar [[r.Shadow.DistanceScale:1.0]]
[2021.03.06-04.22.45:862][  0]LogConfig: Setting CVar [[r.Shadow.CSM.TransitionScale:1.0]]
[2021.03.06-04.22.45:862][  0]LogConfig: Setting CVar [[r.Shadow.PreShadowResolutionFactor:1.0]]
[2021.03.06-04.22.45:862][  0]LogConfig: Setting CVar [[r.DistanceFieldShadowing:1]]
[2021.03.06-04.22.45:862][  0]LogConfig: Setting CVar [[r.DistanceFieldAO:1]]
[2021.03.06-04.22.45:862][  0]LogConfig: Setting CVar [[r.AOQuality:2]]
[2021.03.06-04.22.45:862][  0]LogConfig: Setting CVar [[r.VolumetricFog:1]]
[2021.03.06-04.22.45:862][  0]LogConfig: Setting CVar [[r.VolumetricFog.GridPixelSize:8]]
[2021.03.06-04.22.45:862][  0]LogConfig: Setting CVar [[r.VolumetricFog.GridSizeZ:128]]
[2021.03.06-04.22.45:862][  0]LogConfig: Setting CVar [[r.VolumetricFog.HistoryMissSupersampleCount:4]]
[2021.03.06-04.22.45:862][  0]LogConfig: Setting CVar [[r.LightMaxDrawDistanceScale:1]]
[2021.03.06-04.22.45:862][  0]LogConfig: Setting CVar [[r.CapsuleShadows:1]]
[2021.03.06-04.22.45:862][  0]LogConfig: Applying CVar settings from Section [PostProcessQuality@3] File [E:/MultiLvlDialogueSys/MultiLvllDialogueSys/Saved/Config/Windows/Scalability.ini]
[2021.03.06-04.22.45:862][  0]LogConfig: Setting CVar [[r.MotionBlurQuality:4]]
[2021.03.06-04.22.45:862][  0]LogConfig: Setting CVar [[r.AmbientOcclusionMipLevelFactor:0.4]]
[2021.03.06-04.22.45:862][  0]LogConfig: Setting CVar [[r.AmbientOcclusionMaxQuality:100]]
[2021.03.06-04.22.45:862][  0]LogConfig: Setting CVar [[r.AmbientOcclusionLevels:-1]]
[2021.03.06-04.22.45:862][  0]LogConfig: Setting CVar [[r.AmbientOcclusionRadiusScale:1.0]]
[2021.03.06-04.22.45:862][  0]LogConfig: Setting CVar [[r.DepthOfFieldQuality:2]]
[2021.03.06-04.22.45:862][  0]LogConfig: Setting CVar [[r.RenderTargetPoolMin:400]]
[2021.03.06-04.22.45:862][  0]LogConfig: Setting CVar [[r.LensFlareQuality:2]]
[2021.03.06-04.22.45:862][  0]LogConfig: Setting CVar [[r.SceneColorFringeQuality:1]]
[2021.03.06-04.22.45:862][  0]LogConfig: Setting CVar [[r.EyeAdaptationQuality:2]]
[2021.03.06-04.22.45:862][  0]LogConfig: Setting CVar [[r.BloomQuality:5]]
[2021.03.06-04.22.45:862][  0]LogConfig: Setting CVar [[r.FastBlurThreshold:100]]
[2021.03.06-04.22.45:862][  0]LogConfig: Setting CVar [[r.Upscale.Quality:3]]
[2021.03.06-04.22.45:862][  0]LogConfig: Setting CVar [[r.Tonemapper.GrainQuantization:1]]
[2021.03.06-04.22.45:862][  0]LogConfig: Setting CVar [[r.LightShaftQuality:1]]
[2021.03.06-04.22.45:863][  0]LogConfig: Setting CVar [[r.Filter.SizeScale:1]]
[2021.03.06-04.22.45:863][  0]LogConfig: Setting CVar [[r.Tonemapper.Quality:5]]
[2021.03.06-04.22.45:863][  0]LogConfig: Setting CVar [[r.DOF.Gather.AccumulatorQuality:1        ; higher gathering accumulator quality]]
[2021.03.06-04.22.45:863][  0]LogConfig: Setting CVar [[r.DOF.Gather.PostfilterMethod:1          ; Median3x3 postfilering method]]
[2021.03.06-04.22.45:863][  0]LogConfig: Setting CVar [[r.DOF.Gather.EnableBokehSettings:0       ; no bokeh simulation when gathering]]
[2021.03.06-04.22.45:863][  0]LogConfig: Setting CVar [[r.DOF.Gather.RingCount:4                 ; medium number of samples when gathering]]
[2021.03.06-04.22.45:863][  0]LogConfig: Setting CVar [[r.DOF.Scatter.ForegroundCompositing:1    ; additive foreground scattering]]
[2021.03.06-04.22.45:863][  0]LogConfig: Setting CVar [[r.DOF.Scatter.BackgroundCompositing:2    ; additive background scattering]]
[2021.03.06-04.22.45:863][  0]LogConfig: Setting CVar [[r.DOF.Scatter.EnableBokehSettings:1      ; bokeh simulation when scattering]]
[2021.03.06-04.22.45:863][  0]LogConfig: Setting CVar [[r.DOF.Scatter.MaxSpriteRatio:0.1         ; only a maximum of 10% of scattered bokeh]]
[2021.03.06-04.22.45:863][  0]LogConfig: Setting CVar [[r.DOF.Recombine.Quality:1                ; cheap slight out of focus]]
[2021.03.06-04.22.45:863][  0]LogConfig: Setting CVar [[r.DOF.Recombine.EnableBokehSettings:0    ; no bokeh simulation on slight out of focus]]
[2021.03.06-04.22.45:863][  0]LogConfig: Setting CVar [[r.DOF.TemporalAAQuality:1                ; more stable temporal accumulation]]
[2021.03.06-04.22.45:863][  0]LogConfig: Setting CVar [[r.DOF.Kernel.MaxForegroundRadius:0.025]]
[2021.03.06-04.22.45:863][  0]LogConfig: Setting CVar [[r.DOF.Kernel.MaxBackgroundRadius:0.025]]
[2021.03.06-04.22.45:863][  0]LogConfig: Applying CVar settings from Section [TextureQuality@3] File [E:/MultiLvlDialogueSys/MultiLvllDialogueSys/Saved/Config/Windows/Scalability.ini]
[2021.03.06-04.22.45:863][  0]LogConfig: Setting CVar [[r.Streaming.MipBias:0]]
[2021.03.06-04.22.45:863][  0]LogConfig: Setting CVar [[r.Streaming.AmortizeCPUToGPUCopy:0]]
[2021.03.06-04.22.45:863][  0]LogConfig: Setting CVar [[r.Streaming.MaxNumTexturesToStreamPerFrame:0]]
[2021.03.06-04.22.45:863][  0]LogConfig: Setting CVar [[r.Streaming.Boost:1]]
[2021.03.06-04.22.45:863][  0]LogConfig: Setting CVar [[r.MaxAnisotropy:8]]
[2021.03.06-04.22.45:863][  0]LogConfig: Setting CVar [[r.VT.MaxAnisotropy:8]]
[2021.03.06-04.22.45:863][  0]LogConfig: Setting CVar [[r.Streaming.LimitPoolSizeToVRAM:0]]
[2021.03.06-04.22.45:863][  0]LogConfig: Setting CVar [[r.Streaming.PoolSize:1000]]
[2021.03.06-04.22.45:863][  0]LogConfig: Setting CVar [[r.Streaming.MaxEffectiveScreenSize:0]]
[2021.03.06-04.22.45:863][  0]LogConfig: Applying CVar settings from Section [EffectsQuality@3] File [E:/MultiLvlDialogueSys/MultiLvllDialogueSys/Saved/Config/Windows/Scalability.ini]
[2021.03.06-04.22.45:863][  0]LogConfig: Setting CVar [[r.TranslucencyLightingVolumeDim:64]]
[2021.03.06-04.22.45:863][  0]LogConfig: Setting CVar [[r.RefractionQuality:2]]
[2021.03.06-04.22.45:863][  0]LogConfig: Setting CVar [[r.SSR.Quality:3]]
[2021.03.06-04.22.45:863][  0]LogConfig: Setting CVar [[r.SSR.HalfResSceneColor:0]]
[2021.03.06-04.22.45:863][  0]LogConfig: Setting CVar [[r.SceneColorFormat:4]]
[2021.03.06-04.22.45:863][  0]LogConfig: Setting CVar [[r.DetailMode:2]]
[2021.03.06-04.22.45:863][  0]LogConfig: Setting CVar [[r.TranslucencyVolumeBlur:1]]
[2021.03.06-04.22.45:863][  0]LogConfig: Setting CVar [[r.MaterialQualityLevel:1 ; High quality]]
[2021.03.06-04.22.45:863][  0]LogConfig: Setting CVar [[r.SSS.Scale:1]]
[2021.03.06-04.22.45:863][  0]LogConfig: Setting CVar [[r.SSS.SampleSet:2]]
[2021.03.06-04.22.45:863][  0]LogConfig: Setting CVar [[r.SSS.Quality:1]]
[2021.03.06-04.22.45:863][  0]LogConfig: Setting CVar [[r.SSS.HalfRes:0]]
[2021.03.06-04.22.45:863][  0]LogConfig: Setting CVar [[r.SSGI.Quality:3]]
[2021.03.06-04.22.45:863][  0]LogConfig: Setting CVar [[r.EmitterSpawnRateScale:1.0]]
[2021.03.06-04.22.45:863][  0]LogConfig: Setting CVar [[r.ParticleLightQuality:2]]
[2021.03.06-04.22.45:863][  0]LogConfig: Setting CVar [[r.SkyAtmosphere.AerialPerspectiveLUT.FastApplyOnOpaque:1 ; Always have FastSkyLUT 1 in this case to avoid wrong sky]]
[2021.03.06-04.22.45:863][  0]LogConfig: Setting CVar [[r.SkyAtmosphere.AerialPerspectiveLUT.SampleCountPerSlice:1]]
[2021.03.06-04.22.45:863][  0]LogConfig: Setting CVar [[r.SkyAtmosphere.AerialPerspectiveLUT.DepthResolution:16.0]]
[2021.03.06-04.22.45:863][  0]LogConfig: Setting CVar [[r.SkyAtmosphere.FastSkyLUT:1]]
[2021.03.06-04.22.45:863][  0]LogConfig: Setting CVar [[r.SkyAtmosphere.FastSkyLUT.SampleCountMin:4.0]]
[2021.03.06-04.22.45:863][  0]LogConfig: Setting CVar [[r.SkyAtmosphere.FastSkyLUT.SampleCountMax:32.0]]
[2021.03.06-04.22.45:863][  0]LogConfig: Setting CVar [[r.SkyAtmosphere.SampleCountMin:4.0]]
[2021.03.06-04.22.45:863][  0]LogConfig: Setting CVar [[r.SkyAtmosphere.SampleCountMax:32.0]]
[2021.03.06-04.22.45:863][  0]LogConfig: Setting CVar [[r.SkyAtmosphere.TransmittanceLUT.UseSmallFormat:0]]
[2021.03.06-04.22.45:863][  0]LogConfig: Setting CVar [[r.SkyAtmosphere.TransmittanceLUT.SampleCount:10.0]]
[2021.03.06-04.22.45:863][  0]LogConfig: Setting CVar [[r.SkyAtmosphere.MultiScatteringLUT.SampleCount:15.0]]
[2021.03.06-04.22.45:863][  0]LogConfig: Applying CVar settings from Section [FoliageQuality@3] File [E:/MultiLvlDialogueSys/MultiLvllDialogueSys/Saved/Config/Windows/Scalability.ini]
[2021.03.06-04.22.45:864][  0]LogConfig: Setting CVar [[foliage.DensityScale:1.0]]
[2021.03.06-04.22.45:864][  0]LogConfig: Setting CVar [[grass.DensityScale:1.0]]
[2021.03.06-04.22.45:864][  0]LogConfig: Applying CVar settings from Section [ShadingQuality@3] File [E:/MultiLvlDialogueSys/MultiLvllDialogueSys/Saved/Config/Windows/Scalability.ini]
[2021.03.06-04.22.45:864][  0]LogConfig: Setting CVar [[r.HairStrands.SkyLighting.SampleCount:16]]
[2021.03.06-04.22.45:864][  0]LogConfig: Setting CVar [[r.HairStrands.SkyLighting.JitterIntegration:0]]
[2021.03.06-04.22.45:864][  0]LogConfig: Setting CVar [[r.HairStrands.SkyAO.SampleCount:16]]
[2021.03.06-04.22.45:864][  0]LogConfig: Setting CVar [[r.HairStrands.DeepShadow.SuperSampling:0]]
[2021.03.06-04.22.45:864][  0]LogConfig: Setting CVar [[r.HairStrands.VisibilityPPLL:0]]
[2021.03.06-04.22.45:864][  0]LogConfig: Setting CVar [[r.HairStrands.RasterizationScale:0.5]]
[2021.03.06-04.22.45:864][  0]LogConfig: Setting CVar [[r.HairStrands.VelocityRasterizationScale:1]]
[2021.03.06-04.22.45:864][  0]LogInit: Selected Device Profile: [Windows]
[2021.03.06-04.22.45:864][  0]LogInit: Applying CVar settings loaded from the selected device profile: [Windows]
[2021.03.06-04.22.45:864][  0]LogHAL: Display: Platform has ~ 7 GB [7469842432 / 8589934592 / 7], which maps to Smaller [LargestMinGB=32, LargerMinGB=12, DefaultMinGB=8, SmallerMinGB=6, SmallestMinGB=0)
[2021.03.06-04.22.45:864][  0]LogInit: Going up to parent DeviceProfile []
[2021.03.06-04.22.45:864][  0]LogConfig: Applying CVar settings from Section [ViewDistanceQuality@3] File [E:/MultiLvlDialogueSys/MultiLvllDialogueSys/Saved/Config/Windows/Scalability.ini]
[2021.03.06-04.22.45:864][  0]LogConfig: Setting CVar [[r.SkeletalMeshLODBias:0]]
[2021.03.06-04.22.45:864][  0]LogConfig: Setting CVar [[r.ViewDistanceScale:1.0]]
[2021.03.06-04.22.45:864][  0]LogConfig: Applying CVar settings from Section [AntiAliasingQuality@3] File [E:/MultiLvlDialogueSys/MultiLvllDialogueSys/Saved/Config/Windows/Scalability.ini]
[2021.03.06-04.22.45:864][  0]LogConfig: Setting CVar [[r.PostProcessAAQuality:4]]
[2021.03.06-04.22.45:864][  0]LogConfig: Applying CVar settings from Section [ShadowQuality@3] File [E:/MultiLvlDialogueSys/MultiLvllDialogueSys/Saved/Config/Windows/Scalability.ini]
[2021.03.06-04.22.45:864][  0]LogConfig: Setting CVar [[r.LightFunctionQuality:1]]
[2021.03.06-04.22.45:864][  0]LogConfig: Setting CVar [[r.ShadowQuality:5]]
[2021.03.06-04.22.45:864][  0]LogConfig: Setting CVar [[r.Shadow.CSM.MaxCascades:10]]
[2021.03.06-04.22.45:864][  0]LogConfig: Setting CVar [[r.Shadow.MaxResolution:2048]]
[2021.03.06-04.22.45:864][  0]LogConfig: Setting CVar [[r.Shadow.MaxCSMResolution:2048]]
[2021.03.06-04.22.45:864][  0]LogConfig: Setting CVar [[r.Shadow.RadiusThreshold:0.01]]
[2021.03.06-04.22.45:864][  0]LogConfig: Setting CVar [[r.Shadow.DistanceScale:1.0]]
[2021.03.06-04.22.45:864][  0]LogConfig: Setting CVar [[r.Shadow.CSM.TransitionScale:1.0]]
[2021.03.06-04.22.45:864][  0]LogConfig: Setting CVar [[r.Shadow.PreShadowResolutionFactor:1.0]]
[2021.03.06-04.22.45:864][  0]LogConfig: Setting CVar [[r.DistanceFieldShadowing:1]]
[2021.03.06-04.22.45:864][  0]LogConfig: Setting CVar [[r.DistanceFieldAO:1]]
[2021.03.06-04.22.45:864][  0]LogConfig: Setting CVar [[r.AOQuality:2]]
[2021.03.06-04.22.45:864][  0]LogConfig: Setting CVar [[r.VolumetricFog:1]]
[2021.03.06-04.22.45:864][  0]LogConfig: Setting CVar [[r.VolumetricFog.GridPixelSize:8]]
[2021.03.06-04.22.45:864][  0]LogConfig: Setting CVar [[r.VolumetricFog.GridSizeZ:128]]
[2021.03.06-04.22.45:864][  0]LogConfig: Setting CVar [[r.VolumetricFog.HistoryMissSupersampleCount:4]]
[2021.03.06-04.22.45:864][  0]LogConfig: Setting CVar [[r.LightMaxDrawDistanceScale:1]]
[2021.03.06-04.22.45:864][  0]LogConfig: Setting CVar [[r.CapsuleShadows:1]]
[2021.03.06-04.22.45:864][  0]LogConfig: Applying CVar settings from Section [PostProcessQuality@3] File [E:/MultiLvlDialogueSys/MultiLvllDialogueSys/Saved/Config/Windows/Scalability.ini]
[2021.03.06-04.22.45:864][  0]LogConfig: Setting CVar [[r.MotionBlurQuality:4]]
[2021.03.06-04.22.45:864][  0]LogConfig: Setting CVar [[r.AmbientOcclusionMipLevelFactor:0.4]]
[2021.03.06-04.22.45:865][  0]LogConfig: Setting CVar [[r.AmbientOcclusionMaxQuality:100]]
[2021.03.06-04.22.45:865][  0]LogConfig: Setting CVar [[r.AmbientOcclusionLevels:-1]]
[2021.03.06-04.22.45:865][  0]LogConfig: Setting CVar [[r.AmbientOcclusionRadiusScale:1.0]]
[2021.03.06-04.22.45:865][  0]LogConfig: Setting CVar [[r.DepthOfFieldQuality:2]]
[2021.03.06-04.22.45:865][  0]LogConfig: Setting CVar [[r.RenderTargetPoolMin:400]]
[2021.03.06-04.22.45:865][  0]LogConfig: Setting CVar [[r.LensFlareQuality:2]]
[2021.03.06-04.22.45:865][  0]LogConfig: Setting CVar [[r.SceneColorFringeQuality:1]]
[2021.03.06-04.22.45:865][  0]LogConfig: Setting CVar [[r.EyeAdaptationQuality:2]]
[2021.03.06-04.22.45:865][  0]LogConfig: Setting CVar [[r.BloomQuality:5]]
[2021.03.06-04.22.45:865][  0]LogConfig: Setting CVar [[r.FastBlurThreshold:100]]
[2021.03.06-04.22.45:865][  0]LogConfig: Setting CVar [[r.Upscale.Quality:3]]
[2021.03.06-04.22.45:865][  0]LogConfig: Setting CVar [[r.Tonemapper.GrainQuantization:1]]
[2021.03.06-04.22.45:865][  0]LogConfig: Setting CVar [[r.LightShaftQuality:1]]
[2021.03.06-04.22.45:865][  0]LogConfig: Setting CVar [[r.Filter.SizeScale:1]]
[2021.03.06-04.22.45:865][  0]LogConfig: Setting CVar [[r.Tonemapper.Quality:5]]
[2021.03.06-04.22.45:865][  0]LogConfig: Setting CVar [[r.DOF.Gather.AccumulatorQuality:1        ; higher gathering accumulator quality]]
[2021.03.06-04.22.45:865][  0]LogConfig: Setting CVar [[r.DOF.Gather.PostfilterMethod:1          ; Median3x3 postfilering method]]
[2021.03.06-04.22.45:865][  0]LogConfig: Setting CVar [[r.DOF.Gather.EnableBokehSettings:0       ; no bokeh simulation when gathering]]
[2021.03.06-04.22.45:865][  0]LogConfig: Setting CVar [[r.DOF.Gather.RingCount:4                 ; medium number of samples when gathering]]
[2021.03.06-04.22.45:865][  0]LogConfig: Setting CVar [[r.DOF.Scatter.ForegroundCompositing:1    ; additive foreground scattering]]
[2021.03.06-04.22.45:865][  0]LogConfig: Setting CVar [[r.DOF.Scatter.BackgroundCompositing:2    ; additive background scattering]]
[2021.03.06-04.22.45:865][  0]LogConfig: Setting CVar [[r.DOF.Scatter.EnableBokehSettings:1      ; bokeh simulation when scattering]]
[2021.03.06-04.22.45:865][  0]LogConfig: Setting CVar [[r.DOF.Scatter.MaxSpriteRatio:0.1         ; only a maximum of 10% of scattered bokeh]]
[2021.03.06-04.22.45:865][  0]LogConfig: Setting CVar [[r.DOF.Recombine.Quality:1                ; cheap slight out of focus]]
[2021.03.06-04.22.45:865][  0]LogConfig: Setting CVar [[r.DOF.Recombine.EnableBokehSettings:0    ; no bokeh simulation on slight out of focus]]
[2021.03.06-04.22.45:865][  0]LogConfig: Setting CVar [[r.DOF.TemporalAAQuality:1                ; more stable temporal accumulation]]
[2021.03.06-04.22.45:865][  0]LogConfig: Setting CVar [[r.DOF.Kernel.MaxForegroundRadius:0.025]]
[2021.03.06-04.22.45:865][  0]LogConfig: Setting CVar [[r.DOF.Kernel.MaxBackgroundRadius:0.025]]
[2021.03.06-04.22.45:865][  0]LogConfig: Applying CVar settings from Section [TextureQuality@3] File [E:/MultiLvlDialogueSys/MultiLvllDialogueSys/Saved/Config/Windows/Scalability.ini]
[2021.03.06-04.22.45:865][  0]LogConfig: Setting CVar [[r.Streaming.MipBias:0]]
[2021.03.06-04.22.45:865][  0]LogConfig: Setting CVar [[r.Streaming.AmortizeCPUToGPUCopy:0]]
[2021.03.06-04.22.45:865][  0]LogConfig: Setting CVar [[r.Streaming.MaxNumTexturesToStreamPerFrame:0]]
[2021.03.06-04.22.45:865][  0]LogConfig: Setting CVar [[r.Streaming.Boost:1]]
[2021.03.06-04.22.45:865][  0]LogConfig: Setting CVar [[r.MaxAnisotropy:8]]
[2021.03.06-04.22.45:865][  0]LogConfig: Setting CVar [[r.VT.MaxAnisotropy:8]]
[2021.03.06-04.22.45:865][  0]LogConfig: Setting CVar [[r.Streaming.LimitPoolSizeToVRAM:0]]
[2021.03.06-04.22.45:865][  0]LogConfig: Setting CVar [[r.Streaming.PoolSize:1000]]
[2021.03.06-04.22.45:865][  0]LogConfig: Setting CVar [[r.Streaming.MaxEffectiveScreenSize:0]]
[2021.03.06-04.22.45:865][  0]LogConfig: Applying CVar settings from Section [EffectsQuality@3] File [E:/MultiLvlDialogueSys/MultiLvllDialogueSys/Saved/Config/Windows/Scalability.ini]
[2021.03.06-04.22.45:865][  0]LogConfig: Setting CVar [[r.TranslucencyLightingVolumeDim:64]]
[2021.03.06-04.22.45:865][  0]LogConfig: Setting CVar [[r.RefractionQuality:2]]
[2021.03.06-04.22.45:865][  0]LogConfig: Setting CVar [[r.SSR.Quality:3]]
[2021.03.06-04.22.45:865][  0]LogConfig: Setting CVar [[r.SSR.HalfResSceneColor:0]]
[2021.03.06-04.22.45:865][  0]LogConfig: Setting CVar [[r.SceneColorFormat:4]]
[2021.03.06-04.22.45:865][  0]LogConfig: Setting CVar [[r.DetailMode:2]]
[2021.03.06-04.22.45:865][  0]LogConfig: Setting CVar [[r.TranslucencyVolumeBlur:1]]
[2021.03.06-04.22.45:865][  0]LogConfig: Setting CVar [[r.MaterialQualityLevel:1 ; High quality]]
[2021.03.06-04.22.45:865][  0]LogConfig: Setting CVar [[r.SSS.Scale:1]]
[2021.03.06-04.22.45:865][  0]LogConfig: Setting CVar [[r.SSS.SampleSet:2]]
[2021.03.06-04.22.45:865][  0]LogConfig: Setting CVar [[r.SSS.Quality:1]]
[2021.03.06-04.22.45:865][  0]LogConfig: Setting CVar [[r.SSS.HalfRes:0]]
[2021.03.06-04.22.45:865][  0]LogConfig: Setting CVar [[r.SSGI.Quality:3]]
[2021.03.06-04.22.45:865][  0]LogConfig: Setting CVar [[r.EmitterSpawnRateScale:1.0]]
[2021.03.06-04.22.45:865][  0]LogConfig: Setting CVar [[r.ParticleLightQuality:2]]
[2021.03.06-04.22.45:865][  0]LogConfig: Setting CVar [[r.SkyAtmosphere.AerialPerspectiveLUT.FastApplyOnOpaque:1 ; Always have FastSkyLUT 1 in this case to avoid wrong sky]]
[2021.03.06-04.22.45:866][  0]LogConfig: Setting CVar [[r.SkyAtmosphere.AerialPerspectiveLUT.SampleCountPerSlice:1]]
[2021.03.06-04.22.45:866][  0]LogConfig: Setting CVar [[r.SkyAtmosphere.AerialPerspectiveLUT.DepthResolution:16.0]]
[2021.03.06-04.22.45:866][  0]LogConfig: Setting CVar [[r.SkyAtmosphere.FastSkyLUT:1]]
[2021.03.06-04.22.45:866][  0]LogConfig: Setting CVar [[r.SkyAtmosphere.FastSkyLUT.SampleCountMin:4.0]]
[2021.03.06-04.22.45:866][  0]LogConfig: Setting CVar [[r.SkyAtmosphere.FastSkyLUT.SampleCountMax:32.0]]
[2021.03.06-04.22.45:866][  0]LogConfig: Setting CVar [[r.SkyAtmosphere.SampleCountMin:4.0]]
[2021.03.06-04.22.45:866][  0]LogConfig: Setting CVar [[r.SkyAtmosphere.SampleCountMax:32.0]]
[2021.03.06-04.22.45:866][  0]LogConfig: Setting CVar [[r.SkyAtmosphere.TransmittanceLUT.UseSmallFormat:0]]
[2021.03.06-04.22.45:866][  0]LogConfig: Setting CVar [[r.SkyAtmosphere.TransmittanceLUT.SampleCount:10.0]]
[2021.03.06-04.22.45:866][  0]LogConfig: Setting CVar [[r.SkyAtmosphere.MultiScatteringLUT.SampleCount:15.0]]
[2021.03.06-04.22.45:866][  0]LogConfig: Applying CVar settings from Section [FoliageQuality@3] File [E:/MultiLvlDialogueSys/MultiLvllDialogueSys/Saved/Config/Windows/Scalability.ini]
[2021.03.06-04.22.45:866][  0]LogConfig: Setting CVar [[foliage.DensityScale:1.0]]
[2021.03.06-04.22.45:866][  0]LogConfig: Setting CVar [[grass.DensityScale:1.0]]
[2021.03.06-04.22.45:866][  0]LogConfig: Applying CVar settings from Section [ShadingQuality@3] File [E:/MultiLvlDialogueSys/MultiLvllDialogueSys/Saved/Config/Windows/Scalability.ini]
[2021.03.06-04.22.45:866][  0]LogConfig: Setting CVar [[r.HairStrands.SkyLighting.SampleCount:16]]
[2021.03.06-04.22.45:866][  0]LogConfig: Setting CVar [[r.HairStrands.SkyLighting.JitterIntegration:0]]
[2021.03.06-04.22.45:866][  0]LogConfig: Setting CVar [[r.HairStrands.SkyAO.SampleCount:16]]
[2021.03.06-04.22.45:866][  0]LogConfig: Setting CVar [[r.HairStrands.DeepShadow.SuperSampling:0]]
[2021.03.06-04.22.45:866][  0]LogConfig: Setting CVar [[r.HairStrands.VisibilityPPLL:0]]
[2021.03.06-04.22.45:866][  0]LogConfig: Setting CVar [[r.HairStrands.RasterizationScale:0.5]]
[2021.03.06-04.22.45:866][  0]LogConfig: Setting CVar [[r.HairStrands.VelocityRasterizationScale:1]]
[2021.03.06-04.22.45:866][  0]LogConfig: Applying CVar settings from Section [Startup] File [../../../Engine/Config/ConsoleVariables.ini]
[2021.03.06-04.22.45:881][  0]LogConfig: Setting CVar [[net.UseAdaptiveNetUpdateFrequency:0]]
[2021.03.06-04.22.45:881][  0]LogConfig: Setting CVar [[p.chaos.AllowCreatePhysxBodies:1]]
[2021.03.06-04.22.45:881][  0]LogConfig: Setting CVar [[fx.SkipVectorVMBackendOptimizations:1]]
[2021.03.06-04.22.45:881][  0]LogConfig: Applying CVar settings from Section [ConsoleVariables] File [E:/MultiLvlDialogueSys/MultiLvllDialogueSys/Saved/Config/Windows/Engine.ini]
[2021.03.06-04.22.45:882][  0]LogInit: Computer: DESKTOP-C60EHHE
[2021.03.06-04.22.45:882][  0]LogInit: User: rahul
[2021.03.06-04.22.45:882][  0]LogInit: CPU Page size=4096, Cores=4
[2021.03.06-04.22.45:882][  0]LogInit: High frequency timer resolution =10.000000 MHz
[2021.03.06-04.22.45:882][  0]LogMemory: Memory total: Physical=7.0GB (7GB approx)
[2021.03.06-04.22.45:882][  0]LogMemory: Platform Memory Stats for Windows
[2021.03.06-04.22.45:882][  0]LogMemory: Process Physical Memory: 114.04 MB used, 114.04 MB peak
[2021.03.06-04.22.45:882][  0]LogMemory: Process Virtual Memory: 96.03 MB used, 96.03 MB peak
[2021.03.06-04.22.45:882][  0]LogMemory: Physical Memory: 6007.39 MB used,  1116.41 MB free, 7123.80 MB total
[2021.03.06-04.22.45:882][  0]LogMemory: Virtual Memory: 5143.11 MB used,  134212584.00 MB free, 134217728.00 MB total
[2021.03.06-04.22.45:895][  0]LogWindows: WindowsPlatformFeatures enabled
[2021.03.06-04.22.46:314][  0]LogInit: Physics initialised using underlying interface: PhysX
[2021.03.06-04.22.46:329][  0]LogInit: Using OS detected language (en-US).
[2021.03.06-04.22.46:329][  0]LogInit: Using OS detected locale (en-US).
[2021.03.06-04.22.46:332][  0]LogTextLocalizationManager: No specific localization for 'en-US' exists, so the 'en' localization will be used.
[2021.03.06-04.22.47:092][  0]LogInit: Setting process to per monitor DPI aware
[2021.03.06-04.22.47:340][  0]LogSlate: New Slate User Created.  User Index 0, Is Virtual User: 0
[2021.03.06-04.22.47:340][  0]LogSlate: Slate User Registered.  User Index 0, Is Virtual User: 0
[2021.03.06-04.22.48:100][  0]LogHMD: Failed to initialize OpenVR with code 110
[2021.03.06-04.22.48:100][  0]LogD3D11RHI: D3D11 min allowed feature level: 11_0
[2021.03.06-04.22.48:100][  0]LogD3D11RHI: D3D11 max allowed feature level: 11_0
[2021.03.06-04.22.48:100][  0]LogD3D11RHI: D3D11 adapters:
[2021.03.06-04.22.48:144][  0]LogD3D11RHI:    0. 'AMD Radeon(TM) Vega 8 Graphics' (Feature Level 11_0)
[2021.03.06-04.22.48:145][  0]LogD3D11RHI:       1008/0/3561 MB DedicatedVideo/DedicatedSystem/SharedSystem, Outputs:1, VendorId:0x1002
[2021.03.06-04.22.48:149][  0]LogD3D11RHI:    1. 'Microsoft Basic Render Driver' (Feature Level 11_0)
[2021.03.06-04.22.48:149][  0]LogD3D11RHI:       0/0/3561 MB DedicatedVideo/DedicatedSystem/SharedSystem, Outputs:0, VendorId:0x1414
[2021.03.06-04.22.48:149][  0]LogD3D11RHI: Chosen D3D11 Adapter: 0
[2021.03.06-04.22.48:163][  0]LogD3D11RHI: Creating new Direct3DDevice
[2021.03.06-04.22.48:163][  0]LogD3D11RHI:     GPU DeviceId: 0x15dd (for the marketing name, search the web for "GPU Device Id")
[2021.03.06-04.22.48:163][  0]LogWindows: EnumDisplayDevices:
[2021.03.06-04.22.48:164][  0]LogWindows:    0. 'AMD Radeon(TM) Vega 8 Graphics' (P:1 D:1)
[2021.03.06-04.22.48:164][  0]LogWindows:    1. 'AMD Radeon(TM) Vega 8 Graphics' (P:0 D:0)
[2021.03.06-04.22.48:165][  0]LogWindows:    2. 'AMD Radeon(TM) Vega 8 Graphics' (P:0 D:0)
[2021.03.06-04.22.48:166][  0]LogWindows:    3. 'AMD Radeon(TM) Vega 8 Graphics' (P:0 D:0)
[2021.03.06-04.22.48:166][  0]LogWindows:    4. 'AMD Radeon(TM) Vega 8 Graphics' (P:0 D:0)
[2021.03.06-04.22.48:167][  0]LogWindows:    5. 'AMD Radeon(TM) Vega 8 Graphics' (P:0 D:0)
[2021.03.06-04.22.48:167][  0]LogWindows: DebugString: FoundDriverCount:6 
[2021.03.06-04.22.48:167][  0]LogD3D11RHI:     Adapter Name: AMD Radeon(TM) Vega 8 Graphics
[2021.03.06-04.22.48:167][  0]LogD3D11RHI:   Driver Version: Adrenalin 19.10.08.06 (internal:26.20.11008.6001, unified:26.20.11008.6001)
[2021.03.06-04.22.48:167][  0]LogD3D11RHI:      Driver Date: 11-4-2019
[2021.03.06-04.22.48:167][  0]LogRHI: Texture pool is 2879 MB (70% of 4113 MB)
[2021.03.06-04.22.48:213][  0]LogD3D11RHI: RHI does not have support for 64 bit atomics
[2021.03.06-04.22.48:213][  0]LogD3D11RHI: Async texture creation enabled
[2021.03.06-04.22.48:213][  0]LogD3D11RHI: Array index from any shader is supported
[2021.03.06-04.22.48:213][  0]LogD3D11RHI: HDR output is supported on display 0 (AMD Device: 0x0, Display: 0x0).
[2021.03.06-04.22.48:231][  0]LogD3D11RHI: GPU Timing Frequency: 25.000000 (Debug: 2 1)
[2021.03.06-04.22.48:935][  0]LogTargetPlatformManager: Display: Loaded TargetPlatform 'AllDesktop'
[2021.03.06-04.22.48:989][  0]LogTargetPlatformManager: Display: Loaded TargetPlatform 'Android'
[2021.03.06-04.22.48:989][  0]LogTargetPlatformManager: Display: Loaded TargetPlatform 'Android_ASTC'
[2021.03.06-04.22.48:989][  0]LogTargetPlatformManager: Display: Loaded TargetPlatform 'Android_DXT'
[2021.03.06-04.22.48:989][  0]LogTargetPlatformManager: Display: Loaded TargetPlatform 'Android_ETC2'
[2021.03.06-04.22.48:989][  0]LogTargetPlatformManager: Display: Loaded TargetPlatform 'AndroidClient'
[2021.03.06-04.22.48:989][  0]LogTargetPlatformManager: Display: Loaded TargetPlatform 'Android_ASTCClient'
[2021.03.06-04.22.48:989][  0]LogTargetPlatformManager: Display: Loaded TargetPlatform 'Android_DXTClient'
[2021.03.06-04.22.48:989][  0]LogTargetPlatformManager: Display: Loaded TargetPlatform 'Android_ETC2Client'
[2021.03.06-04.22.48:989][  0]LogTargetPlatformManager: Display: Loaded TargetPlatform 'Android_Multi'
[2021.03.06-04.22.48:989][  0]LogTargetPlatformManager: Display: Loaded TargetPlatform 'Android_MultiClient'
[2021.03.06-04.22.49:157][  0]LogTargetPlatformManager: Display: Loaded TargetPlatform 'IOSClient'
[2021.03.06-04.22.49:157][  0]LogTargetPlatformManager: Display: Loaded TargetPlatform 'IOS'
[2021.03.06-04.22.49:204][  0]LogTargetPlatformManager: Display: Loaded TargetPlatform 'Linux'
[2021.03.06-04.22.49:243][  0]LogTargetPlatformManager: Display: Loaded TargetPlatform 'LinuxNoEditor'
[2021.03.06-04.22.49:262][  0]LogTargetPlatformManager: Display: Loaded TargetPlatform 'LinuxClient'
[2021.03.06-04.22.49:281][  0]LogTargetPlatformManager: Display: Loaded TargetPlatform 'LinuxServer'
[2021.03.06-04.22.49:357][  0]LogTargetPlatformManager: Display: Loaded TargetPlatform 'LinuxAArch64NoEditor'
[2021.03.06-04.22.49:378][  0]LogTargetPlatformManager: Display: Loaded TargetPlatform 'LinuxAArch64Client'
[2021.03.06-04.22.49:396][  0]LogTargetPlatformManager: Display: Loaded TargetPlatform 'LinuxAArch64Server'
[2021.03.06-04.22.49:448][  0]LogTargetPlatformManager: Display: Loaded TargetPlatform 'Lumin'
[2021.03.06-04.22.49:448][  0]LogTargetPlatformManager: Display: Loaded TargetPlatform 'LuminClient'
[2021.03.06-04.22.49:481][  0]LogTargetPlatformManager: Display: Loaded TargetPlatform 'TVOSClient'
[2021.03.06-04.22.49:481][  0]LogTargetPlatformManager: Display: Loaded TargetPlatform 'TVOS'
[2021.03.06-04.22.49:507][  0]LogTargetPlatformManager: Display: Loaded TargetPlatform 'WindowsNoEditor'
[2021.03.06-04.22.49:530][  0]LogTargetPlatformManager: Display: Loaded TargetPlatform 'Windows'
[2021.03.06-04.22.49:635][  0]LogTargetPlatformManager: Display: Loaded TargetPlatform 'WindowsClient'
[2021.03.06-04.22.49:662][  0]LogTargetPlatformManager: Display: Loaded TargetPlatform 'WindowsServer'
[2021.03.06-04.22.49:662][  0]LogTargetPlatformManager: Display: Building Assets For Windows
[2021.03.06-04.22.49:770][  0]LogAudioDebug: Display: Lib vorbis DLL was dynamically loaded.
[2021.03.06-04.22.50:321][  0]LogShaderCompilers: Guid format shader working directory is -7 characters bigger than the processId version (../../../../MultiLvlDialogueSys/MultiLvllDialogueSys/Intermediate/Shaders/WorkingDirectory/10712/).
[2021.03.06-04.22.50:322][  0]LogShaderCompilers: Cleaned the shader compiler working directory 'C:/Users/rahul/AppData/Local/Temp/UnrealShaderWorkingDir/9BEEA2154FEE5EB54F5664BBCC169CD9/'.
[2021.03.06-04.22.50:331][  0]LogXGEController: Cannot use XGE Controller as Incredibuild is not installed on this machine.
[2021.03.06-04.22.50:331][  0]LogShaderCompilers: Cannot use XGE Shader Compiler as Incredibuild is not installed on this machine.
[2021.03.06-04.22.50:331][  0]LogShaderCompilers: Display: Using Local Shader Compiler.
[2021.03.06-04.22.54:185][  0]LogDerivedDataCache: Display: Max Cache Size: 512 MB
[2021.03.06-04.22.54:515][  0]LogDerivedDataCache: Loaded boot cache 0.33s 76MB C:/Users/rahul/AppData/Local/UnrealEngine/4.25/DerivedDataCache/Boot.ddc.
[2021.03.06-04.22.54:515][  0]LogDerivedDataCache: Display: Loaded Boot cache: C:/Users/rahul/AppData/Local/UnrealEngine/4.25/DerivedDataCache/Boot.ddc
[2021.03.06-04.22.54:537][  0]LogDerivedDataCache: FDerivedDataBackendGraph:  Pak pak cache file ../../../../MultiLvlDialogueSys/MultiLvllDialogueSys/DerivedDataCache/DDC.ddp not found, will not use a pak cache.
[2021.03.06-04.22.54:537][  0]LogDerivedDataCache: Unable to find inner node Pak for hierarchical cache Hierarchy.
[2021.03.06-04.22.54:537][  0]LogDerivedDataCache: FDerivedDataBackendGraph:  CompressedPak pak cache file ../../../../MultiLvlDialogueSys/MultiLvllDialogueSys/DerivedDataCache/Compressed.ddp not found, will not use a pak cache.
[2021.03.06-04.22.54:537][  0]LogDerivedDataCache: Unable to find inner node CompressedPak for hierarchical cache Hierarchy.
[2021.03.06-04.22.54:553][  0]LogDerivedDataCache: Display: Pak cache opened for reading ../../../Engine/DerivedDataCache/Compressed.ddp.
[2021.03.06-04.22.54:553][  0]LogDerivedDataCache: FDerivedDataBackendGraph:  EnterprisePak pak cache file ../../../Enterprise/DerivedDataCache/Compressed.ddp not found, will not use a pak cache.
[2021.03.06-04.22.54:553][  0]LogDerivedDataCache: Unable to find inner node EnterprisePak for hierarchical cache Hierarchy.
[2021.03.06-04.22.54:555][  0]LogDerivedDataCache: Using Local data cache path C:/Users/rahul/AppData/Local/UnrealEngine/Common/DerivedDataCache: Writable
[2021.03.06-04.22.54:556][  0]LogDerivedDataCache: Shared data cache path not found in *engine.ini, will not use an Shared cache.
[2021.03.06-04.22.54:556][  0]LogDerivedDataCache: Unable to find inner node Shared for hierarchical cache Hierarchy.
[2021.03.06-04.22.54:635][  0]LogSlate: Using FreeType 2.10.0
[2021.03.06-04.22.54:676][  0]LogSlate: SlateFontServices - WITH_FREETYPE: 1, WITH_HARFBUZZ: 1
[2021.03.06-04.22.54:761][  0]LogAssetRegistry: FAssetRegistry took 0.0063 seconds to start up
[2021.03.06-04.22.55:179][  0]LogInit: Selected Device Profile: [Windows]
[2021.03.06-04.22.56:009][  0]LogMeshReduction: Using QuadricMeshReduction for automatic static mesh reduction
[2021.03.06-04.22.56:009][  0]LogMeshReduction: Using SimplygonMeshReduction for automatic skeletal mesh reduction
[2021.03.06-04.22.56:009][  0]LogMeshReduction: Using ProxyLODMeshReduction for automatic mesh merging
[2021.03.06-04.22.56:009][  0]LogMeshReduction: No distributed automatic mesh merging module available
[2021.03.06-04.22.56:009][  0]LogMeshMerging: No distributed automatic mesh merging module available
[2021.03.06-04.22.56:052][  0]LogNetVersion: MultiLvllDialogueSys 1.0.0, NetCL: 13144385, EngineNetVer: 14, GameNetVer: 0 (Checksum: 2163113088)
[2021.03.06-04.22.56:988][  0]LogAISub: UAISubsystem::UAISubsystem AISubsystem (000001DD88177700), frame # 0
[2021.03.06-04.22.56:988][  0]LogAISub: UAISubsystem::UAISubsystem AIPerceptionSystem (000001DD881B0180), frame # 0
[2021.03.06-04.22.56:990][  0]LogAISub: UAISubsystem::UAISubsystem EnvQueryManager (000001DD881C5E00), frame # 0
[2021.03.06-04.22.57:373][  0]LogPackageLocalizationCache: Processed 19 localized package path(s) for 1 prioritized culture(s) in 0.374224 seconds
[2021.03.06-04.22.57:380][  0]LogUObjectArray: 15917 objects as part of root set at end of initial load.
[2021.03.06-04.22.57:380][  0]LogUObjectAllocator: 3965568 out of 0 bytes used by permanent object pool.
[2021.03.06-04.22.57:380][  0]LogUObjectArray: CloseDisregardForGC: 0/0 objects in disregard for GC pool
[2021.03.06-04.23.01:313][  0]LogTcpMessaging: Initializing TcpMessaging bridge
[2021.03.06-04.23.01:337][  0]LogUdpMessaging: Initializing bridge on interface 0.0.0.0:0 to multicast group 230.0.0.1:6666.
[2021.03.06-04.23.01:866][  0]SourceControl: Source control is disabled
[2021.03.06-04.23.01:866][  0]SourceControl: Source control is disabled
[2021.03.06-04.23.01:914][  0]SourceControl: Source control is disabled
[2021.03.06-04.23.01:940][  0]SourceControl: Source control is disabled
[2021.03.06-04.23.01:972][  0]SourceControl: Source control is disabled
[2021.03.06-04.23.02:190][  0]LogVSAccessor: Display: Unable to create Visual Studio setup instance: 80040154
[2021.03.06-04.23.02:191][  0]LogVSAccessor: Display: Unable to create Visual Studio setup instance: 80040154
[2021.03.06-04.23.03:852][  0]LogAndroidPermission: UAndroidPermissionCallbackProxy::GetInstance
[2021.03.06-04.23.04:023][  0]LogAudioCaptureCore: Display: No Audio Capture implementations found. Audio input will be silent.
[2021.03.06-04.23.04:023][  0]LogAudioCaptureCore: Display: No Audio Capture implementations found. Audio input will be silent.
[2021.03.06-04.23.04:299][  0]LogOcInput: OculusInput pre-init called
[2021.03.06-04.23.04:371][  0]LogWindows: Failed to load 'OVRPlugin.dll' (GetLastError=126)
[2021.03.06-04.23.04:371][  0]LogWindows: File 'OVRPlugin.dll' does not exist
[2021.03.06-04.23.04:663][  0]LogEngine: Initializing Engine...
[2021.03.06-04.23.04:713][  0]LogHMD: Failed to initialize OpenVR with code 110
[2021.03.06-04.23.04:713][  0]LogMagicLeap: Warning: VR disabled because ZI is not enabled.  To enable, in the editor, Edit -> Project Settings -> Plugins -> Magic Leap Plugin -> Enable Zero Iteration
[2021.03.06-04.23.04:715][  0]LogStats: UGameplayTagsManager::InitializeManager -  0.001 s
[2021.03.06-04.23.04:916][  0]LogInit: Initializing FReadOnlyCVARCache
[2021.03.06-04.23.04:975][  0]LogAIModule: Creating AISystem for world Untitled
[2021.03.06-04.23.04:975][  0]LogAISub: UAISubsystem::UAISubsystem EnvQueryManager (000001DD8CF83C00), frame # 0
[2021.03.06-04.23.04:975][  0]LogAISub: UAISubsystem::UAISubsystem AIPerceptionSystem (000001DD8CFE51C0), frame # 0
[2021.03.06-04.23.04:997][  0]LogAudioMixer: Display: Audio Mixer Platform Settings:
[2021.03.06-04.23.04:997][  0]LogAudioMixer: Display: 	Sample Rate:						  48000
[2021.03.06-04.23.04:997][  0]LogAudioMixer: Display: 	Callback Buffer Frame Size Requested: 1024
[2021.03.06-04.23.04:997][  0]LogAudioMixer: Display: 	Callback Buffer Frame Size To Use:	  1024
[2021.03.06-04.23.04:997][  0]LogAudioMixer: Display: 	Number of buffers to queue:			  2
[2021.03.06-04.23.04:997][  0]LogAudioMixer: Display: 	Max Channels (voices):				  32
[2021.03.06-04.23.04:997][  0]LogAudioMixer: Display: 	Number of Async Source Workers:		  0
[2021.03.06-04.23.04:997][  0]LogAudio: Display: AudioDevice MaxSources: 32
[2021.03.06-04.23.04:997][  0]LogAudio: Display: Using built-in audio occlusion.
[2021.03.06-04.23.04:998][  0]LogAudioMixer: Display: Initializing audio mixer.
[2021.03.06-04.23.05:113][  0]LogAudioMixer: Display: 0: FrontLeft
[2021.03.06-04.23.05:113][  0]LogAudioMixer: Display: 1: FrontRight
[2021.03.06-04.23.05:184][  0]LogAudioMixer: Display: Using Audio Device Speaker/Headphone (Realtek High Definition Audio)
[2021.03.06-04.23.05:188][  0]LogAudioMixer: Display: Initializing Sound Submixes...
[2021.03.06-04.23.05:192][  0]LogAudioMixer: Display: Creating Master Submix 'MasterSubmixDefault'
[2021.03.06-04.23.05:192][  0]LogAudioMixer: Display: Creating Master Submix 'MasterReverbSubmixDefault'
[2021.03.06-04.23.05:193][  0]LogAudioMixer: Display: Creating Master Submix 'MasterEQSubmixDefault'
[2021.03.06-04.23.05:195][  0]LogInit: FAudioDevice initialized.
[2021.03.06-04.23.05:195][  0]LogNetVersion: Set ProjectVersion to 1.0.0.0. Version Checksum will be recalculated on next use.
[2021.03.06-04.23.05:445][  0]LogDerivedDataCache: Saved boot cache 0.25s 76MB C:/Users/rahul/AppData/Local/UnrealEngine/4.25/DerivedDataCache/Boot.ddc.
[2021.03.06-04.23.05:455][  0]LogInit: Texture streaming: Enabled
[2021.03.06-04.23.05:564][  0]LogEngineSessionManager: EngineSessionManager initialized
[2021.03.06-04.23.05:564][  0]LogEditorSessionSummary: Verbose: Initializing EditorSessionSummaryWriter for editor session tracking
[2021.03.06-04.23.05:570][  0]LogEditorSessionSummary: EditorSessionSummaryWriter initialized
[2021.03.06-04.23.05:814][  0]LogInit: Transaction tracking system initialized
[2021.03.06-04.23.06:092][  0]BlueprintLog: New page: Editor Load
[2021.03.06-04.23.06:767][  0]LocalizationService: Localization service is disabled
[2021.03.06-04.23.07:336][  0]LogVSAccessor: Display: Unable to create Visual Studio setup instance: 80040154
[2021.03.06-04.23.07:337][  0]LogVSAccessor: Display: Unable to create Visual Studio setup instance: 80040154
[2021.03.06-04.23.07:720][  0]LogCook: Display: Max memory allowance for cook 16384mb min free memory 0mb
[2021.03.06-04.23.07:721][  0]LogCook: Display: Mobile HDR setting 1
[2021.03.06-04.23.07:939][  0]LogFileCache: Scanning file cache for directory 'E:/MultiLvlDialogueSys/MultiLvllDialogueSys/Content/' took 0.04s
[2021.03.06-04.23.08:377][  0]SourceControl: Source control is disabled
[2021.03.06-04.23.08:377][  0]LogUnrealEdMisc: Loading editor; pre map load, took 52.506
[2021.03.06-04.23.08:377][  0]Cmd: MAP LOAD FILE="../../../../MultiLvlDialogueSys/MultiLvllDialogueSys/Content/ThirdPersonBP/Maps/ThirdPersonExampleMap.umap" TEMPLATE=0 SHOWPROGRESS=1 FEATURELEVEL=3
[2021.03.06-04.23.08:458][  0]LightingResults: New page: Lighting Build
[2021.03.06-04.23.08:459][  0]LogWorld: UWorld::CleanupWorld for Untitled, bSessionEnded=true, bCleanupResources=true
[2021.03.06-04.23.08:460][  0]LogSlate: InvalidateAllWidgets triggered.  All widgets were invalidated
[2021.03.06-04.23.08:460][  0]MapCheck: New page: Map Check
[2021.03.06-04.23.08:460][  0]LightingResults: New page: Lighting Build
[2021.03.06-04.23.08:472][  0]LogAISub: UAISubsystem::~UAISubsystem EnvQueryManager (000001DD8CF83C00), frame # 0
[2021.03.06-04.23.08:472][  0]LogAISub: UAISubsystem::~UAISubsystem AIPerceptionSystem (000001DD8CFE51C0), frame # 0
[2021.03.06-04.23.08:473][  0]LogUObjectHash: Compacting FUObjectHashTables data took   0.99ms
[2021.03.06-04.23.13:321][  0]LogAIModule: Creating AISystem for world ThirdPersonExampleMap
[2021.03.06-04.23.13:321][  0]LogAISub: UAISubsystem::UAISubsystem EnvQueryManager (000001DD81A0BE00), frame # 0
[2021.03.06-04.23.13:321][  0]LogAISub: UAISubsystem::UAISubsystem AIPerceptionSystem (000001DD81A78E00), frame # 0
[2021.03.06-04.23.14:022][  0]LogEditorServer: Finished looking for orphan Actors (0.000 secs)
[2021.03.06-04.23.14:164][  0]LogUObjectHash: Compacting FUObjectHashTables data took   1.24ms
[2021.03.06-04.23.14:165][  0]Cmd: MAP CHECKDEP NOCLEARLOG
[2021.03.06-04.23.14:165][  0]MapCheck: Map check complete: 0 Error(s), 0 Warning(s), took 0.142ms to complete.
[2021.03.06-04.23.14:165][  0]LogFileHelpers: Loading map 'ThirdPersonExampleMap' took 5.787
[2021.03.06-04.23.14:177][  0]LogUnrealEdMisc: Total Editor Startup Time, took 58.305
[2021.03.06-04.23.15:399][  0]LogSlate: Updating window title bar state: overlay mode, drag disabled, window buttons hidden, title bar hidden
[2021.03.06-04.23.15:436][  0]LogSlate: Updating window title bar state: overlay mode, drag disabled, window buttons hidden, title bar hidden
[2021.03.06-04.23.15:446][  0]LogSlate: Updating window title bar state: overlay mode, drag disabled, window buttons hidden, title bar hidden
[2021.03.06-04.23.15:455][  0]LogSlate: Updating window title bar state: overlay mode, drag disabled, window buttons hidden, title bar hidden
[2021.03.06-04.23.15:575][  0]LogCollectionManager: Loaded 0 collections in 0.017577 seconds
[2021.03.06-04.23.15:937][  0]LogFileCache: Scanning file cache for directory 'E:/MultiLvlDialogueSys/MultiLvllDialogueSys/Saved/Collections/' took 0.00s
[2021.03.06-04.23.15:937][  0]LogFileCache: Scanning file cache for directory 'E:/MultiLvlDialogueSys/MultiLvllDialogueSys/Content/Developers/rahul/Collections/' took 0.00s
[2021.03.06-04.23.15:937][  0]LogFileCache: Scanning file cache for directory 'E:/MultiLvlDialogueSys/MultiLvllDialogueSys/Content/Collections/' took 0.00s
[2021.03.06-04.23.15:937][  0]LogContentBrowser: Native class hierarchy populated in 0.0155 seconds. Added 3427 classes and 821 folders.
[2021.03.06-04.23.16:264][  0]LogContentBrowser: Native class hierarchy updated for 'WidgetCarousel' in 0.0006 seconds. Added 0 classes and 0 folders.
[2021.03.06-04.23.18:749][  0]LogContentBrowser: Native class hierarchy updated for 'AddContentDialog' in 0.0005 seconds. Added 0 classes and 0 folders.
[2021.03.06-04.23.18:873][  0]LogContentBrowser: Native class hierarchy updated for 'SceneOutliner' in 0.0007 seconds. Added 2 classes and 0 folders.
[2021.03.06-04.23.19:808][  0]LogSlate: Took 0.012717 seconds to synchronously load lazily loaded font '../../../Engine/Content/Slate/Fonts/Roboto-Regular.ttf' (155K)
[2021.03.06-04.23.19:812][  0]LogSlate: Took 0.000872 seconds to synchronously load lazily loaded font '../../../Engine/Content/Slate/Fonts/Roboto-Bold.ttf' (160K)
[2021.03.06-04.23.20:037][  0]LogSlate: Took 0.097813 seconds to synchronously load lazily loaded font '../../../Engine/Content/Editor/Slate/Fonts/FontAwesome.ttf' (139K)
[2021.03.06-04.23.20:747][  0]LogRenderer: Reallocating scene render targets to support 964x432 Format 10 NumSamples 1 (Frame:1).
[2021.03.06-04.23.22:219][  0]LogSlate: Took 0.027439 seconds to synchronously load lazily loaded font '../../../Engine/Content/Slate/Fonts/Roboto-Light.ttf' (167K)
[2021.03.06-04.23.22:722][  0]LogContentBrowser: Native class hierarchy updated for 'HierarchicalLODOutliner' in 0.0006 seconds. Added 0 classes and 0 folders.
[2021.03.06-04.23.22:722][  0]LogLoad: (Engine Initialization) Total time: 66.85 seconds
[2021.03.06-04.23.22:722][  0]LogLoad: (Engine Initialization) Total Blueprint compile time: 0.00 seconds
[2021.03.06-04.23.22:925][  0]LogAssetRegistry: Asset discovery search completed in 28.1660 seconds
[2021.03.06-04.23.22:930][  0]LogCollectionManager: Fixed up redirectors for 0 collections in 0.000003 seconds (updated 0 objects)
[2021.03.06-04.23.22:973][  0]LogContentStreaming: Texture pool size now 1000 MB
[2021.03.06-04.23.23:934][  4]LogSlate: Took 0.000468 seconds to synchronously load lazily loaded font '../../../Engine/Content/Slate/Fonts/Roboto-Light.ttf' (167K)
[2021.03.06-04.23.29:705][229]LogAssetEditorSubsystem: Opening Asset editor for Blueprint /Game/ThirdPersonBP/Blueprints/ThirdPersonCharacter.ThirdPersonCharacter
[2021.03.06-04.23.31:566][229]LogContentBrowser: Native class hierarchy updated for 'BlueprintGraph' in 0.0010 seconds. Added 125 classes and 0 folders.
[2021.03.06-04.23.36:185][229]LogAssetEditorSubsystem: Opening Asset editor for Blueprint /Game/DialogueSystem/Dialogue_Component.Dialogue_Component
[2021.03.06-04.23.36:785][229]LogAssetEditorSubsystem: Opening Asset editor for WidgetBlueprint /Game/DialogueSystem/DialogueWidget.DialogueWidget
[2021.03.06-04.23.41:977][229]LogSlate: Took 0.010338 seconds to synchronously load lazily loaded font '../../../Engine/Content/Slate/Fonts/Roboto-BoldCondensed.ttf' (158K)
[2021.03.06-04.24.03:434][952]LogSlate: Took 0.023472 seconds to synchronously load lazily loaded font '../../../Engine/Content/Slate/Fonts/Roboto-Italic.ttf' (157K)
[2021.03.06-04.26.11:115][875]LogAssetEditorSubsystem: Opening Asset editor for BlackboardData /Game/DialogueSystem/DialogueBlackboard.DialogueBlackboard
[2021.03.06-04.26.19:381][175]LogAssetEditorSubsystem: Opening Asset editor for BehaviorTree /Game/DialogueSystem/DialogueTree1.DialogueTree1
[2021.03.06-04.30.21:658][221]LogAssetEditorSubsystem: Opening Asset editor for Blueprint /Game/DialogueSystem/Tasks/Speak.Speak
[2021.03.06-04.35.19:295][436]LogUObjectHash: Compacting FUObjectHashTables data took   6.53ms
[2021.03.06-04.35.19:299][436]LogFileHelpers: Editor autosave (incl. sublevels) for '/Game/ThirdPersonBP/Maps/ThirdPersonExampleMap' took 0.441
[2021.03.06-04.35.19:376][436]OBJ SavePackage: Generating thumbnails for [0] asset(s) in package [/Game/DialogueSystem/DialogueTree1] ([1] browsable assets)...
[2021.03.06-04.35.19:376][436]OBJ SavePackage: Finished generating thumbnails for package [/Game/DialogueSystem/DialogueTree1]
[2021.03.06-04.35.19:954][436]LogSavePackage: Moving '../../../../MultiLvlDialogueSys/MultiLvllDialogueSys/Saved/DialogueTree1_Auto1F6BE8DCD4002FF57C3000A8F08CBE91D.tmp' to '../../../../MultiLvlDialogueSys/MultiLvllDialogueSys/Saved/Autosaves/Game/DialogueSystem/DialogueTree1_Auto1.uasset'
[2021.03.06-04.35.20:394][436]OBJ SavePackage: Generating thumbnails for [0] asset(s) in package [/Game/DialogueSystem/Tasks/Speak] ([1] browsable assets)...
[2021.03.06-04.35.20:394][436]OBJ SavePackage: Finished generating thumbnails for package [/Game/DialogueSystem/Tasks/Speak]
[2021.03.06-04.35.20:776][436]LogSavePackage: Moving '../../../../MultiLvlDialogueSys/MultiLvllDialogueSys/Saved/Speak_Auto10F6B81F24C9B7F583A235C9DD4B29190.tmp' to '../../../../MultiLvlDialogueSys/MultiLvllDialogueSys/Saved/Autosaves/Game/DialogueSystem/Tasks/Speak_Auto1.uasset'
[2021.03.06-04.35.20:798][436]OBJ SavePackage: Generating thumbnails for [0] asset(s) in package [/Game/DialogueSystem/Dialogue_Component] ([1] browsable assets)...
[2021.03.06-04.35.20:798][436]OBJ SavePackage: Finished generating thumbnails for package [/Game/DialogueSystem/Dialogue_Component]
[2021.03.06-04.35.20:946][436]LogSavePackage: Moving '../../../../MultiLvlDialogueSys/MultiLvllDialogueSys/Saved/Dialogue_Component_Auto179715EDA47CF1563E617818E3BF5D787.tmp' to '../../../../MultiLvlDialogueSys/MultiLvllDialogueSys/Saved/Autosaves/Game/DialogueSystem/Dialogue_Component_Auto1.uasset'
[2021.03.06-04.35.20:975][436]LogFileHelpers: Auto-saving content packages took 1.674
[2021.03.06-04.35.43:835][429]LogUObjectHash: Compacting FUObjectHashTables data took   5.28ms
[2021.03.06-04.35.43:928][429]Cmd: OBJ SAVEPACKAGE PACKAGE="/Game/DialogueSystem/DialogueTree1" FILE="../../../../MultiLvlDialogueSys/MultiLvllDialogueSys/Content/DialogueSystem/DialogueTree1.uasset" SILENT=true
[2021.03.06-04.35.43:965][429]LogSavePackage: Moving '../../../../MultiLvlDialogueSys/MultiLvllDialogueSys/Saved/DialogueTree10E335B9D4CE3E7F2A79A82B8B153D6FF.tmp' to '../../../../MultiLvlDialogueSys/MultiLvllDialogueSys/Content/DialogueSystem/DialogueTree1.uasset'
[2021.03.06-04.35.43:986][429]Cmd: OBJ SAVEPACKAGE PACKAGE="/Game/DialogueSystem/Tasks/Speak" FILE="../../../../MultiLvlDialogueSys/MultiLvllDialogueSys/Content/DialogueSystem/Tasks/Speak.uasset" SILENT=true
[2021.03.06-04.35.44:019][429]LogSavePackage: Moving '../../../../MultiLvlDialogueSys/MultiLvllDialogueSys/Saved/Speak8952B0EB4C779637A5AB91ABD5B45C4D.tmp' to '../../../../MultiLvlDialogueSys/MultiLvllDialogueSys/Content/DialogueSystem/Tasks/Speak.uasset'
[2021.03.06-04.35.44:030][429]Cmd: OBJ SAVEPACKAGE PACKAGE="/Game/DialogueSystem/Dialogue_Component" FILE="../../../../MultiLvlDialogueSys/MultiLvllDialogueSys/Content/DialogueSystem/Dialogue_Component.uasset" SILENT=true
[2021.03.06-04.35.44:073][429]LogSavePackage: Moving '../../../../MultiLvlDialogueSys/MultiLvllDialogueSys/Saved/Dialogue_Component6D2884794A6ACBDF7759AD9AE3D0AFB9.tmp' to '../../../../MultiLvlDialogueSys/MultiLvllDialogueSys/Content/DialogueSystem/Dialogue_Component.uasset'
[2021.03.06-04.35.44:149][429]AssetCheck: New page: Asset Save: multiple assets
[2021.03.06-04.35.44:160][429]LogContentValidation: Display: Validating BehaviorTree /Game/DialogueSystem/DialogueTree1.DialogueTree1
[2021.03.06-04.35.44:160][429]LogContentValidation: Display: Validating Blueprint /Game/DialogueSystem/Tasks/Speak.Speak
[2021.03.06-04.35.44:160][429]LogContentValidation: Display: Validating Blueprint /Game/DialogueSystem/Dialogue_Component.Dialogue_Component
[2021.03.06-04.41.21:104][427]LogUObjectHash: Compacting FUObjectHashTables data took   5.56ms
[2021.03.06-04.41.21:192][427]Cmd: OBJ SAVEPACKAGE PACKAGE="/Game/DialogueSystem/DialogueWidget" FILE="../../../../MultiLvlDialogueSys/MultiLvllDialogueSys/Content/DialogueSystem/DialogueWidget.uasset" SILENT=true
[2021.03.06-04.41.21:357][427]LogSavePackage: Moving '../../../../MultiLvlDialogueSys/MultiLvllDialogueSys/Saved/DialogueWidget811188854127A9F7A78D3C9CA7345279.tmp' to '../../../../MultiLvlDialogueSys/MultiLvllDialogueSys/Content/DialogueSystem/DialogueWidget.uasset'
[2021.03.06-04.41.21:402][427]AssetCheck: New page: Asset Save: DialogueWidget
[2021.03.06-04.41.21:402][427]LogContentValidation: Display: Validating WidgetBlueprint /Game/DialogueSystem/DialogueWidget.DialogueWidget
[2021.03.06-04.41.22:405][459]BlueprintLog: New page: Compile DialogueWidget
[2021.03.06-04.41.22:716][459]LogUObjectHash: Compacting FUObjectHashTables data took   5.63ms
[2021.03.06-04.43.30:459][306]BlueprintLog: New page: Compile Speak
[2021.03.06-04.43.30:588][306]LogUObjectHash: Compacting FUObjectHashTables data took   5.86ms
[2021.03.06-04.43.31:475][334]Cmd: OBJ SAVEPACKAGE PACKAGE="/Game/DialogueSystem/Tasks/Speak" FILE="../../../../MultiLvlDialogueSys/MultiLvllDialogueSys/Content/DialogueSystem/Tasks/Speak.uasset" SILENT=true
[2021.03.06-04.43.31:524][334]LogSavePackage: Moving '../../../../MultiLvlDialogueSys/MultiLvllDialogueSys/Saved/Speak124AC06D4177EA7CD5C41EAEF52188C5.tmp' to '../../../../MultiLvlDialogueSys/MultiLvllDialogueSys/Content/DialogueSystem/Tasks/Speak.uasset'
[2021.03.06-04.43.31:547][334]AssetCheck: New page: Asset Save: Speak
[2021.03.06-04.43.31:547][334]LogContentValidation: Display: Validating Blueprint /Game/DialogueSystem/Tasks/Speak.Speak
[2021.03.06-04.49.29:153][213]LogUObjectHash: Compacting FUObjectHashTables data took   5.04ms
[2021.03.06-04.49.29:156][213]LogFileHelpers: Editor autosave (incl. sublevels) for '/Game/ThirdPersonBP/Maps/ThirdPersonExampleMap' took 0.052
[2021.03.06-04.49.29:157][213]OBJ SavePackage: Generating thumbnails for [0] asset(s) in package [/Game/DialogueSystem/DialogueWidget] ([1] browsable assets)...
[2021.03.06-04.49.29:157][213]OBJ SavePackage: Finished generating thumbnails for package [/Game/DialogueSystem/DialogueWidget]
[2021.03.06-04.49.29:291][213]LogSavePackage: Moving '../../../../MultiLvlDialogueSys/MultiLvllDialogueSys/Saved/DialogueWidget_Auto282CB19C44CE4EEE9495A6EB903F95DF7.tmp' to '../../../../MultiLvlDialogueSys/MultiLvllDialogueSys/Saved/Autosaves/Game/DialogueSystem/DialogueWidget_Auto2.uasset'
[2021.03.06-04.49.29:358][213]OBJ SavePackage: Generating thumbnails for [0] asset(s) in package [/Game/DialogueSystem/Tasks/Speak] ([1] browsable assets)...
[2021.03.06-04.49.29:358][213]OBJ SavePackage: Finished generating thumbnails for package [/Game/DialogueSystem/Tasks/Speak]
[2021.03.06-04.49.29:412][213]LogSavePackage: Moving '../../../../MultiLvlDialogueSys/MultiLvllDialogueSys/Saved/Speak_Auto2504877404A2E7CE09252FD84951FAF94.tmp' to '../../../../MultiLvlDialogueSys/MultiLvllDialogueSys/Saved/Autosaves/Game/DialogueSystem/Tasks/Speak_Auto2.uasset'
[2021.03.06-04.49.29:414][213]OBJ SavePackage: Generating thumbnails for [0] asset(s) in package [/Game/DialogueSystem/Dialogue_Component] ([1] browsable assets)...
[2021.03.06-04.49.29:414][213]OBJ SavePackage: Finished generating thumbnails for package [/Game/DialogueSystem/Dialogue_Component]
[2021.03.06-04.49.29:518][213]LogSavePackage: Moving '../../../../MultiLvlDialogueSys/MultiLvllDialogueSys/Saved/Dialogue_Component_Auto287BAF8F54DA2408401620FAC6D7A5056.tmp' to '../../../../MultiLvlDialogueSys/MultiLvllDialogueSys/Saved/Autosaves/Game/DialogueSystem/Dialogue_Component_Auto2.uasset'
[2021.03.06-04.49.29:541][213]LogFileHelpers: Auto-saving content packages took 0.385
[2021.03.06-04.49.32:969][353]LogUObjectHash: Compacting FUObjectHashTables data took   3.53ms
[2021.03.06-04.49.33:009][353]Cmd: OBJ SAVEPACKAGE PACKAGE="/Game/DialogueSystem/DialogueWidget" FILE="../../../../MultiLvlDialogueSys/MultiLvllDialogueSys/Content/DialogueSystem/DialogueWidget.uasset" SILENT=true
[2021.03.06-04.49.33:059][353]LogSavePackage: Moving '../../../../MultiLvlDialogueSys/MultiLvllDialogueSys/Saved/DialogueWidget282D614A491B375D2D2536B17FE639D8.tmp' to '../../../../MultiLvlDialogueSys/MultiLvllDialogueSys/Content/DialogueSystem/DialogueWidget.uasset'
[2021.03.06-04.49.33:072][353]Cmd: OBJ SAVEPACKAGE PACKAGE="/Game/DialogueSystem/Tasks/Speak" FILE="../../../../MultiLvlDialogueSys/MultiLvllDialogueSys/Content/DialogueSystem/Tasks/Speak.uasset" SILENT=true
[2021.03.06-04.49.33:108][353]LogSavePackage: Moving '../../../../MultiLvlDialogueSys/MultiLvllDialogueSys/Saved/Speak982A6E784432D5A1E0202FA06838C221.tmp' to '../../../../MultiLvlDialogueSys/MultiLvllDialogueSys/Content/DialogueSystem/Tasks/Speak.uasset'
[2021.03.06-04.49.33:126][353]Cmd: OBJ SAVEPACKAGE PACKAGE="/Game/DialogueSystem/Dialogue_Component" FILE="../../../../MultiLvlDialogueSys/MultiLvllDialogueSys/Content/DialogueSystem/Dialogue_Component.uasset" SILENT=true
[2021.03.06-04.49.33:170][353]LogSavePackage: Moving '../../../../MultiLvlDialogueSys/MultiLvllDialogueSys/Saved/Dialogue_ComponentEC9AD00047DCB2F886AFB9AA297D3D5D.tmp' to '../../../../MultiLvlDialogueSys/MultiLvllDialogueSys/Content/DialogueSystem/Dialogue_Component.uasset'
[2021.03.06-04.49.33:210][353]AssetCheck: New page: Asset Save: multiple assets
[2021.03.06-04.49.33:210][353]LogContentValidation: Display: Validating WidgetBlueprint /Game/DialogueSystem/DialogueWidget.DialogueWidget
[2021.03.06-04.49.33:210][353]LogContentValidation: Display: Validating Blueprint /Game/DialogueSystem/Tasks/Speak.Speak
[2021.03.06-04.49.33:210][353]LogContentValidation: Display: Validating Blueprint /Game/DialogueSystem/Dialogue_Component.Dialogue_Component
[2021.03.06-04.52.36:671][628]LogEditorTransaction: Undo Move Node
[2021.03.06-04.59.53:100][864]Cmd: TRANSACTION UNDO
[2021.03.06-04.59.53:100][864]LogEditorTransaction: Undo Move Node
[2021.03.06-05.03.39:391][441]Cmd: TRANSACTION UNDO
[2021.03.06-05.03.39:391][441]LogEditorTransaction: Undo Move Node
[2021.03.06-05.09.27:703][671]LogUObjectHash: Compacting FUObjectHashTables data took   5.29ms
[2021.03.06-05.09.27:709][671]LogFileHelpers: Editor autosave (incl. sublevels) for '/Game/ThirdPersonBP/Maps/ThirdPersonExampleMap' took 0.054
[2021.03.06-05.09.27:710][671]OBJ SavePackage: Generating thumbnails for [0] asset(s) in package [/Game/DialogueSystem/DialogueTree1] ([1] browsable assets)...
[2021.03.06-05.09.27:710][671]OBJ SavePackage: Finished generating thumbnails for package [/Game/DialogueSystem/DialogueTree1]
[2021.03.06-05.09.27:877][671]LogSavePackage: Moving '../../../../MultiLvlDialogueSys/MultiLvllDialogueSys/Saved/DialogueTree1_Auto3A1527BCD478D562F1768F5BF18CA6BE4.tmp' to '../../../../MultiLvlDialogueSys/MultiLvllDialogueSys/Saved/Autosaves/Game/DialogueSystem/DialogueTree1_Auto3.uasset'
[2021.03.06-05.09.27:896][671]OBJ SavePackage: Generating thumbnails for [0] asset(s) in package [/Game/DialogueSystem/Dialogue_Component] ([1] browsable assets)...
[2021.03.06-05.09.27:896][671]OBJ SavePackage: Finished generating thumbnails for package [/Game/DialogueSystem/Dialogue_Component]
[2021.03.06-05.09.27:951][671]LogSavePackage: Moving '../../../../MultiLvlDialogueSys/MultiLvllDialogueSys/Saved/Dialogue_Component_Auto36093D1444A2995FBB3E6FFA905E91B86.tmp' to '../../../../MultiLvlDialogueSys/MultiLvllDialogueSys/Saved/Autosaves/Game/DialogueSystem/Dialogue_Component_Auto3.uasset'
[2021.03.06-05.09.27:998][671]LogFileHelpers: Auto-saving content packages took 0.288
[2021.03.06-05.12.53:738][549]Cmd: TRANSACTION UNDO
[2021.03.06-05.12.53:738][549]LogEditorTransaction: Undo Move Node
[2021.03.06-05.18.39:970][176]LogUObjectHash: Compacting FUObjectHashTables data took   3.70ms
[2021.03.06-05.18.40:027][176]Cmd: OBJ SAVEPACKAGE PACKAGE="/Game/DialogueSystem/DialogueTree1" FILE="../../../../MultiLvlDialogueSys/MultiLvllDialogueSys/Content/DialogueSystem/DialogueTree1.uasset" SILENT=true
[2021.03.06-05.18.40:112][176]LogSavePackage: Moving '../../../../MultiLvlDialogueSys/MultiLvllDialogueSys/Saved/DialogueTree19F2DB0024BB7093DAF5008B456E5E2CE.tmp' to '../../../../MultiLvlDialogueSys/MultiLvllDialogueSys/Content/DialogueSystem/DialogueTree1.uasset'
[2021.03.06-05.18.40:123][176]Cmd: OBJ SAVEPACKAGE PACKAGE="/Game/DialogueSystem/Dialogue_Component" FILE="../../../../MultiLvlDialogueSys/MultiLvllDialogueSys/Content/DialogueSystem/Dialogue_Component.uasset" SILENT=true
[2021.03.06-05.18.40:189][176]LogSavePackage: Moving '../../../../MultiLvlDialogueSys/MultiLvllDialogueSys/Saved/Dialogue_Component1DE691E84BF4997DE782BCAD18CD2461.tmp' to '../../../../MultiLvlDialogueSys/MultiLvllDialogueSys/Content/DialogueSystem/Dialogue_Component.uasset'
[2021.03.06-05.18.40:222][176]AssetCheck: New page: Asset Save: multiple assets
[2021.03.06-05.18.40:222][176]LogContentValidation: Display: Validating BehaviorTree /Game/DialogueSystem/DialogueTree1.DialogueTree1
[2021.03.06-05.18.40:222][176]LogContentValidation: Display: Validating Blueprint /Game/DialogueSystem/Dialogue_Component.Dialogue_Component
[2021.03.06-05.18.52:003][604]LogAssetEditorSubsystem: Opening Asset editor for Blueprint /Game/DialogueSystem/Tasks/Reply.Reply
[2021.03.06-05.19.57:207][455]BlueprintLog: New page: Compile Reply
[2021.03.06-05.19.57:281][455]LogUObjectHash: Compacting FUObjectHashTables data took   4.31ms
[2021.03.06-05.19.58:921][517]Cmd: OBJ SAVEPACKAGE PACKAGE="/Game/DialogueSystem/Tasks/Reply" FILE="../../../../MultiLvlDialogueSys/MultiLvllDialogueSys/Content/DialogueSystem/Tasks/Reply.uasset" SILENT=true
[2021.03.06-05.19.59:007][517]LogSavePackage: Moving '../../../../MultiLvlDialogueSys/MultiLvllDialogueSys/Saved/ReplyAE87000947BD62AF49FBA6B6D3FED71E.tmp' to '../../../../MultiLvlDialogueSys/MultiLvllDialogueSys/Content/DialogueSystem/Tasks/Reply.uasset'
[2021.03.06-05.19.59:049][517]AssetCheck: New page: Asset Save: Reply
[2021.03.06-05.19.59:049][517]LogContentValidation: Display: Validating Blueprint /Game/DialogueSystem/Tasks/Reply.Reply
[2021.03.06-05.23.08:658][ 60]LogUObjectHash: Compacting FUObjectHashTables data took   5.43ms
[2021.03.06-05.23.08:661][ 60]LogFileHelpers: Editor autosave (incl. sublevels) for '/Game/ThirdPersonBP/Maps/ThirdPersonExampleMap' took 0.052
[2021.03.06-05.23.08:662][ 60]OBJ SavePackage: Generating thumbnails for [0] asset(s) in package [/Game/DialogueSystem/DialogueWidget] ([1] browsable assets)...
[2021.03.06-05.23.08:662][ 60]OBJ SavePackage: Finished generating thumbnails for package [/Game/DialogueSystem/DialogueWidget]
[2021.03.06-05.23.08:922][ 60]LogSavePackage: Moving '../../../../MultiLvlDialogueSys/MultiLvllDialogueSys/Saved/DialogueWidget_Auto4ED7202AC432B389EA25B0981D3BE3598.tmp' to '../../../../MultiLvlDialogueSys/MultiLvllDialogueSys/Saved/Autosaves/Game/DialogueSystem/DialogueWidget_Auto4.uasset'
[2021.03.06-05.23.08:987][ 60]LogFileHelpers: Auto-saving content packages took 0.327
[2021.03.06-05.25.23:510][734]LogAssetEditorSubsystem: Opening Asset editor for Blueprint /Game/DialogueSystem/DialogueReplyObject.DialogueReplyObject
[2021.03.06-05.25.45:252][541]LogWorld: UWorld::CleanupWorld for World_6, bSessionEnded=true, bCleanupResources=true
[2021.03.06-05.25.45:252][541]LogSlate: InvalidateAllWidgets triggered.  All widgets were invalidated
[2021.03.06-05.26.19:777][935]Cmd: OBJ SAVEPACKAGE PACKAGE="/Game/DialogueSystem/DialogueWidget" FILE="../../../../MultiLvlDialogueSys/MultiLvllDialogueSys/Content/DialogueSystem/DialogueWidget.uasset" SILENT=true
[2021.03.06-05.26.19:831][935]LogSavePackage: Moving '../../../../MultiLvlDialogueSys/MultiLvllDialogueSys/Saved/DialogueWidgetC4AD4FED4AB800B2345C3EBFB5EF117B.tmp' to '../../../../MultiLvlDialogueSys/MultiLvllDialogueSys/Content/DialogueSystem/DialogueWidget.uasset'
[2021.03.06-05.26.19:860][935]AssetCheck: New page: Asset Save: DialogueWidget
[2021.03.06-05.26.19:860][935]LogContentValidation: Display: Validating WidgetBlueprint /Game/DialogueSystem/DialogueWidget.DialogueWidget
[2021.03.06-05.29.32:643][633]BlueprintLog: New page: Compile DialogueWidget
[2021.03.06-05.29.32:892][633]LogUObjectHash: Compacting FUObjectHashTables data took   5.88ms
[2021.03.06-05.29.33:597][651]Cmd: OBJ SAVEPACKAGE PACKAGE="/Game/DialogueSystem/DialogueWidget" FILE="../../../../MultiLvlDialogueSys/MultiLvllDialogueSys/Content/DialogueSystem/DialogueWidget.uasset" SILENT=true
[2021.03.06-05.29.33:663][651]LogSavePackage: Moving '../../../../MultiLvlDialogueSys/MultiLvllDialogueSys/Saved/DialogueWidget65135EFE4149E35F754AA4A748AE2F29.tmp' to '../../../../MultiLvlDialogueSys/MultiLvllDialogueSys/Content/DialogueSystem/DialogueWidget.uasset'
[2021.03.06-05.29.33:707][651]AssetCheck: New page: Asset Save: DialogueWidget
[2021.03.06-05.29.33:707][651]LogContentValidation: Display: Validating WidgetBlueprint /Game/DialogueSystem/DialogueWidget.DialogueWidget
[2021.03.06-05.29.36:061][752]LogUObjectHash: Compacting FUObjectHashTables data took   4.42ms
[2021.03.06-05.34.43:643][911]LogUObjectHash: Compacting FUObjectHashTables data took   8.35ms
[2021.03.06-05.34.43:649][911]LogFileHelpers: Editor autosave (incl. sublevels) for '/Game/ThirdPersonBP/Maps/ThirdPersonExampleMap' took 0.065
[2021.03.06-05.34.43:650][911]OBJ SavePackage: Generating thumbnails for [0] asset(s) in package [/Game/DialogueSystem/DialogueWidget] ([1] browsable assets)...
[2021.03.06-05.34.43:650][911]OBJ SavePackage: Finished generating thumbnails for package [/Game/DialogueSystem/DialogueWidget]
[2021.03.06-05.34.43:825][911]LogSavePackage: Moving '../../../../MultiLvlDialogueSys/MultiLvllDialogueSys/Saved/DialogueWidget_Auto52B0FECEC428797806A56D18EBB1825CC.tmp' to '../../../../MultiLvlDialogueSys/MultiLvllDialogueSys/Saved/Autosaves/Game/DialogueSystem/DialogueWidget_Auto5.uasset'
[2021.03.06-05.34.43:832][911]LogFileHelpers: Auto-saving content packages took 0.183
[2021.03.06-05.37.06:936][482]BlueprintLog: New page: Compile DialogueWidget
[2021.03.06-05.37.07:055][482]LogUObjectHash: Compacting FUObjectHashTables data took   9.41ms
[2021.03.06-05.37.07:854][502]Cmd: OBJ SAVEPACKAGE PACKAGE="/Game/DialogueSystem/DialogueWidget" FILE="../../../../MultiLvlDialogueSys/MultiLvllDialogueSys/Content/DialogueSystem/DialogueWidget.uasset" SILENT=true
[2021.03.06-05.37.07:941][502]LogSavePackage: Moving '../../../../MultiLvlDialogueSys/MultiLvllDialogueSys/Saved/DialogueWidgetEC56B78E4186CB9FFB46AABFD6D0F647.tmp' to '../../../../MultiLvlDialogueSys/MultiLvllDialogueSys/Content/DialogueSystem/DialogueWidget.uasset'
[2021.03.06-05.37.07:989][502]AssetCheck: New page: Asset Save: DialogueWidget
[2021.03.06-05.37.07:989][502]LogContentValidation: Display: Validating WidgetBlueprint /Game/DialogueSystem/DialogueWidget.DialogueWidget
[2021.03.06-05.41.32:135][209]BlueprintLog: New page: Compile Speak
[2021.03.06-05.41.32:231][209]LogUObjectHash: Compacting FUObjectHashTables data took   9.79ms
[2021.03.06-05.41.33:461][250]Cmd: OBJ SAVEPACKAGE PACKAGE="/Game/DialogueSystem/Tasks/Speak" FILE="../../../../MultiLvlDialogueSys/MultiLvllDialogueSys/Content/DialogueSystem/Tasks/Speak.uasset" SILENT=true
[2021.03.06-05.41.33:589][250]LogSavePackage: Moving '../../../../MultiLvlDialogueSys/MultiLvllDialogueSys/Saved/Speak2140C4A544AD2839515E9EB41A1695A3.tmp' to '../../../../MultiLvlDialogueSys/MultiLvllDialogueSys/Content/DialogueSystem/Tasks/Speak.uasset'
[2021.03.06-05.41.33:630][250]AssetCheck: New page: Asset Save: Speak
[2021.03.06-05.41.33:630][250]LogContentValidation: Display: Validating Blueprint /Game/DialogueSystem/Tasks/Speak.Speak
[2021.03.06-05.42.51:226][296]LogEditorTransaction: Undo Move Node
[2021.03.06-05.42.55:038][430]LogEditorTransaction: Undo Move Node
[2021.03.06-05.42.55:483][435]LogEditorTransaction: Undo Paste clipboard contents
[2021.03.06-05.43.02:402][690]LogEditorTransaction: Undo Move Node
[2021.03.06-05.43.03:820][736]LogEditorTransaction: Undo Paste clipboard contents
[2021.03.06-05.44.10:794][305]LogEditorTransaction: Undo Move Nodes
[2021.03.06-05.45.06:189][448]LogUObjectHash: Compacting FUObjectHashTables data took   9.30ms
[2021.03.06-05.45.06:194][448]LogFileHelpers: Editor autosave (incl. sublevels) for '/Game/ThirdPersonBP/Maps/ThirdPersonExampleMap' took 0.076
[2021.03.06-05.45.06:195][448]OBJ SavePackage: Generating thumbnails for [0] asset(s) in package [/Game/DialogueSystem/Tasks/Reply] ([1] browsable assets)...
[2021.03.06-05.45.06:195][448]OBJ SavePackage: Finished generating thumbnails for package [/Game/DialogueSystem/Tasks/Reply]
[2021.03.06-05.45.06:283][448]LogSavePackage: Moving '../../../../MultiLvlDialogueSys/MultiLvllDialogueSys/Saved/Reply_Auto6EED9CAAD4A2F2339CBB03DA1F8EEEB07.tmp' to '../../../../MultiLvlDialogueSys/MultiLvllDialogueSys/Saved/Autosaves/Game/DialogueSystem/Tasks/Reply_Auto6.uasset'
[2021.03.06-05.45.06:286][448]LogFileHelpers: Auto-saving content packages took 0.092
[2021.03.06-05.47.14:529][505]BlueprintLog: New page: Compile Reply
[2021.03.06-05.47.14:612][505]LogUObjectHash: Compacting FUObjectHashTables data took   6.89ms
[2021.03.06-05.47.15:604][534]Cmd: OBJ SAVEPACKAGE PACKAGE="/Game/DialogueSystem/Tasks/Reply" FILE="../../../../MultiLvlDialogueSys/MultiLvllDialogueSys/Content/DialogueSystem/Tasks/Reply.uasset" SILENT=true
[2021.03.06-05.47.15:689][534]LogSavePackage: Moving '../../../../MultiLvlDialogueSys/MultiLvllDialogueSys/Saved/Reply38E25A8C4060F0AAC50677975B6270C5.tmp' to '../../../../MultiLvlDialogueSys/MultiLvllDialogueSys/Content/DialogueSystem/Tasks/Reply.uasset'
[2021.03.06-05.47.15:725][534]AssetCheck: New page: Asset Save: Reply
[2021.03.06-05.47.15:725][534]LogContentValidation: Display: Validating Blueprint /Game/DialogueSystem/Tasks/Reply.Reply
[2021.03.06-05.49.01:025][560]LogAssetEditorSubsystem: Opening Asset editor for WidgetBlueprint /Game/DialogueSystem/DialogueReplyChoiceWidget.DialogueReplyChoiceWidget
[2021.03.06-05.55.20:895][972]LogSlate: Window 'Color Picker' being destroyed
[2021.03.06-05.55.31:290][316]LogSlate: Window 'Color Picker' being destroyed
[2021.03.06-05.55.34:091][406]BlueprintLog: New page: Compile DialogueReplyChoiceWidget
[2021.03.06-05.55.34:255][406]LogUObjectHash: Compacting FUObjectHashTables data took   7.79ms
[2021.03.06-05.55.35:081][421]LogSavePackage: Moving '../../../../MultiLvlDialogueSys/MultiLvllDialogueSys/Saved/DialogueReplyChoiceWidgetE0A8B67E492AE72C414772A9600756C7.tmp' to '../../../../MultiLvlDialogueSys/MultiLvllDialogueSys/Content/DialogueSystem/DialogueReplyChoiceWidget.uasset'
[2021.03.06-05.55.35:142][421]AssetCheck: New page: Asset Save: DialogueReplyChoiceWidget
[2021.03.06-05.55.35:142][421]LogContentValidation: Display: Validating WidgetBlueprint /Game/DialogueSystem/DialogueReplyChoiceWidget.DialogueReplyChoiceWidget
[2021.03.06-05.57.01:697][651]LogAssetEditorSubsystem: Opening Asset editor for Blueprint /Game/DialogueSystem/DialogueReplyObject.DialogueReplyObject
[2021.03.06-05.57.47:928][547]BlueprintLog: New page: Compile DialogueReplyChoiceWidget
[2021.03.06-05.57.48:052][547]LogUObjectHash: Compacting FUObjectHashTables data took   6.19ms
[2021.03.06-05.57.48:800][564]LogSavePackage: Moving '../../../../MultiLvlDialogueSys/MultiLvllDialogueSys/Saved/DialogueReplyChoiceWidget83D6B07549E78C46C758DB969F129922.tmp' to '../../../../MultiLvlDialogueSys/MultiLvllDialogueSys/Content/DialogueSystem/DialogueReplyChoiceWidget.uasset'
[2021.03.06-05.57.48:832][564]AssetCheck: New page: Asset Save: DialogueReplyChoiceWidget
[2021.03.06-05.57.48:832][564]LogContentValidation: Display: Validating WidgetBlueprint /Game/DialogueSystem/DialogueReplyChoiceWidget.DialogueReplyChoiceWidget
[2021.03.06-06.03.27:636][291]LogAudioMixer: Warning: Changing default audio render device to new device: {0.0.0.00000000}.{343c4391-4b4d-4071-984e-9ee05eabe13e}.
[2021.03.06-06.03.27:636][291]LogTemp: Resetting audio stream to device id 
[2021.03.06-06.03.27:774][291]LogAudioMixer: Display: 0: FrontLeft
[2021.03.06-06.03.27:774][291]LogAudioMixer: Display: 1: FrontRight
[2021.03.06-06.10.06:457][320]BlueprintLog: New page: Compile Dialogue_Component
[2021.03.06-06.10.06:632][320]LogUObjectHash: Compacting FUObjectHashTables data took   5.37ms
[2021.03.06-06.10.53:737][ 16]LogUObjectHash: Compacting FUObjectHashTables data took   6.04ms
[2021.03.06-06.10.54:454][ 16]LogSavePackage: Moving '../../../../MultiLvlDialogueSys/MultiLvllDialogueSys/Saved/ThirdPersonExampleMap_Auto75A5DD290402E4B77F753FCBBBF52CE20.tmp' to '../../../../MultiLvlDialogueSys/MultiLvllDialogueSys/Saved/Autosaves/Game/ThirdPersonBP/Maps/ThirdPersonExampleMap_Auto7.umap'
[2021.03.06-06.10.54:460][ 16]LogFileHelpers: Editor autosave (incl. sublevels) for '/Game/ThirdPersonBP/Maps/ThirdPersonExampleMap' took 0.790
[2021.03.06-06.10.54:460][ 16]LogFileHelpers: Editor autosave (incl. sublevels) for all levels took 0.790
[2021.03.06-06.20.42:580][430]LogRHI: Error: Present Fail Count 1
[2021.03.06-06.20.42:581][430]LogRHI: Error: SyncInterval 0
[2021.03.06-06.20.42:581][430]LogRHI: Error: SwapChainDesc.BufferDesc.Width 1938
[2021.03.06-06.20.42:581][430]LogRHI: Error: SwapChainDesc.BufferDesc.Height 1048
[2021.03.06-06.20.42:581][430]LogRHI: Error: SwapChainDesc.BufferDesc.RefreshRate.Numerator 0
[2021.03.06-06.20.42:581][430]LogRHI: Error: SwapChainDesc.BufferDesc.RefreshRate.Denominator 0
[2021.03.06-06.20.42:581][430]LogRHI: Error: SwapChainDesc.BufferDesc.Format 24
[2021.03.06-06.20.42:581][430]LogRHI: Error: SwapChainDesc.BufferDesc.ScanlineOrdering 0
[2021.03.06-06.20.42:581][430]LogRHI: Error: SwapChainDesc.BufferDesc.Scaling 0
[2021.03.06-06.20.42:581][430]LogRHI: Error: SwapChainDesc.SampleDesc.Count 1
[2021.03.06-06.20.42:581][430]LogRHI: Error: SwapChainDesc.SampleDesc.Quality 0
[2021.03.06-06.20.42:581][430]LogRHI: Error: SwapChainDesc.BufferUsage 48
[2021.03.06-06.20.42:581][430]LogRHI: Error: SwapChainDesc.BufferCount 2
[2021.03.06-06.20.42:581][430]LogRHI: Error: SwapChainDesc.OutputWindow 00000000001B0BDE
[2021.03.06-06.20.42:581][430]LogRHI: Error: SwapChainDesc.Windowed true
[2021.03.06-06.20.42:581][430]LogRHI: Error: SwapChainDesc.SwapEffect 4
[2021.03.06-06.20.42:581][430]LogRHI: Error: SwapChainDesc.Flags 2050
[2021.03.06-06.20.42:726][430]LogD3D11RHI: Error: Result failed 
 at D:/Build/++UE4/Sync/Engine/Source/Runtime/Windows/D3D11RHI/Private/D3D11Query.cpp:348 
 with error DXGI_ERROR_DEVICE_REMOVED DXGI_ERROR_DRIVER_INTERNAL_ERROR
[2021.03.06-06.20.42:727][430]LogD3D11RHI: [Aftermath] GDynamicRHI=000001DDEE7CE0C0, GDX11NVAfterMathEnabled=0, Result=0xFFFFFFFF, bDeviceActive=0
[2021.03.06-06.20.42:727][430]LogWindows: Windows GetLastError: The operation completed successfully. (0)
[2021.03.06-06.21.29:327][430]LogWindows: FPlatformMisc::RequestExit(0)
[2021.03.06-06.21.29:327][430]LogCore: Engine exit requested (reason: Win RequestExit)
[2021.03.06-06.21.29:327][430]LogWindows: FPlatformMisc::RequestExit(1)
[2021.03.06-06.21.29:327][430]LogCore: Engine exit requested (reason: Win RequestExit; note: exit was already requested)
[2021.03.06-06.21.29:367][430]Log file closed, 03/06/21 01:21:29
