Log file open, 03/05/21 21:38:20
LogInit: Display: Running engine for game: MultiLvllDialogueSys
LogPlatformFile: Not using cached read wrapper
LogTaskGraph: Started task graph with 5 named threads and 23 total threads with 3 sets of task threads.
LogStats: Stats thread started at 0.733844
LogD3D11RHI: Loaded GFSDK_Aftermath_Lib.x64.dll
LogICUInternationalization: ICU TimeZone Detection - Raw Offset: -5:00, Platform Override: ''
LogPluginManager: Mounting plugin Paper2D
LogPluginManager: Mounting plugin AISupport
LogPluginManager: Mounting plugin LightPropagationVolume
LogPluginManager: Mounting plugin CameraShakePreviewer
LogPluginManager: Mounting plugin ActorLayerUtilities
LogPluginManager: Mounting plugin AnimationSharing
LogPluginManager: Mounting plugin CLionSourceCodeAccess
LogPluginManager: Mounting plugin CodeLiteSourceCodeAccess
LogPluginManager: Mounting plugin GitSourceControl
LogPluginManager: Mounting plugin KDevelopSourceCodeAccess
LogPluginManager: Mounting plugin NullSourceCodeAccess
LogPluginManager: Mounting plugin PerforceSourceControl
LogPluginManager: Mounting plugin PlasticSourceControl
LogPluginManager: Mounting plugin RiderSourceCodeAccess
LogPluginManager: Mounting plugin SubversionSourceControl
LogPluginManager: Mounting plugin UObjectPlugin
LogPluginManager: Mounting plugin VisualStudioCodeSourceCodeAccess
LogPluginManager: Mounting plugin VisualStudioSourceCodeAccess
LogPluginManager: Mounting plugin XCodeSourceCodeAccess
LogPluginManager: Mounting plugin AssetManagerEditor
LogPluginManager: Mounting plugin CryptoKeys
LogPluginManager: Mounting plugin CurveEditorTools
LogPluginManager: Mounting plugin DataValidation
LogPluginManager: Mounting plugin EditorScriptingUtilities
LogPluginManager: Mounting plugin FacialAnimation
LogPluginManager: Mounting plugin GameplayTagsEditor
LogPluginManager: Mounting plugin GeometryMode
LogPluginManager: Mounting plugin MacGraphicsSwitching
LogPluginManager: Mounting plugin MaterialAnalyzer
LogPluginManager: Mounting plugin MobileLauncherProfileWizard
LogPluginManager: Mounting plugin PluginBrowser
LogPluginManager: Mounting plugin SpeedTreeImporter
LogPluginManager: Mounting plugin DatasmithContent
LogPluginManager: Mounting plugin VariantManagerContent
LogPluginManager: Mounting plugin AlembicImporter
LogPluginManager: Mounting plugin AutomationUtils
LogPluginManager: Mounting plugin BackChannel
LogPluginManager: Mounting plugin ChaosCloth
LogPluginManager: Mounting plugin ChaosClothEditor
LogPluginManager: Mounting plugin ChaosEditor
LogPluginManager: Mounting plugin ChaosNiagara
LogPluginManager: Mounting plugin ChaosSolverPlugin
LogPluginManager: Mounting plugin CharacterAI
LogPluginManager: Mounting plugin GeometryCache
LogPluginManager: Mounting plugin GeometryCollectionPlugin
LogPluginManager: Mounting plugin GeometryProcessing
LogPluginManager: Mounting plugin PlanarCut
LogPluginManager: Mounting plugin PlatformCrypto
LogPluginManager: Mounting plugin ProxyLODPlugin
LogPluginManager: Mounting plugin SkeletalReduction
LogPluginManager: Mounting plugin Niagara
LogPluginManager: Mounting plugin MagicLeap
LogPluginManager: Mounting plugin MagicLeapLightEstimation
LogPluginManager: Mounting plugin MagicLeapMedia
LogPluginManager: Mounting plugin MagicLeapPassableWorld
LogPluginManager: Mounting plugin MLSDK
LogPluginManager: Mounting plugin AndroidMedia
LogPluginManager: Mounting plugin AvfMedia
LogPluginManager: Mounting plugin ImgMedia
LogPluginManager: Mounting plugin MediaCompositing
LogPluginManager: Mounting plugin MediaPlayerEditor
LogPluginManager: Mounting plugin WebMMedia
LogPluginManager: Mounting plugin WmfMedia
LogPluginManager: Mounting plugin MeshPainting
LogPluginManager: Mounting plugin TcpMessaging
LogPluginManager: Mounting plugin UdpMessaging
LogPluginManager: Mounting plugin ActorSequence
LogPluginManager: Mounting plugin LevelSequenceEditor
LogPluginManager: Mounting plugin MatineeToLevelSequence
LogPluginManager: Mounting plugin MovieRenderPipeline
LogPluginManager: Mounting plugin TemplateSequence
LogPluginManager: Mounting plugin NetcodeUnitTest
LogPluginManager: Mounting plugin NUTUnrealEngine4
LogPluginManager: Mounting plugin OnlineSubsystemGooglePlay
LogPluginManager: Mounting plugin OnlineSubsystemIOS
LogPluginManager: Mounting plugin OnlineSubsystem
LogPluginManager: Mounting plugin OnlineSubsystemNull
LogPluginManager: Mounting plugin OnlineSubsystemUtils
LogPluginManager: Mounting plugin LauncherChunkInstaller
LogPluginManager: Mounting plugin AndroidDeviceProfileSelector
LogPluginManager: Mounting plugin AndroidMoviePlayer
LogPluginManager: Mounting plugin AndroidPermission
LogPluginManager: Mounting plugin AppleImageUtils
LogPluginManager: Mounting plugin AppleMoviePlayer
LogPluginManager: Mounting plugin ArchVisCharacter
LogPluginManager: Mounting plugin AssetTags
LogPluginManager: Mounting plugin AudioCapture
LogPluginManager: Mounting plugin CableComponent
LogPluginManager: Mounting plugin CustomMeshComponent
LogPluginManager: Mounting plugin EditableMesh
LogPluginManager: Mounting plugin ExampleDeviceProfileSelector
LogPluginManager: Mounting plugin GoogleCloudMessaging
LogPluginManager: Mounting plugin GooglePAD
LogPluginManager: Mounting plugin IOSDeviceProfileSelector
LogPluginManager: Mounting plugin LinuxDeviceProfileSelector
LogPluginManager: Mounting plugin LocationServicesBPLibrary
LogPluginManager: Mounting plugin MobilePatchingUtils
LogPluginManager: Mounting plugin OculusVR
LogPluginManager: Mounting plugin PhysXVehicles
LogPluginManager: Mounting plugin PostSplashScreen
LogPluginManager: Mounting plugin ProceduralMeshComponent
LogPluginManager: Mounting plugin RuntimePhysXCooking
LogPluginManager: Mounting plugin SignificanceManager
LogPluginManager: Mounting plugin SoundFields
LogPluginManager: Mounting plugin SteamVR
LogPluginManager: Mounting plugin Synthesis
LogPluginManager: Mounting plugin WebMMoviePlayer
LogPluginManager: Mounting plugin WindowsMoviePlayer
LogPluginManager: Mounting plugin ScreenshotTools
LogInit: Using libcurl 7.55.1-DEV
LogInit:  - built for x86_64-pc-win32
LogInit:  - supports SSL with OpenSSL/1.1.1
LogInit:  - supports HTTP deflate (compression) using libz 1.2.8
LogInit:  - other features:
LogInit:      CURL_VERSION_SSL
LogInit:      CURL_VERSION_LIBZ
LogInit:      CURL_VERSION_IPV6
LogInit:      CURL_VERSION_ASYNCHDNS
LogInit:      CURL_VERSION_LARGEFILE
LogInit:      CURL_VERSION_IDN
LogInit:  CurlRequestOptions (configurable via config and command line):
LogInit:  - bVerifyPeer = true  - Libcurl will verify peer certificate
LogInit:  - bUseHttpProxy = false  - Libcurl will NOT use HTTP proxy
LogInit:  - bDontReuseConnections = false  - Libcurl will reuse connections
LogInit:  - MaxHostConnections = 16  - Libcurl will limit the number of connections to a host
LogInit:  - LocalHostAddr = Default
LogInit:  - BufferSize = 65536
LogOnline: OSS: Creating online subsystem instance for: NULL
LogInit: WinSock: version 1.1 (2.2), MaxSocks=32767, MaxUdp=65467
LogOnline: OSS: TryLoadSubsystemAndSetDefault: Loaded subsystem for module [NULL]
LogInit: Build: ++UE4+Release-4.25-CL-14469661
LogInit: Engine Version: 4.25.4-14469661+++UE4+Release-4.25
LogInit: Compatible Engine Version: 4.25.0-13144385+++UE4+Release-4.25
LogInit: Net CL: 13144385
LogInit: OS: Windows 10 (Release 1909) (), CPU: AMD Ryzen 5 2500U with Radeon Vega Mobile Gfx  , GPU: AMD Radeon(TM) Vega 8 Graphics
LogInit: Compiled (64-bit): Oct 11 2020 08:10:49
LogInit: Compiled with Visual C++: 19.24.28315.00
LogInit: Build Configuration: Development
LogInit: Branch Name: ++UE4+Release-4.25
LogInit: Command Line:  -EpicPortal -epicusername=rahuljoseph987 -epicuserid=5b39829935e3455380e3983441310982 -epiclocale=en
LogInit: Base Directory: E:/UE_4.25/Engine/Binaries/Win64/
LogInit: Allocator: TBB
LogInit: Installed Engine Build: 1
LogDevObjectVersion: Number of dev versions registered: 26
LogDevObjectVersion:   Dev-Blueprints (B0D832E4-1F89-4F0D-ACCF-7EB736FD4AA2): 10
LogDevObjectVersion:   Dev-Build (E1C64328-A22C-4D53-A36C-8E866417BD8C): 0
LogDevObjectVersion:   Dev-Core (375EC13C-06E4-48FB-B500-84F0262A717E): 4
LogDevObjectVersion:   Dev-Editor (E4B068ED-F494-42E9-A231-DA0B2E46BB41): 38
LogDevObjectVersion:   Dev-Framework (CFFC743F-43B0-4480-9391-14DF171D2073): 37
LogDevObjectVersion:   Dev-Mobile (B02B49B5-BB20-44E9-A304-32B752E40360): 2
LogDevObjectVersion:   Dev-Networking (A4E4105C-59A1-49B5-A7C5-40C4547EDFEE): 0
LogDevObjectVersion:   Dev-Online (39C831C9-5AE6-47DC-9A44-9C173E1C8E7C): 0
LogDevObjectVersion:   Dev-Physics (78F01B33-EBEA-4F98-B9B4-84EACCB95AA2): 4
LogDevObjectVersion:   Dev-Platform (6631380F-2D4D-43E0-8009-CF276956A95A): 0
LogDevObjectVersion:   Dev-Rendering (12F88B9F-8875-4AFC-A67C-D90C383ABD29): 43
LogDevObjectVersion:   Dev-Sequencer (7B5AE74C-D270-4C10-A958-57980B212A5A): 12
LogDevObjectVersion:   Dev-VR (D7296918-1DD6-4BDD-9DE2-64A83CC13884): 3
LogDevObjectVersion:   Dev-LoadTimes (C2A15278-BFE7-4AFE-6C17-90FF531DF755): 1
LogDevObjectVersion:   Private-Geometry (6EACA3D4-40EC-4CC1-B786-8BED09428FC5): 3
LogDevObjectVersion:   Dev-AnimPhys (29E575DD-E0A3-4627-9D10-D276232CDCEA): 17
LogDevObjectVersion:   Dev-Anim (AF43A65D-7FD3-4947-9873-3E8ED9C1BB05): 7
LogDevObjectVersion:   Dev-ReflectionCapture (6B266CEC-1EC7-4B8F-A30B-E4D90942FC07): 1
LogDevObjectVersion:   Dev-Automation (0DF73D61-A23F-47EA-B727-89E90C41499A): 1
LogDevObjectVersion:   FortniteMain (601D1886-AC64-4F84-AA16-D3DE0DEAC7D6): 31
LogDevObjectVersion:   Dev-Enterprise (9DFFBCD6-494F-0158-E221-12823C92A888): 10
LogDevObjectVersion:   Dev-Niagara (F2AED0AC-9AFE-416F-8664-AA7FFA26D6FC): 1
LogDevObjectVersion:   Dev-Destruction (174F1F0B-B4C6-45A5-B13F-2EE8D0FB917D): 10
LogDevObjectVersion:   Dev-Physics-Ext (35F94A83-E258-406C-A318-09F59610247C): 37
LogDevObjectVersion:   Dev-PhysicsMaterial-Chaos (B68FC16E-8B1B-42E2-B453-215C058844FE): 1
LogDevObjectVersion:   Dev-CineCamera (B2E18506-4273-CFC2-A54E-F4BB758BBA07): 1
LogInit: Presizing for max 25165824 objects, including 0 objects not considered by GC, pre-allocating 0 bytes for permanent pool.
LogConfig: Applying CVar settings from Section [/Script/Engine.StreamingSettings] File [E:/MultiLvlDialogueSys/MultiLvllDialogueSys/Saved/Config/Windows/Engine.ini]
LogConfig: Setting CVar [[s.MinBulkDataSizeForAsyncLoading:131072]]
LogConfig: Setting CVar [[s.AsyncLoadingThreadEnabled:0]]
LogConfig: Setting CVar [[s.EventDrivenLoaderEnabled:1]]
LogConfig: Setting CVar [[s.WarnIfTimeLimitExceeded:0]]
LogConfig: Setting CVar [[s.TimeLimitExceededMultiplier:1.5]]
LogConfig: Setting CVar [[s.TimeLimitExceededMinTime:0.005]]
LogConfig: Setting CVar [[s.UseBackgroundLevelStreaming:1]]
LogConfig: Setting CVar [[s.PriorityAsyncLoadingExtraTime:15.0]]
LogConfig: Setting CVar [[s.LevelStreamingActorsUpdateTimeLimit:5.0]]
LogConfig: Setting CVar [[s.PriorityLevelStreamingActorsUpdateExtraTime:5.0]]
LogConfig: Setting CVar [[s.LevelStreamingComponentsRegistrationGranularity:10]]
LogConfig: Setting CVar [[s.UnregisterComponentsTimeLimit:1.0]]
LogConfig: Setting CVar [[s.LevelStreamingComponentsUnregistrationGranularity:5]]
LogConfig: Setting CVar [[s.FlushStreamingOnExit:1]]
LogInit: Object subsystem initialized
LogConfig: Setting CVar [[con.DebugEarlyDefault:1]]
LogConfig: Setting CVar [[r.setres:1280x720]]
[2021.03.06-02.38.21:678][  0]LogConfig: Setting CVar [[r.VSync:0]]
[2021.03.06-02.38.21:678][  0]LogConfig: Setting CVar [[r.RHICmdBypass:0]]
[2021.03.06-02.38.21:678][  0]LogConfig: Applying CVar settings from Section [/Script/Engine.RendererSettings] File [E:/MultiLvlDialogueSys/MultiLvllDialogueSys/Saved/Config/Windows/Engine.ini]
[2021.03.06-02.38.21:678][  0]LogConfig: Setting CVar [[r.GPUCrashDebugging:0]]
[2021.03.06-02.38.21:678][  0]LogConfig: Applying CVar settings from Section [/Script/Engine.RendererOverrideSettings] File [E:/MultiLvlDialogueSys/MultiLvllDialogueSys/Saved/Config/Windows/Engine.ini]
[2021.03.06-02.38.21:678][  0]LogConfig: Applying CVar settings from Section [/Script/Engine.StreamingSettings] File [E:/MultiLvlDialogueSys/MultiLvllDialogueSys/Saved/Config/Windows/Engine.ini]
[2021.03.06-02.38.21:678][  0]LogConfig: Setting CVar [[s.MinBulkDataSizeForAsyncLoading:131072]]
[2021.03.06-02.38.21:678][  0]LogConfig: Setting CVar [[s.AsyncLoadingThreadEnabled:0]]
[2021.03.06-02.38.21:678][  0]LogConfig: Setting CVar [[s.EventDrivenLoaderEnabled:1]]
[2021.03.06-02.38.21:678][  0]LogConfig: Setting CVar [[s.WarnIfTimeLimitExceeded:0]]
[2021.03.06-02.38.21:678][  0]LogConfig: Setting CVar [[s.TimeLimitExceededMultiplier:1.5]]
[2021.03.06-02.38.21:678][  0]LogConfig: Setting CVar [[s.TimeLimitExceededMinTime:0.005]]
[2021.03.06-02.38.21:678][  0]LogConfig: Setting CVar [[s.UseBackgroundLevelStreaming:1]]
[2021.03.06-02.38.21:678][  0]LogConfig: Setting CVar [[s.PriorityAsyncLoadingExtraTime:15.0]]
[2021.03.06-02.38.21:678][  0]LogConfig: Setting CVar [[s.LevelStreamingActorsUpdateTimeLimit:5.0]]
[2021.03.06-02.38.21:678][  0]LogConfig: Setting CVar [[s.PriorityLevelStreamingActorsUpdateExtraTime:5.0]]
[2021.03.06-02.38.21:678][  0]LogConfig: Setting CVar [[s.LevelStreamingComponentsRegistrationGranularity:10]]
[2021.03.06-02.38.21:678][  0]LogConfig: Setting CVar [[s.UnregisterComponentsTimeLimit:1.0]]
[2021.03.06-02.38.21:678][  0]LogConfig: Setting CVar [[s.LevelStreamingComponentsUnregistrationGranularity:5]]
[2021.03.06-02.38.21:678][  0]LogConfig: Setting CVar [[s.FlushStreamingOnExit:1]]
[2021.03.06-02.38.21:678][  0]LogConfig: Applying CVar settings from Section [/Script/Engine.GarbageCollectionSettings] File [E:/MultiLvlDialogueSys/MultiLvllDialogueSys/Saved/Config/Windows/Engine.ini]
[2021.03.06-02.38.21:678][  0]LogConfig: Setting CVar [[gc.MaxObjectsNotConsideredByGC:1]]
[2021.03.06-02.38.21:678][  0]LogConfig: Setting CVar [[gc.SizeOfPermanentObjectPool:0]]
[2021.03.06-02.38.21:678][  0]LogConfig: Setting CVar [[gc.FlushStreamingOnGC:0]]
[2021.03.06-02.38.21:678][  0]LogConfig: Setting CVar [[gc.NumRetriesBeforeForcingGC:10]]
[2021.03.06-02.38.21:678][  0]LogConfig: Setting CVar [[gc.AllowParallelGC:1]]
[2021.03.06-02.38.21:678][  0]LogConfig: Setting CVar [[gc.TimeBetweenPurgingPendingKillObjects:61.1]]
[2021.03.06-02.38.21:678][  0]LogConfig: Setting CVar [[gc.MaxObjectsInEditor:25165824]]
[2021.03.06-02.38.21:678][  0]LogConfig: Setting CVar [[gc.IncrementalBeginDestroyEnabled:1]]
[2021.03.06-02.38.21:678][  0]LogConfig: Setting CVar [[gc.CreateGCClusters:1]]
[2021.03.06-02.38.21:678][  0]LogConfig: Setting CVar [[gc.MinGCClusterSize:5]]
[2021.03.06-02.38.21:678][  0]LogConfig: Setting CVar [[gc.ActorClusteringEnabled:0]]
[2021.03.06-02.38.21:678][  0]LogConfig: Setting CVar [[gc.BlueprintClusteringEnabled:0]]
[2021.03.06-02.38.21:679][  0]LogConfig: Setting CVar [[gc.UseDisregardForGCOnDedicatedServers:0]]
[2021.03.06-02.38.21:679][  0]LogConfig: Applying CVar settings from Section [/Script/Engine.NetworkSettings] File [E:/MultiLvlDialogueSys/MultiLvllDialogueSys/Saved/Config/Windows/Engine.ini]
[2021.03.06-02.38.21:679][  0]LogConfig: Applying CVar settings from Section [/Script/UnrealEd.CookerSettings] File [E:/MultiLvlDialogueSys/MultiLvllDialogueSys/Saved/Config/Windows/Engine.ini]
[2021.03.06-02.38.21:683][  0]LogConfig: Applying CVar settings from Section [ViewDistanceQuality@3] File [E:/MultiLvlDialogueSys/MultiLvllDialogueSys/Saved/Config/Windows/Scalability.ini]
[2021.03.06-02.38.21:683][  0]LogConfig: Setting CVar [[r.SkeletalMeshLODBias:0]]
[2021.03.06-02.38.21:683][  0]LogConfig: Setting CVar [[r.ViewDistanceScale:1.0]]
[2021.03.06-02.38.21:683][  0]LogConfig: Applying CVar settings from Section [AntiAliasingQuality@3] File [E:/MultiLvlDialogueSys/MultiLvllDialogueSys/Saved/Config/Windows/Scalability.ini]
[2021.03.06-02.38.21:683][  0]LogConfig: Setting CVar [[r.PostProcessAAQuality:4]]
[2021.03.06-02.38.21:683][  0]LogConfig: Applying CVar settings from Section [ShadowQuality@3] File [E:/MultiLvlDialogueSys/MultiLvllDialogueSys/Saved/Config/Windows/Scalability.ini]
[2021.03.06-02.38.21:683][  0]LogConfig: Setting CVar [[r.LightFunctionQuality:1]]
[2021.03.06-02.38.21:683][  0]LogConfig: Setting CVar [[r.ShadowQuality:5]]
[2021.03.06-02.38.21:683][  0]LogConfig: Setting CVar [[r.Shadow.CSM.MaxCascades:10]]
[2021.03.06-02.38.21:683][  0]LogConfig: Setting CVar [[r.Shadow.MaxResolution:2048]]
[2021.03.06-02.38.21:683][  0]LogConfig: Setting CVar [[r.Shadow.MaxCSMResolution:2048]]
[2021.03.06-02.38.21:683][  0]LogConfig: Setting CVar [[r.Shadow.RadiusThreshold:0.01]]
[2021.03.06-02.38.21:683][  0]LogConfig: Setting CVar [[r.Shadow.DistanceScale:1.0]]
[2021.03.06-02.38.21:683][  0]LogConfig: Setting CVar [[r.Shadow.CSM.TransitionScale:1.0]]
[2021.03.06-02.38.21:683][  0]LogConfig: Setting CVar [[r.Shadow.PreShadowResolutionFactor:1.0]]
[2021.03.06-02.38.21:683][  0]LogConfig: Setting CVar [[r.DistanceFieldShadowing:1]]
[2021.03.06-02.38.21:683][  0]LogConfig: Setting CVar [[r.DistanceFieldAO:1]]
[2021.03.06-02.38.21:683][  0]LogConfig: Setting CVar [[r.AOQuality:2]]
[2021.03.06-02.38.21:683][  0]LogConfig: Setting CVar [[r.VolumetricFog:1]]
[2021.03.06-02.38.21:683][  0]LogConfig: Setting CVar [[r.VolumetricFog.GridPixelSize:8]]
[2021.03.06-02.38.21:683][  0]LogConfig: Setting CVar [[r.VolumetricFog.GridSizeZ:128]]
[2021.03.06-02.38.21:683][  0]LogConfig: Setting CVar [[r.VolumetricFog.HistoryMissSupersampleCount:4]]
[2021.03.06-02.38.21:683][  0]LogConfig: Setting CVar [[r.LightMaxDrawDistanceScale:1]]
[2021.03.06-02.38.21:683][  0]LogConfig: Setting CVar [[r.CapsuleShadows:1]]
[2021.03.06-02.38.21:683][  0]LogConfig: Applying CVar settings from Section [PostProcessQuality@3] File [E:/MultiLvlDialogueSys/MultiLvllDialogueSys/Saved/Config/Windows/Scalability.ini]
[2021.03.06-02.38.21:683][  0]LogConfig: Setting CVar [[r.MotionBlurQuality:4]]
[2021.03.06-02.38.21:683][  0]LogConfig: Setting CVar [[r.AmbientOcclusionMipLevelFactor:0.4]]
[2021.03.06-02.38.21:683][  0]LogConfig: Setting CVar [[r.AmbientOcclusionMaxQuality:100]]
[2021.03.06-02.38.21:683][  0]LogConfig: Setting CVar [[r.AmbientOcclusionLevels:-1]]
[2021.03.06-02.38.21:683][  0]LogConfig: Setting CVar [[r.AmbientOcclusionRadiusScale:1.0]]
[2021.03.06-02.38.21:683][  0]LogConfig: Setting CVar [[r.DepthOfFieldQuality:2]]
[2021.03.06-02.38.21:683][  0]LogConfig: Setting CVar [[r.RenderTargetPoolMin:400]]
[2021.03.06-02.38.21:683][  0]LogConfig: Setting CVar [[r.LensFlareQuality:2]]
[2021.03.06-02.38.21:683][  0]LogConfig: Setting CVar [[r.SceneColorFringeQuality:1]]
[2021.03.06-02.38.21:683][  0]LogConfig: Setting CVar [[r.EyeAdaptationQuality:2]]
[2021.03.06-02.38.21:683][  0]LogConfig: Setting CVar [[r.BloomQuality:5]]
[2021.03.06-02.38.21:683][  0]LogConfig: Setting CVar [[r.FastBlurThreshold:100]]
[2021.03.06-02.38.21:683][  0]LogConfig: Setting CVar [[r.Upscale.Quality:3]]
[2021.03.06-02.38.21:684][  0]LogConfig: Setting CVar [[r.Tonemapper.GrainQuantization:1]]
[2021.03.06-02.38.21:684][  0]LogConfig: Setting CVar [[r.LightShaftQuality:1]]
[2021.03.06-02.38.21:684][  0]LogConfig: Setting CVar [[r.Filter.SizeScale:1]]
[2021.03.06-02.38.21:684][  0]LogConfig: Setting CVar [[r.Tonemapper.Quality:5]]
[2021.03.06-02.38.21:684][  0]LogConfig: Setting CVar [[r.DOF.Gather.AccumulatorQuality:1        ; higher gathering accumulator quality]]
[2021.03.06-02.38.21:684][  0]LogConfig: Setting CVar [[r.DOF.Gather.PostfilterMethod:1          ; Median3x3 postfilering method]]
[2021.03.06-02.38.21:684][  0]LogConfig: Setting CVar [[r.DOF.Gather.EnableBokehSettings:0       ; no bokeh simulation when gathering]]
[2021.03.06-02.38.21:684][  0]LogConfig: Setting CVar [[r.DOF.Gather.RingCount:4                 ; medium number of samples when gathering]]
[2021.03.06-02.38.21:684][  0]LogConfig: Setting CVar [[r.DOF.Scatter.ForegroundCompositing:1    ; additive foreground scattering]]
[2021.03.06-02.38.21:684][  0]LogConfig: Setting CVar [[r.DOF.Scatter.BackgroundCompositing:2    ; additive background scattering]]
[2021.03.06-02.38.21:684][  0]LogConfig: Setting CVar [[r.DOF.Scatter.EnableBokehSettings:1      ; bokeh simulation when scattering]]
[2021.03.06-02.38.21:684][  0]LogConfig: Setting CVar [[r.DOF.Scatter.MaxSpriteRatio:0.1         ; only a maximum of 10% of scattered bokeh]]
[2021.03.06-02.38.21:684][  0]LogConfig: Setting CVar [[r.DOF.Recombine.Quality:1                ; cheap slight out of focus]]
[2021.03.06-02.38.21:684][  0]LogConfig: Setting CVar [[r.DOF.Recombine.EnableBokehSettings:0    ; no bokeh simulation on slight out of focus]]
[2021.03.06-02.38.21:684][  0]LogConfig: Setting CVar [[r.DOF.TemporalAAQuality:1                ; more stable temporal accumulation]]
[2021.03.06-02.38.21:684][  0]LogConfig: Setting CVar [[r.DOF.Kernel.MaxForegroundRadius:0.025]]
[2021.03.06-02.38.21:684][  0]LogConfig: Setting CVar [[r.DOF.Kernel.MaxBackgroundRadius:0.025]]
[2021.03.06-02.38.21:684][  0]LogConfig: Applying CVar settings from Section [TextureQuality@3] File [E:/MultiLvlDialogueSys/MultiLvllDialogueSys/Saved/Config/Windows/Scalability.ini]
[2021.03.06-02.38.21:684][  0]LogConfig: Setting CVar [[r.Streaming.MipBias:0]]
[2021.03.06-02.38.21:684][  0]LogConfig: Setting CVar [[r.Streaming.AmortizeCPUToGPUCopy:0]]
[2021.03.06-02.38.21:684][  0]LogConfig: Setting CVar [[r.Streaming.MaxNumTexturesToStreamPerFrame:0]]
[2021.03.06-02.38.21:684][  0]LogConfig: Setting CVar [[r.Streaming.Boost:1]]
[2021.03.06-02.38.21:684][  0]LogConfig: Setting CVar [[r.MaxAnisotropy:8]]
[2021.03.06-02.38.21:684][  0]LogConfig: Setting CVar [[r.VT.MaxAnisotropy:8]]
[2021.03.06-02.38.21:684][  0]LogConfig: Setting CVar [[r.Streaming.LimitPoolSizeToVRAM:0]]
[2021.03.06-02.38.21:684][  0]LogConfig: Setting CVar [[r.Streaming.PoolSize:1000]]
[2021.03.06-02.38.21:684][  0]LogConfig: Setting CVar [[r.Streaming.MaxEffectiveScreenSize:0]]
[2021.03.06-02.38.21:684][  0]LogConfig: Applying CVar settings from Section [EffectsQuality@3] File [E:/MultiLvlDialogueSys/MultiLvllDialogueSys/Saved/Config/Windows/Scalability.ini]
[2021.03.06-02.38.21:684][  0]LogConfig: Setting CVar [[r.TranslucencyLightingVolumeDim:64]]
[2021.03.06-02.38.21:684][  0]LogConfig: Setting CVar [[r.RefractionQuality:2]]
[2021.03.06-02.38.21:684][  0]LogConfig: Setting CVar [[r.SSR.Quality:3]]
[2021.03.06-02.38.21:684][  0]LogConfig: Setting CVar [[r.SSR.HalfResSceneColor:0]]
[2021.03.06-02.38.21:684][  0]LogConfig: Setting CVar [[r.SceneColorFormat:4]]
[2021.03.06-02.38.21:684][  0]LogConfig: Setting CVar [[r.DetailMode:2]]
[2021.03.06-02.38.21:684][  0]LogConfig: Setting CVar [[r.TranslucencyVolumeBlur:1]]
[2021.03.06-02.38.21:684][  0]LogConfig: Setting CVar [[r.MaterialQualityLevel:1 ; High quality]]
[2021.03.06-02.38.21:684][  0]LogConfig: Setting CVar [[r.SSS.Scale:1]]
[2021.03.06-02.38.21:684][  0]LogConfig: Setting CVar [[r.SSS.SampleSet:2]]
[2021.03.06-02.38.21:684][  0]LogConfig: Setting CVar [[r.SSS.Quality:1]]
[2021.03.06-02.38.21:684][  0]LogConfig: Setting CVar [[r.SSS.HalfRes:0]]
[2021.03.06-02.38.21:684][  0]LogConfig: Setting CVar [[r.SSGI.Quality:3]]
[2021.03.06-02.38.21:684][  0]LogConfig: Setting CVar [[r.EmitterSpawnRateScale:1.0]]
[2021.03.06-02.38.21:684][  0]LogConfig: Setting CVar [[r.ParticleLightQuality:2]]
[2021.03.06-02.38.21:684][  0]LogConfig: Setting CVar [[r.SkyAtmosphere.AerialPerspectiveLUT.FastApplyOnOpaque:1 ; Always have FastSkyLUT 1 in this case to avoid wrong sky]]
[2021.03.06-02.38.21:684][  0]LogConfig: Setting CVar [[r.SkyAtmosphere.AerialPerspectiveLUT.SampleCountPerSlice:1]]
[2021.03.06-02.38.21:684][  0]LogConfig: Setting CVar [[r.SkyAtmosphere.AerialPerspectiveLUT.DepthResolution:16.0]]
[2021.03.06-02.38.21:684][  0]LogConfig: Setting CVar [[r.SkyAtmosphere.FastSkyLUT:1]]
[2021.03.06-02.38.21:684][  0]LogConfig: Setting CVar [[r.SkyAtmosphere.FastSkyLUT.SampleCountMin:4.0]]
[2021.03.06-02.38.21:684][  0]LogConfig: Setting CVar [[r.SkyAtmosphere.FastSkyLUT.SampleCountMax:32.0]]
[2021.03.06-02.38.21:684][  0]LogConfig: Setting CVar [[r.SkyAtmosphere.SampleCountMin:4.0]]
[2021.03.06-02.38.21:684][  0]LogConfig: Setting CVar [[r.SkyAtmosphere.SampleCountMax:32.0]]
[2021.03.06-02.38.21:684][  0]LogConfig: Setting CVar [[r.SkyAtmosphere.TransmittanceLUT.UseSmallFormat:0]]
[2021.03.06-02.38.21:684][  0]LogConfig: Setting CVar [[r.SkyAtmosphere.TransmittanceLUT.SampleCount:10.0]]
[2021.03.06-02.38.21:684][  0]LogConfig: Setting CVar [[r.SkyAtmosphere.MultiScatteringLUT.SampleCount:15.0]]
[2021.03.06-02.38.21:685][  0]LogConfig: Applying CVar settings from Section [FoliageQuality@3] File [E:/MultiLvlDialogueSys/MultiLvllDialogueSys/Saved/Config/Windows/Scalability.ini]
[2021.03.06-02.38.21:685][  0]LogConfig: Setting CVar [[foliage.DensityScale:1.0]]
[2021.03.06-02.38.21:685][  0]LogConfig: Setting CVar [[grass.DensityScale:1.0]]
[2021.03.06-02.38.21:685][  0]LogConfig: Applying CVar settings from Section [ShadingQuality@3] File [E:/MultiLvlDialogueSys/MultiLvllDialogueSys/Saved/Config/Windows/Scalability.ini]
[2021.03.06-02.38.21:685][  0]LogConfig: Setting CVar [[r.HairStrands.SkyLighting.SampleCount:16]]
[2021.03.06-02.38.21:685][  0]LogConfig: Setting CVar [[r.HairStrands.SkyLighting.JitterIntegration:0]]
[2021.03.06-02.38.21:685][  0]LogConfig: Setting CVar [[r.HairStrands.SkyAO.SampleCount:16]]
[2021.03.06-02.38.21:685][  0]LogConfig: Setting CVar [[r.HairStrands.DeepShadow.SuperSampling:0]]
[2021.03.06-02.38.21:685][  0]LogConfig: Setting CVar [[r.HairStrands.VisibilityPPLL:0]]
[2021.03.06-02.38.21:685][  0]LogConfig: Setting CVar [[r.HairStrands.RasterizationScale:0.5]]
[2021.03.06-02.38.21:685][  0]LogConfig: Setting CVar [[r.HairStrands.VelocityRasterizationScale:1]]
[2021.03.06-02.38.21:685][  0]LogInit: Selected Device Profile: [Windows]
[2021.03.06-02.38.21:685][  0]LogInit: Applying CVar settings loaded from the selected device profile: [Windows]
[2021.03.06-02.38.21:685][  0]LogHAL: Display: Platform has ~ 7 GB [7469842432 / 8589934592 / 7], which maps to Smaller [LargestMinGB=32, LargerMinGB=12, DefaultMinGB=8, SmallerMinGB=6, SmallestMinGB=0)
[2021.03.06-02.38.21:685][  0]LogInit: Going up to parent DeviceProfile []
[2021.03.06-02.38.21:685][  0]LogConfig: Applying CVar settings from Section [ViewDistanceQuality@3] File [E:/MultiLvlDialogueSys/MultiLvllDialogueSys/Saved/Config/Windows/Scalability.ini]
[2021.03.06-02.38.21:685][  0]LogConfig: Setting CVar [[r.SkeletalMeshLODBias:0]]
[2021.03.06-02.38.21:685][  0]LogConfig: Setting CVar [[r.ViewDistanceScale:1.0]]
[2021.03.06-02.38.21:685][  0]LogConfig: Applying CVar settings from Section [AntiAliasingQuality@3] File [E:/MultiLvlDialogueSys/MultiLvllDialogueSys/Saved/Config/Windows/Scalability.ini]
[2021.03.06-02.38.21:685][  0]LogConfig: Setting CVar [[r.PostProcessAAQuality:4]]
[2021.03.06-02.38.21:685][  0]LogConfig: Applying CVar settings from Section [ShadowQuality@3] File [E:/MultiLvlDialogueSys/MultiLvllDialogueSys/Saved/Config/Windows/Scalability.ini]
[2021.03.06-02.38.21:685][  0]LogConfig: Setting CVar [[r.LightFunctionQuality:1]]
[2021.03.06-02.38.21:685][  0]LogConfig: Setting CVar [[r.ShadowQuality:5]]
[2021.03.06-02.38.21:685][  0]LogConfig: Setting CVar [[r.Shadow.CSM.MaxCascades:10]]
[2021.03.06-02.38.21:685][  0]LogConfig: Setting CVar [[r.Shadow.MaxResolution:2048]]
[2021.03.06-02.38.21:685][  0]LogConfig: Setting CVar [[r.Shadow.MaxCSMResolution:2048]]
[2021.03.06-02.38.21:685][  0]LogConfig: Setting CVar [[r.Shadow.RadiusThreshold:0.01]]
[2021.03.06-02.38.21:685][  0]LogConfig: Setting CVar [[r.Shadow.DistanceScale:1.0]]
[2021.03.06-02.38.21:685][  0]LogConfig: Setting CVar [[r.Shadow.CSM.TransitionScale:1.0]]
[2021.03.06-02.38.21:685][  0]LogConfig: Setting CVar [[r.Shadow.PreShadowResolutionFactor:1.0]]
[2021.03.06-02.38.21:685][  0]LogConfig: Setting CVar [[r.DistanceFieldShadowing:1]]
[2021.03.06-02.38.21:685][  0]LogConfig: Setting CVar [[r.DistanceFieldAO:1]]
[2021.03.06-02.38.21:685][  0]LogConfig: Setting CVar [[r.AOQuality:2]]
[2021.03.06-02.38.21:685][  0]LogConfig: Setting CVar [[r.VolumetricFog:1]]
[2021.03.06-02.38.21:685][  0]LogConfig: Setting CVar [[r.VolumetricFog.GridPixelSize:8]]
[2021.03.06-02.38.21:685][  0]LogConfig: Setting CVar [[r.VolumetricFog.GridSizeZ:128]]
[2021.03.06-02.38.21:685][  0]LogConfig: Setting CVar [[r.VolumetricFog.HistoryMissSupersampleCount:4]]
[2021.03.06-02.38.21:685][  0]LogConfig: Setting CVar [[r.LightMaxDrawDistanceScale:1]]
[2021.03.06-02.38.21:685][  0]LogConfig: Setting CVar [[r.CapsuleShadows:1]]
[2021.03.06-02.38.21:685][  0]LogConfig: Applying CVar settings from Section [PostProcessQuality@3] File [E:/MultiLvlDialogueSys/MultiLvllDialogueSys/Saved/Config/Windows/Scalability.ini]
[2021.03.06-02.38.21:685][  0]LogConfig: Setting CVar [[r.MotionBlurQuality:4]]
[2021.03.06-02.38.21:685][  0]LogConfig: Setting CVar [[r.AmbientOcclusionMipLevelFactor:0.4]]
[2021.03.06-02.38.21:685][  0]LogConfig: Setting CVar [[r.AmbientOcclusionMaxQuality:100]]
[2021.03.06-02.38.21:685][  0]LogConfig: Setting CVar [[r.AmbientOcclusionLevels:-1]]
[2021.03.06-02.38.21:685][  0]LogConfig: Setting CVar [[r.AmbientOcclusionRadiusScale:1.0]]
[2021.03.06-02.38.21:685][  0]LogConfig: Setting CVar [[r.DepthOfFieldQuality:2]]
[2021.03.06-02.38.21:685][  0]LogConfig: Setting CVar [[r.RenderTargetPoolMin:400]]
[2021.03.06-02.38.21:686][  0]LogConfig: Setting CVar [[r.LensFlareQuality:2]]
[2021.03.06-02.38.21:686][  0]LogConfig: Setting CVar [[r.SceneColorFringeQuality:1]]
[2021.03.06-02.38.21:686][  0]LogConfig: Setting CVar [[r.EyeAdaptationQuality:2]]
[2021.03.06-02.38.21:686][  0]LogConfig: Setting CVar [[r.BloomQuality:5]]
[2021.03.06-02.38.21:686][  0]LogConfig: Setting CVar [[r.FastBlurThreshold:100]]
[2021.03.06-02.38.21:686][  0]LogConfig: Setting CVar [[r.Upscale.Quality:3]]
[2021.03.06-02.38.21:686][  0]LogConfig: Setting CVar [[r.Tonemapper.GrainQuantization:1]]
[2021.03.06-02.38.21:686][  0]LogConfig: Setting CVar [[r.LightShaftQuality:1]]
[2021.03.06-02.38.21:686][  0]LogConfig: Setting CVar [[r.Filter.SizeScale:1]]
[2021.03.06-02.38.21:686][  0]LogConfig: Setting CVar [[r.Tonemapper.Quality:5]]
[2021.03.06-02.38.21:686][  0]LogConfig: Setting CVar [[r.DOF.Gather.AccumulatorQuality:1        ; higher gathering accumulator quality]]
[2021.03.06-02.38.21:686][  0]LogConfig: Setting CVar [[r.DOF.Gather.PostfilterMethod:1          ; Median3x3 postfilering method]]
[2021.03.06-02.38.21:686][  0]LogConfig: Setting CVar [[r.DOF.Gather.EnableBokehSettings:0       ; no bokeh simulation when gathering]]
[2021.03.06-02.38.21:686][  0]LogConfig: Setting CVar [[r.DOF.Gather.RingCount:4                 ; medium number of samples when gathering]]
[2021.03.06-02.38.21:686][  0]LogConfig: Setting CVar [[r.DOF.Scatter.ForegroundCompositing:1    ; additive foreground scattering]]
[2021.03.06-02.38.21:686][  0]LogConfig: Setting CVar [[r.DOF.Scatter.BackgroundCompositing:2    ; additive background scattering]]
[2021.03.06-02.38.21:686][  0]LogConfig: Setting CVar [[r.DOF.Scatter.EnableBokehSettings:1      ; bokeh simulation when scattering]]
[2021.03.06-02.38.21:686][  0]LogConfig: Setting CVar [[r.DOF.Scatter.MaxSpriteRatio:0.1         ; only a maximum of 10% of scattered bokeh]]
[2021.03.06-02.38.21:686][  0]LogConfig: Setting CVar [[r.DOF.Recombine.Quality:1                ; cheap slight out of focus]]
[2021.03.06-02.38.21:686][  0]LogConfig: Setting CVar [[r.DOF.Recombine.EnableBokehSettings:0    ; no bokeh simulation on slight out of focus]]
[2021.03.06-02.38.21:686][  0]LogConfig: Setting CVar [[r.DOF.TemporalAAQuality:1                ; more stable temporal accumulation]]
[2021.03.06-02.38.21:686][  0]LogConfig: Setting CVar [[r.DOF.Kernel.MaxForegroundRadius:0.025]]
[2021.03.06-02.38.21:686][  0]LogConfig: Setting CVar [[r.DOF.Kernel.MaxBackgroundRadius:0.025]]
[2021.03.06-02.38.21:686][  0]LogConfig: Applying CVar settings from Section [TextureQuality@3] File [E:/MultiLvlDialogueSys/MultiLvllDialogueSys/Saved/Config/Windows/Scalability.ini]
[2021.03.06-02.38.21:686][  0]LogConfig: Setting CVar [[r.Streaming.MipBias:0]]
[2021.03.06-02.38.21:686][  0]LogConfig: Setting CVar [[r.Streaming.AmortizeCPUToGPUCopy:0]]
[2021.03.06-02.38.21:686][  0]LogConfig: Setting CVar [[r.Streaming.MaxNumTexturesToStreamPerFrame:0]]
[2021.03.06-02.38.21:686][  0]LogConfig: Setting CVar [[r.Streaming.Boost:1]]
[2021.03.06-02.38.21:686][  0]LogConfig: Setting CVar [[r.MaxAnisotropy:8]]
[2021.03.06-02.38.21:686][  0]LogConfig: Setting CVar [[r.VT.MaxAnisotropy:8]]
[2021.03.06-02.38.21:686][  0]LogConfig: Setting CVar [[r.Streaming.LimitPoolSizeToVRAM:0]]
[2021.03.06-02.38.21:686][  0]LogConfig: Setting CVar [[r.Streaming.PoolSize:1000]]
[2021.03.06-02.38.21:686][  0]LogConfig: Setting CVar [[r.Streaming.MaxEffectiveScreenSize:0]]
[2021.03.06-02.38.21:686][  0]LogConfig: Applying CVar settings from Section [EffectsQuality@3] File [E:/MultiLvlDialogueSys/MultiLvllDialogueSys/Saved/Config/Windows/Scalability.ini]
[2021.03.06-02.38.21:686][  0]LogConfig: Setting CVar [[r.TranslucencyLightingVolumeDim:64]]
[2021.03.06-02.38.21:686][  0]LogConfig: Setting CVar [[r.RefractionQuality:2]]
[2021.03.06-02.38.21:686][  0]LogConfig: Setting CVar [[r.SSR.Quality:3]]
[2021.03.06-02.38.21:686][  0]LogConfig: Setting CVar [[r.SSR.HalfResSceneColor:0]]
[2021.03.06-02.38.21:686][  0]LogConfig: Setting CVar [[r.SceneColorFormat:4]]
[2021.03.06-02.38.21:686][  0]LogConfig: Setting CVar [[r.DetailMode:2]]
[2021.03.06-02.38.21:686][  0]LogConfig: Setting CVar [[r.TranslucencyVolumeBlur:1]]
[2021.03.06-02.38.21:686][  0]LogConfig: Setting CVar [[r.MaterialQualityLevel:1 ; High quality]]
[2021.03.06-02.38.21:686][  0]LogConfig: Setting CVar [[r.SSS.Scale:1]]
[2021.03.06-02.38.21:686][  0]LogConfig: Setting CVar [[r.SSS.SampleSet:2]]
[2021.03.06-02.38.21:686][  0]LogConfig: Setting CVar [[r.SSS.Quality:1]]
[2021.03.06-02.38.21:686][  0]LogConfig: Setting CVar [[r.SSS.HalfRes:0]]
[2021.03.06-02.38.21:686][  0]LogConfig: Setting CVar [[r.SSGI.Quality:3]]
[2021.03.06-02.38.21:686][  0]LogConfig: Setting CVar [[r.EmitterSpawnRateScale:1.0]]
[2021.03.06-02.38.21:686][  0]LogConfig: Setting CVar [[r.ParticleLightQuality:2]]
[2021.03.06-02.38.21:686][  0]LogConfig: Setting CVar [[r.SkyAtmosphere.AerialPerspectiveLUT.FastApplyOnOpaque:1 ; Always have FastSkyLUT 1 in this case to avoid wrong sky]]
[2021.03.06-02.38.21:686][  0]LogConfig: Setting CVar [[r.SkyAtmosphere.AerialPerspectiveLUT.SampleCountPerSlice:1]]
[2021.03.06-02.38.21:686][  0]LogConfig: Setting CVar [[r.SkyAtmosphere.AerialPerspectiveLUT.DepthResolution:16.0]]
[2021.03.06-02.38.21:686][  0]LogConfig: Setting CVar [[r.SkyAtmosphere.FastSkyLUT:1]]
[2021.03.06-02.38.21:686][  0]LogConfig: Setting CVar [[r.SkyAtmosphere.FastSkyLUT.SampleCountMin:4.0]]
[2021.03.06-02.38.21:686][  0]LogConfig: Setting CVar [[r.SkyAtmosphere.FastSkyLUT.SampleCountMax:32.0]]
[2021.03.06-02.38.21:687][  0]LogConfig: Setting CVar [[r.SkyAtmosphere.SampleCountMin:4.0]]
[2021.03.06-02.38.21:687][  0]LogConfig: Setting CVar [[r.SkyAtmosphere.SampleCountMax:32.0]]
[2021.03.06-02.38.21:687][  0]LogConfig: Setting CVar [[r.SkyAtmosphere.TransmittanceLUT.UseSmallFormat:0]]
[2021.03.06-02.38.21:687][  0]LogConfig: Setting CVar [[r.SkyAtmosphere.TransmittanceLUT.SampleCount:10.0]]
[2021.03.06-02.38.21:687][  0]LogConfig: Setting CVar [[r.SkyAtmosphere.MultiScatteringLUT.SampleCount:15.0]]
[2021.03.06-02.38.21:687][  0]LogConfig: Applying CVar settings from Section [FoliageQuality@3] File [E:/MultiLvlDialogueSys/MultiLvllDialogueSys/Saved/Config/Windows/Scalability.ini]
[2021.03.06-02.38.21:687][  0]LogConfig: Setting CVar [[foliage.DensityScale:1.0]]
[2021.03.06-02.38.21:687][  0]LogConfig: Setting CVar [[grass.DensityScale:1.0]]
[2021.03.06-02.38.21:687][  0]LogConfig: Applying CVar settings from Section [ShadingQuality@3] File [E:/MultiLvlDialogueSys/MultiLvllDialogueSys/Saved/Config/Windows/Scalability.ini]
[2021.03.06-02.38.21:687][  0]LogConfig: Setting CVar [[r.HairStrands.SkyLighting.SampleCount:16]]
[2021.03.06-02.38.21:687][  0]LogConfig: Setting CVar [[r.HairStrands.SkyLighting.JitterIntegration:0]]
[2021.03.06-02.38.21:687][  0]LogConfig: Setting CVar [[r.HairStrands.SkyAO.SampleCount:16]]
[2021.03.06-02.38.21:687][  0]LogConfig: Setting CVar [[r.HairStrands.DeepShadow.SuperSampling:0]]
[2021.03.06-02.38.21:687][  0]LogConfig: Setting CVar [[r.HairStrands.VisibilityPPLL:0]]
[2021.03.06-02.38.21:687][  0]LogConfig: Setting CVar [[r.HairStrands.RasterizationScale:0.5]]
[2021.03.06-02.38.21:687][  0]LogConfig: Setting CVar [[r.HairStrands.VelocityRasterizationScale:1]]
[2021.03.06-02.38.21:687][  0]LogConfig: Applying CVar settings from Section [Startup] File [../../../Engine/Config/ConsoleVariables.ini]
[2021.03.06-02.38.21:718][  0]LogConfig: Setting CVar [[net.UseAdaptiveNetUpdateFrequency:0]]
[2021.03.06-02.38.21:718][  0]LogConfig: Setting CVar [[p.chaos.AllowCreatePhysxBodies:1]]
[2021.03.06-02.38.21:718][  0]LogConfig: Setting CVar [[fx.SkipVectorVMBackendOptimizations:1]]
[2021.03.06-02.38.21:718][  0]LogConfig: Applying CVar settings from Section [ConsoleVariables] File [E:/MultiLvlDialogueSys/MultiLvllDialogueSys/Saved/Config/Windows/Engine.ini]
[2021.03.06-02.38.21:719][  0]LogInit: Computer: DESKTOP-C60EHHE
[2021.03.06-02.38.21:719][  0]LogInit: User: rahul
[2021.03.06-02.38.21:719][  0]LogInit: CPU Page size=4096, Cores=4
[2021.03.06-02.38.21:719][  0]LogInit: High frequency timer resolution =10.000000 MHz
[2021.03.06-02.38.21:719][  0]LogMemory: Memory total: Physical=7.0GB (7GB approx)
[2021.03.06-02.38.21:719][  0]LogMemory: Platform Memory Stats for Windows
[2021.03.06-02.38.21:719][  0]LogMemory: Process Physical Memory: 114.10 MB used, 114.11 MB peak
[2021.03.06-02.38.21:719][  0]LogMemory: Process Virtual Memory: 96.25 MB used, 96.25 MB peak
[2021.03.06-02.38.21:719][  0]LogMemory: Physical Memory: 6099.66 MB used,  1024.13 MB free, 7123.80 MB total
[2021.03.06-02.38.21:719][  0]LogMemory: Virtual Memory: 5143.11 MB used,  134212584.00 MB free, 134217728.00 MB total
[2021.03.06-02.38.21:740][  0]LogWindows: WindowsPlatformFeatures enabled
[2021.03.06-02.38.22:179][  0]LogInit: Physics initialised using underlying interface: PhysX
[2021.03.06-02.38.22:189][  0]LogInit: Using OS detected language (en-US).
[2021.03.06-02.38.22:189][  0]LogInit: Using OS detected locale (en-US).
[2021.03.06-02.38.22:192][  0]LogTextLocalizationManager: No specific localization for 'en-US' exists, so the 'en' localization will be used.
[2021.03.06-02.38.22:965][  0]LogInit: Setting process to per monitor DPI aware
[2021.03.06-02.38.23:167][  0]LogSlate: New Slate User Created.  User Index 0, Is Virtual User: 0
[2021.03.06-02.38.23:168][  0]LogSlate: Slate User Registered.  User Index 0, Is Virtual User: 0
[2021.03.06-02.38.23:869][  0]LogHMD: Failed to initialize OpenVR with code 110
[2021.03.06-02.38.23:869][  0]LogD3D11RHI: D3D11 min allowed feature level: 11_0
[2021.03.06-02.38.23:869][  0]LogD3D11RHI: D3D11 max allowed feature level: 11_0
[2021.03.06-02.38.23:869][  0]LogD3D11RHI: D3D11 adapters:
[2021.03.06-02.38.23:911][  0]LogD3D11RHI:    0. 'AMD Radeon(TM) Vega 8 Graphics' (Feature Level 11_0)
[2021.03.06-02.38.23:911][  0]LogD3D11RHI:       1008/0/3561 MB DedicatedVideo/DedicatedSystem/SharedSystem, Outputs:1, VendorId:0x1002
[2021.03.06-02.38.23:917][  0]LogD3D11RHI:    1. 'Microsoft Basic Render Driver' (Feature Level 11_0)
[2021.03.06-02.38.23:917][  0]LogD3D11RHI:       0/0/3561 MB DedicatedVideo/DedicatedSystem/SharedSystem, Outputs:0, VendorId:0x1414
[2021.03.06-02.38.23:917][  0]LogD3D11RHI: Chosen D3D11 Adapter: 0
[2021.03.06-02.38.23:930][  0]LogD3D11RHI: Creating new Direct3DDevice
[2021.03.06-02.38.23:930][  0]LogD3D11RHI:     GPU DeviceId: 0x15dd (for the marketing name, search the web for "GPU Device Id")
[2021.03.06-02.38.23:930][  0]LogWindows: EnumDisplayDevices:
[2021.03.06-02.38.23:930][  0]LogWindows:    0. 'AMD Radeon(TM) Vega 8 Graphics' (P:1 D:1)
[2021.03.06-02.38.23:931][  0]LogWindows:    1. 'AMD Radeon(TM) Vega 8 Graphics' (P:0 D:0)
[2021.03.06-02.38.23:932][  0]LogWindows:    2. 'AMD Radeon(TM) Vega 8 Graphics' (P:0 D:0)
[2021.03.06-02.38.23:932][  0]LogWindows:    3. 'AMD Radeon(TM) Vega 8 Graphics' (P:0 D:0)
[2021.03.06-02.38.23:933][  0]LogWindows:    4. 'AMD Radeon(TM) Vega 8 Graphics' (P:0 D:0)
[2021.03.06-02.38.23:933][  0]LogWindows:    5. 'AMD Radeon(TM) Vega 8 Graphics' (P:0 D:0)
[2021.03.06-02.38.23:934][  0]LogWindows: DebugString: FoundDriverCount:6 
[2021.03.06-02.38.23:934][  0]LogD3D11RHI:     Adapter Name: AMD Radeon(TM) Vega 8 Graphics
[2021.03.06-02.38.23:934][  0]LogD3D11RHI:   Driver Version: Adrenalin 19.10.08.06 (internal:26.20.11008.6001, unified:26.20.11008.6001)
[2021.03.06-02.38.23:934][  0]LogD3D11RHI:      Driver Date: 11-4-2019
[2021.03.06-02.38.23:934][  0]LogRHI: Texture pool is 2879 MB (70% of 4113 MB)
[2021.03.06-02.38.23:975][  0]LogD3D11RHI: RHI does not have support for 64 bit atomics
[2021.03.06-02.38.23:975][  0]LogD3D11RHI: Async texture creation enabled
[2021.03.06-02.38.23:975][  0]LogD3D11RHI: Array index from any shader is supported
[2021.03.06-02.38.23:975][  0]LogD3D11RHI: HDR output is supported on display 0 (AMD Device: 0x0, Display: 0x0).
[2021.03.06-02.38.23:995][  0]LogD3D11RHI: GPU Timing Frequency: 25.000000 (Debug: 2 1)
[2021.03.06-02.38.24:793][  0]LogTargetPlatformManager: Display: Loaded TargetPlatform 'AllDesktop'
[2021.03.06-02.38.24:846][  0]LogTargetPlatformManager: Display: Loaded TargetPlatform 'Android'
[2021.03.06-02.38.24:846][  0]LogTargetPlatformManager: Display: Loaded TargetPlatform 'Android_ASTC'
[2021.03.06-02.38.24:846][  0]LogTargetPlatformManager: Display: Loaded TargetPlatform 'Android_DXT'
[2021.03.06-02.38.24:846][  0]LogTargetPlatformManager: Display: Loaded TargetPlatform 'Android_ETC2'
[2021.03.06-02.38.24:846][  0]LogTargetPlatformManager: Display: Loaded TargetPlatform 'AndroidClient'
[2021.03.06-02.38.24:846][  0]LogTargetPlatformManager: Display: Loaded TargetPlatform 'Android_ASTCClient'
[2021.03.06-02.38.24:846][  0]LogTargetPlatformManager: Display: Loaded TargetPlatform 'Android_DXTClient'
[2021.03.06-02.38.24:846][  0]LogTargetPlatformManager: Display: Loaded TargetPlatform 'Android_ETC2Client'
[2021.03.06-02.38.24:846][  0]LogTargetPlatformManager: Display: Loaded TargetPlatform 'Android_Multi'
[2021.03.06-02.38.24:846][  0]LogTargetPlatformManager: Display: Loaded TargetPlatform 'Android_MultiClient'
[2021.03.06-02.38.24:949][  0]LogTargetPlatformManager: Display: Loaded TargetPlatform 'IOSClient'
[2021.03.06-02.38.24:949][  0]LogTargetPlatformManager: Display: Loaded TargetPlatform 'IOS'
[2021.03.06-02.38.24:995][  0]LogTargetPlatformManager: Display: Loaded TargetPlatform 'Linux'
[2021.03.06-02.38.25:024][  0]LogTargetPlatformManager: Display: Loaded TargetPlatform 'LinuxNoEditor'
[2021.03.06-02.38.25:043][  0]LogTargetPlatformManager: Display: Loaded TargetPlatform 'LinuxClient'
[2021.03.06-02.38.25:062][  0]LogTargetPlatformManager: Display: Loaded TargetPlatform 'LinuxServer'
[2021.03.06-02.38.25:081][  0]LogTargetPlatformManager: Display: Loaded TargetPlatform 'LinuxAArch64NoEditor'
[2021.03.06-02.38.25:102][  0]LogTargetPlatformManager: Display: Loaded TargetPlatform 'LinuxAArch64Client'
[2021.03.06-02.38.25:119][  0]LogTargetPlatformManager: Display: Loaded TargetPlatform 'LinuxAArch64Server'
[2021.03.06-02.38.25:173][  0]LogTargetPlatformManager: Display: Loaded TargetPlatform 'Lumin'
[2021.03.06-02.38.25:173][  0]LogTargetPlatformManager: Display: Loaded TargetPlatform 'LuminClient'
[2021.03.06-02.38.25:223][  0]LogTargetPlatformManager: Display: Loaded TargetPlatform 'TVOSClient'
[2021.03.06-02.38.25:223][  0]LogTargetPlatformManager: Display: Loaded TargetPlatform 'TVOS'
[2021.03.06-02.38.25:255][  0]LogTargetPlatformManager: Display: Loaded TargetPlatform 'WindowsNoEditor'
[2021.03.06-02.38.25:280][  0]LogTargetPlatformManager: Display: Loaded TargetPlatform 'Windows'
[2021.03.06-02.38.25:305][  0]LogTargetPlatformManager: Display: Loaded TargetPlatform 'WindowsClient'
[2021.03.06-02.38.25:335][  0]LogTargetPlatformManager: Display: Loaded TargetPlatform 'WindowsServer'
[2021.03.06-02.38.25:335][  0]LogTargetPlatformManager: Display: Building Assets For Windows
[2021.03.06-02.38.25:443][  0]LogAudioDebug: Display: Lib vorbis DLL was dynamically loaded.
[2021.03.06-02.38.25:915][  0]LogShaderCompilers: Guid format shader working directory is -6 characters bigger than the processId version (../../../../MultiLvlDialogueSys/MultiLvllDialogueSys/Intermediate/Shaders/WorkingDirectory/8680/).
[2021.03.06-02.38.25:915][  0]LogShaderCompilers: Cleaned the shader compiler working directory 'C:/Users/rahul/AppData/Local/Temp/UnrealShaderWorkingDir/231E41824B771896C47B5390EE8CFF2F/'.
[2021.03.06-02.38.25:924][  0]LogXGEController: Cannot use XGE Controller as Incredibuild is not installed on this machine.
[2021.03.06-02.38.25:924][  0]LogShaderCompilers: Cannot use XGE Shader Compiler as Incredibuild is not installed on this machine.
[2021.03.06-02.38.25:925][  0]LogShaderCompilers: Display: Using Local Shader Compiler.
[2021.03.06-02.38.29:289][  0]LogDerivedDataCache: Display: Max Cache Size: 512 MB
[2021.03.06-02.38.29:372][  0]LogDerivedDataCache: Loaded boot cache 0.08s 76MB C:/Users/rahul/AppData/Local/UnrealEngine/4.25/DerivedDataCache/Boot.ddc.
[2021.03.06-02.38.29:372][  0]LogDerivedDataCache: Display: Loaded Boot cache: C:/Users/rahul/AppData/Local/UnrealEngine/4.25/DerivedDataCache/Boot.ddc
[2021.03.06-02.38.29:372][  0]LogDerivedDataCache: FDerivedDataBackendGraph:  Pak pak cache file ../../../../MultiLvlDialogueSys/MultiLvllDialogueSys/DerivedDataCache/DDC.ddp not found, will not use a pak cache.
[2021.03.06-02.38.29:372][  0]LogDerivedDataCache: Unable to find inner node Pak for hierarchical cache Hierarchy.
[2021.03.06-02.38.29:372][  0]LogDerivedDataCache: FDerivedDataBackendGraph:  CompressedPak pak cache file ../../../../MultiLvlDialogueSys/MultiLvllDialogueSys/DerivedDataCache/Compressed.ddp not found, will not use a pak cache.
[2021.03.06-02.38.29:372][  0]LogDerivedDataCache: Unable to find inner node CompressedPak for hierarchical cache Hierarchy.
[2021.03.06-02.38.29:390][  0]LogDerivedDataCache: Display: Pak cache opened for reading ../../../Engine/DerivedDataCache/Compressed.ddp.
[2021.03.06-02.38.29:390][  0]LogDerivedDataCache: FDerivedDataBackendGraph:  EnterprisePak pak cache file ../../../Enterprise/DerivedDataCache/Compressed.ddp not found, will not use a pak cache.
[2021.03.06-02.38.29:390][  0]LogDerivedDataCache: Unable to find inner node EnterprisePak for hierarchical cache Hierarchy.
[2021.03.06-02.38.29:392][  0]LogDerivedDataCache: Using Local data cache path C:/Users/rahul/AppData/Local/UnrealEngine/Common/DerivedDataCache: Writable
[2021.03.06-02.38.29:393][  0]LogDerivedDataCache: Shared data cache path not found in *engine.ini, will not use an Shared cache.
[2021.03.06-02.38.29:393][  0]LogDerivedDataCache: Unable to find inner node Shared for hierarchical cache Hierarchy.
[2021.03.06-02.38.29:467][  0]LogSlate: Using FreeType 2.10.0
[2021.03.06-02.38.29:468][  0]LogSlate: SlateFontServices - WITH_FREETYPE: 1, WITH_HARFBUZZ: 1
[2021.03.06-02.38.29:540][  0]LogAssetRegistry: FAssetRegistry took 0.0039 seconds to start up
[2021.03.06-02.38.29:888][  0]LogInit: Selected Device Profile: [Windows]
[2021.03.06-02.38.30:086][  0]LogMeshReduction: Using QuadricMeshReduction for automatic static mesh reduction
[2021.03.06-02.38.30:086][  0]LogMeshReduction: Using SimplygonMeshReduction for automatic skeletal mesh reduction
[2021.03.06-02.38.30:086][  0]LogMeshReduction: Using ProxyLODMeshReduction for automatic mesh merging
[2021.03.06-02.38.30:086][  0]LogMeshReduction: No distributed automatic mesh merging module available
[2021.03.06-02.38.30:086][  0]LogMeshMerging: No distributed automatic mesh merging module available
[2021.03.06-02.38.30:119][  0]LogNetVersion: MultiLvllDialogueSys 1.0.0, NetCL: 13144385, EngineNetVer: 14, GameNetVer: 0 (Checksum: 2163113088)
[2021.03.06-02.38.30:789][  0]LogAISub: UAISubsystem::UAISubsystem AISubsystem (000002740FCAB880), frame # 0
[2021.03.06-02.38.30:789][  0]LogAISub: UAISubsystem::UAISubsystem AIPerceptionSystem (000002740FCB0F40), frame # 0
[2021.03.06-02.38.30:791][  0]LogAISub: UAISubsystem::UAISubsystem EnvQueryManager (000002740FCEE000), frame # 0
[2021.03.06-02.38.30:989][  0]LogPackageLocalizationCache: Processed 19 localized package path(s) for 1 prioritized culture(s) in 0.186133 seconds
[2021.03.06-02.38.30:997][  0]LogUObjectArray: 15917 objects as part of root set at end of initial load.
[2021.03.06-02.38.30:997][  0]LogUObjectAllocator: 3965568 out of 0 bytes used by permanent object pool.
[2021.03.06-02.38.30:997][  0]LogUObjectArray: CloseDisregardForGC: 0/0 objects in disregard for GC pool
[2021.03.06-02.38.31:767][  0]LogTcpMessaging: Initializing TcpMessaging bridge
[2021.03.06-02.38.31:777][  0]LogUdpMessaging: Initializing bridge on interface 0.0.0.0:0 to multicast group 230.0.0.1:6666.
[2021.03.06-02.38.31:948][  0]SourceControl: Source control is disabled
[2021.03.06-02.38.31:948][  0]SourceControl: Source control is disabled
[2021.03.06-02.38.31:955][  0]SourceControl: Source control is disabled
[2021.03.06-02.38.31:962][  0]SourceControl: Source control is disabled
[2021.03.06-02.38.31:977][  0]SourceControl: Source control is disabled
[2021.03.06-02.38.32:005][  0]LogVSAccessor: Display: Unable to create Visual Studio setup instance: 80040154
[2021.03.06-02.38.32:006][  0]LogVSAccessor: Display: Unable to create Visual Studio setup instance: 80040154
[2021.03.06-02.38.32:521][  0]LogAndroidPermission: UAndroidPermissionCallbackProxy::GetInstance
[2021.03.06-02.38.32:566][  0]LogAudioCaptureCore: Display: No Audio Capture implementations found. Audio input will be silent.
[2021.03.06-02.38.32:566][  0]LogAudioCaptureCore: Display: No Audio Capture implementations found. Audio input will be silent.
[2021.03.06-02.38.32:668][  0]LogOcInput: OculusInput pre-init called
[2021.03.06-02.38.32:690][  0]LogWindows: Failed to load 'OVRPlugin.dll' (GetLastError=126)
[2021.03.06-02.38.32:690][  0]LogWindows: File 'OVRPlugin.dll' does not exist
[2021.03.06-02.38.32:804][  0]LogEngine: Initializing Engine...
[2021.03.06-02.38.32:839][  0]LogHMD: Failed to initialize OpenVR with code 110
[2021.03.06-02.38.32:839][  0]LogMagicLeap: Warning: VR disabled because ZI is not enabled.  To enable, in the editor, Edit -> Project Settings -> Plugins -> Magic Leap Plugin -> Enable Zero Iteration
[2021.03.06-02.38.32:840][  0]LogStats: UGameplayTagsManager::InitializeManager -  0.000 s
[2021.03.06-02.38.33:042][  0]LogInit: Initializing FReadOnlyCVARCache
[2021.03.06-02.38.33:059][  0]LogAIModule: Creating AISystem for world Untitled
[2021.03.06-02.38.33:059][  0]LogAISub: UAISubsystem::UAISubsystem EnvQueryManager (0000027417517C00), frame # 0
[2021.03.06-02.38.33:059][  0]LogAISub: UAISubsystem::UAISubsystem AIPerceptionSystem (00000274175D9940), frame # 0
[2021.03.06-02.38.33:082][  0]LogAudioMixer: Display: Audio Mixer Platform Settings:
[2021.03.06-02.38.33:082][  0]LogAudioMixer: Display: 	Sample Rate:						  48000
[2021.03.06-02.38.33:082][  0]LogAudioMixer: Display: 	Callback Buffer Frame Size Requested: 1024
[2021.03.06-02.38.33:082][  0]LogAudioMixer: Display: 	Callback Buffer Frame Size To Use:	  1024
[2021.03.06-02.38.33:082][  0]LogAudioMixer: Display: 	Number of buffers to queue:			  2
[2021.03.06-02.38.33:082][  0]LogAudioMixer: Display: 	Max Channels (voices):				  32
[2021.03.06-02.38.33:082][  0]LogAudioMixer: Display: 	Number of Async Source Workers:		  0
[2021.03.06-02.38.33:082][  0]LogAudio: Display: AudioDevice MaxSources: 32
[2021.03.06-02.38.33:082][  0]LogAudio: Display: Using built-in audio occlusion.
[2021.03.06-02.38.33:082][  0]LogAudioMixer: Display: Initializing audio mixer.
[2021.03.06-02.38.33:102][  0]LogAudioMixer: Display: 0: FrontLeft
[2021.03.06-02.38.33:102][  0]LogAudioMixer: Display: 1: FrontRight
[2021.03.06-02.38.33:172][  0]LogAudioMixer: Display: Using Audio Device Speaker/Headphone (Realtek High Definition Audio)
[2021.03.06-02.38.33:177][  0]LogAudioMixer: Display: Initializing Sound Submixes...
[2021.03.06-02.38.33:182][  0]LogAudioMixer: Display: Creating Master Submix 'MasterSubmixDefault'
[2021.03.06-02.38.33:182][  0]LogAudioMixer: Display: Creating Master Submix 'MasterReverbSubmixDefault'
[2021.03.06-02.38.33:183][  0]LogAudioMixer: Display: Creating Master Submix 'MasterEQSubmixDefault'
[2021.03.06-02.38.33:185][  0]LogInit: FAudioDevice initialized.
[2021.03.06-02.38.33:186][  0]LogNetVersion: Set ProjectVersion to 1.0.0.0. Version Checksum will be recalculated on next use.
[2021.03.06-02.38.33:441][  0]LogDerivedDataCache: Saved boot cache 0.25s 76MB C:/Users/rahul/AppData/Local/UnrealEngine/4.25/DerivedDataCache/Boot.ddc.
[2021.03.06-02.38.33:449][  0]LogInit: Texture streaming: Enabled
[2021.03.06-02.38.33:493][  0]LogEngineSessionManager: EngineSessionManager initialized
[2021.03.06-02.38.33:493][  0]LogEditorSessionSummary: Verbose: Initializing EditorSessionSummaryWriter for editor session tracking
[2021.03.06-02.38.33:499][  0]LogEditorSessionSummary: EditorSessionSummaryWriter initialized
[2021.03.06-02.38.33:656][  0]LogInit: Transaction tracking system initialized
[2021.03.06-02.38.33:717][  0]BlueprintLog: New page: Editor Load
[2021.03.06-02.38.33:937][  0]LocalizationService: Localization service is disabled
[2021.03.06-02.38.34:122][  0]LogVSAccessor: Display: Unable to create Visual Studio setup instance: 80040154
[2021.03.06-02.38.34:122][  0]LogVSAccessor: Display: Unable to create Visual Studio setup instance: 80040154
[2021.03.06-02.38.34:479][  0]LogCook: Display: Max memory allowance for cook 16384mb min free memory 0mb
[2021.03.06-02.38.34:479][  0]LogCook: Display: Mobile HDR setting 1
[2021.03.06-02.38.34:696][  0]LogFileCache: Scanning file cache for directory 'E:/MultiLvlDialogueSys/MultiLvllDialogueSys/Content/' took 0.03s
[2021.03.06-02.38.35:113][  0]SourceControl: Source control is disabled
[2021.03.06-02.38.35:334][  0]LogSlate: Took 0.000516 seconds to synchronously load lazily loaded font '../../../Engine/Content/Slate/Fonts/Roboto-Regular.ttf' (155K)
[2021.03.06-02.38.43:565][  0]LogSlate: Window 'Restore Packages' being destroyed
[2021.03.06-02.38.43:572][  0]LogWindowsTextInputMethodSystem: Display: IME system now deactivated.
[2021.03.06-02.38.43:643][  0]LogWindowsTextInputMethodSystem: Display: IME system now deactivated.
[2021.03.06-02.38.47:660][  0]LogSlate: Window 'Unable to Check Out From Source Control!' being destroyed
[2021.03.06-02.38.47:670][  0]LogWindowsTextInputMethodSystem: Display: IME system now deactivated.
[2021.03.06-02.38.47:679][  0]Message dialog closed, result: Ok, title: Unable to Check Out From Source Control!, text: The following assets could not be successfully checked out from source control:
/Game/DialogueSystem/Dialogue_Component
[2021.03.06-02.38.47:847][  0]LogWindowsTextInputMethodSystem: Display: IME system now deactivated.
[2021.03.06-02.38.47:848][  0]LogUnrealEdMisc: Loading editor; pre map load, took 53.471
[2021.03.06-02.38.47:849][  0]Cmd: MAP LOAD FILE="../../../../MultiLvlDialogueSys/MultiLvllDialogueSys/Content/ThirdPersonBP/Maps/ThirdPersonExampleMap.umap" TEMPLATE=0 SHOWPROGRESS=1 FEATURELEVEL=3
[2021.03.06-02.38.47:850][  0]LightingResults: New page: Lighting Build
[2021.03.06-02.38.47:852][  0]LogWorld: UWorld::CleanupWorld for Untitled, bSessionEnded=true, bCleanupResources=true
[2021.03.06-02.38.47:852][  0]LogSlate: InvalidateAllWidgets triggered.  All widgets were invalidated
[2021.03.06-02.38.47:852][  0]MapCheck: New page: Map Check
[2021.03.06-02.38.47:852][  0]LightingResults: New page: Lighting Build
[2021.03.06-02.38.47:865][  0]LogAISub: UAISubsystem::~UAISubsystem EnvQueryManager (0000027417517C00), frame # 0
[2021.03.06-02.38.47:865][  0]LogAISub: UAISubsystem::~UAISubsystem AIPerceptionSystem (00000274175D9940), frame # 0
[2021.03.06-02.38.47:867][  0]LogUObjectHash: Compacting FUObjectHashTables data took   1.64ms
[2021.03.06-02.38.51:959][  0]LogAIModule: Creating AISystem for world ThirdPersonExampleMap
[2021.03.06-02.38.51:959][  0]LogAISub: UAISubsystem::UAISubsystem EnvQueryManager (0000027405D56600), frame # 0
[2021.03.06-02.38.51:959][  0]LogAISub: UAISubsystem::UAISubsystem AIPerceptionSystem (0000027413AA8F40), frame # 0
[2021.03.06-02.38.52:671][  0]LogEditorServer: Finished looking for orphan Actors (0.000 secs)
[2021.03.06-02.38.52:768][  0]LogUObjectHash: Compacting FUObjectHashTables data took   1.69ms
[2021.03.06-02.38.52:770][  0]Cmd: MAP CHECKDEP NOCLEARLOG
[2021.03.06-02.38.52:770][  0]MapCheck: Map check complete: 0 Error(s), 0 Warning(s), took 0.134ms to complete.
[2021.03.06-02.38.52:770][  0]LogFileHelpers: Loading map 'ThirdPersonExampleMap' took 4.922
[2021.03.06-02.38.52:782][  0]LogUnrealEdMisc: Total Editor Startup Time, took 58.406
[2021.03.06-02.38.54:032][  0]LogSlate: Updating window title bar state: overlay mode, drag disabled, window buttons hidden, title bar hidden
[2021.03.06-02.38.54:073][  0]LogSlate: Updating window title bar state: overlay mode, drag disabled, window buttons hidden, title bar hidden
[2021.03.06-02.38.54:082][  0]LogSlate: Updating window title bar state: overlay mode, drag disabled, window buttons hidden, title bar hidden
[2021.03.06-02.38.54:092][  0]LogSlate: Updating window title bar state: overlay mode, drag disabled, window buttons hidden, title bar hidden
[2021.03.06-02.38.54:191][  0]LogCollectionManager: Loaded 0 collections in 0.039559 seconds
[2021.03.06-02.38.54:586][  0]LogFileCache: Scanning file cache for directory 'E:/MultiLvlDialogueSys/MultiLvllDialogueSys/Saved/Collections/' took 0.00s
[2021.03.06-02.38.54:586][  0]LogFileCache: Scanning file cache for directory 'E:/MultiLvlDialogueSys/MultiLvllDialogueSys/Content/Developers/rahul/Collections/' took 0.00s
[2021.03.06-02.38.54:586][  0]LogFileCache: Scanning file cache for directory 'E:/MultiLvlDialogueSys/MultiLvllDialogueSys/Content/Collections/' took 0.00s
[2021.03.06-02.38.54:586][  0]LogContentBrowser: Native class hierarchy populated in 0.0158 seconds. Added 3427 classes and 821 folders.
[2021.03.06-02.38.54:868][  0]LogContentBrowser: Native class hierarchy updated for 'WidgetCarousel' in 0.0006 seconds. Added 0 classes and 0 folders.
[2021.03.06-02.38.56:491][  0]LogContentBrowser: Native class hierarchy updated for 'AddContentDialog' in 0.0007 seconds. Added 0 classes and 0 folders.
[2021.03.06-02.38.56:554][  0]LogContentBrowser: Native class hierarchy updated for 'SceneOutliner' in 0.0006 seconds. Added 2 classes and 0 folders.
[2021.03.06-02.38.57:544][  0]LogSlate: Took 0.025693 seconds to synchronously load lazily loaded font '../../../Engine/Content/Slate/Fonts/Roboto-Bold.ttf' (160K)
[2021.03.06-02.38.57:679][  0]LogSlate: Took 0.020776 seconds to synchronously load lazily loaded font '../../../Engine/Content/Editor/Slate/Fonts/FontAwesome.ttf' (139K)
[2021.03.06-02.38.58:340][  0]LogRenderer: Reallocating scene render targets to support 964x432 Format 10 NumSamples 1 (Frame:1).
[2021.03.06-02.38.59:859][  0]LogSlate: Took 0.018641 seconds to synchronously load lazily loaded font '../../../Engine/Content/Slate/Fonts/Roboto-Light.ttf' (167K)
[2021.03.06-02.39.00:267][  0]LogContentBrowser: Native class hierarchy updated for 'HierarchicalLODOutliner' in 0.0006 seconds. Added 0 classes and 0 folders.
[2021.03.06-02.39.00:267][  0]LogLoad: (Engine Initialization) Total time: 65.89 seconds
[2021.03.06-02.39.00:267][  0]LogLoad: (Engine Initialization) Total Blueprint compile time: 0.00 seconds
[2021.03.06-02.39.00:555][  0]LogContentStreaming: Texture pool size now 1000 MB
[2021.03.06-02.39.00:898][  1]LogAssetRegistry: Asset discovery search completed in 31.3595 seconds
[2021.03.06-02.39.00:903][  1]LogCollectionManager: Fixed up redirectors for 0 collections in 0.000003 seconds (updated 0 objects)
[2021.03.06-02.39.01:631][  2]LogAudioMixer: Display: Audio Buffer Underrun detected.
[2021.03.06-02.39.01:998][  3]LogSlate: Took 0.000421 seconds to synchronously load lazily loaded font '../../../Engine/Content/Slate/Fonts/Roboto-Light.ttf' (167K)
[2021.03.06-03.13.21:228][211]LogAssetEditorSubsystem: Opening Asset editor for Blueprint /Game/ThirdPersonBP/Blueprints/ThirdPersonCharacter.ThirdPersonCharacter
[2021.03.06-03.13.25:850][211]LogContentBrowser: Native class hierarchy updated for 'BlueprintGraph' in 0.1521 seconds. Added 125 classes and 0 folders.
[2021.03.06-03.13.31:911][211]LogAssetEditorSubsystem: Opening Asset editor for Blueprint /Game/DialogueSystem/Dialogue_Component.Dialogue_Component
[2021.03.06-03.13.32:461][211]LogAssetEditorSubsystem: Opening Asset editor for WidgetBlueprint /Game/DialogueSystem/DialogueWidget.DialogueWidget
[2021.03.06-03.13.36:409][211]LogSlate: Took 0.011934 seconds to synchronously load lazily loaded font '../../../Engine/Content/Slate/Fonts/Roboto-BoldCondensed.ttf' (158K)
[2021.03.06-03.29.00:616][510]LogHttp: Warning: 000002748A434F00: invalid HTTP response code received. URL: https://datarouter.ol.epicgames.com/datarouter/api/v1/public/data?SessionID=%7BDF6297DB-46DA-314E-62A6-34A3B792BA41%7D&AppID=UEEditor.Rocket.Release&AppVersion=4.25.4-14469661%2B%2B%2BUE4%2BRelease-4.25&UserID=dd0499cd44b24c6a31c61dba921f329f%7C5b39829935e3455380e3983441310982%7Cc682e5f5-7281-45cd-98c5-1a1ec4416c80&AppEnvironment=datacollector-source&UploadType=eteventstream, HTTP code: 0, content length: 0, actual payload size: 0
[2021.03.06-03.29.00:624][510]LogHttp: Warning: 000002748A434F00: request failed, libcurl error: 6 (Couldn't resolve host name)
[2021.03.06-03.29.00:624][510]LogHttp: Warning: 000002748A434F00: libcurl info message cache 0 (Connection 18 seems to be dead!)
[2021.03.06-03.29.00:624][510]LogHttp: Warning: 000002748A434F00: libcurl info message cache 1 (Closing connection 18)
[2021.03.06-03.29.00:624][510]LogHttp: Warning: 000002748A434F00: libcurl info message cache 2 (TLSv1.2 (OUT), TLS alert, Client hello (1):)
[2021.03.06-03.29.00:624][510]LogHttp: Warning: 000002748A434F00: libcurl info message cache 3 (Could not resolve host: datarouter.ol.epicgames.com)
[2021.03.06-03.29.00:624][510]LogHttp: Warning: 000002748A434F00: libcurl info message cache 4 (Closing connection 19)
[2021.03.06-03.29.00:624][510]LogHttp: Warning: Retry exhausted on https://datarouter.ol.epicgames.com/datarouter/api/v1/public/data?SessionID=%7BDF6297DB-46DA-314E-62A6-34A3B792BA41%7D&AppID=UEEditor.Rocket.Release&AppVersion=4.25.4-14469661%2B%2B%2BUE4%2BRelease-4.25&UserID=dd0499cd44b24c6a31c61dba921f329f%7C5b39829935e3455380e3983441310982%7Cc682e5f5-7281-45cd-98c5-1a1ec4416c80&AppEnvironment=datacollector-source&UploadType=eteventstream
[2021.03.06-03.31.01:165][868]LogHttp: Warning: 000002748A434F00: invalid HTTP response code received. URL: https://datarouter.ol.epicgames.com/datarouter/api/v1/public/data?SessionID=%7BDF6297DB-46DA-314E-62A6-34A3B792BA41%7D&AppID=UEEditor.Rocket.Release&AppVersion=4.25.4-14469661%2B%2B%2BUE4%2BRelease-4.25&UserID=dd0499cd44b24c6a31c61dba921f329f%7C5b39829935e3455380e3983441310982%7Cc682e5f5-7281-45cd-98c5-1a1ec4416c80&AppEnvironment=datacollector-source&UploadType=eteventstream, HTTP code: 0, content length: 0, actual payload size: 0
[2021.03.06-03.31.01:165][868]LogHttp: Warning: 000002748A434F00: request failed, libcurl error: 6 (Couldn't resolve host name)
[2021.03.06-03.31.01:165][868]LogHttp: Warning: 000002748A434F00: libcurl info message cache 0 (Could not resolve host: datarouter.ol.epicgames.com)
[2021.03.06-03.31.01:165][868]LogHttp: Warning: 000002748A434F00: libcurl info message cache 1 (Closing connection 20)
[2021.03.06-03.31.01:165][868]LogHttp: Warning: Retry exhausted on https://datarouter.ol.epicgames.com/datarouter/api/v1/public/data?SessionID=%7BDF6297DB-46DA-314E-62A6-34A3B792BA41%7D&AppID=UEEditor.Rocket.Release&AppVersion=4.25.4-14469661%2B%2B%2BUE4%2BRelease-4.25&UserID=dd0499cd44b24c6a31c61dba921f329f%7C5b39829935e3455380e3983441310982%7Cc682e5f5-7281-45cd-98c5-1a1ec4416c80&AppEnvironment=datacollector-source&UploadType=eteventstream
[2021.03.06-03.44.52:203][439]LogUObjectHash: Compacting FUObjectHashTables data took  10.93ms
