Log file open, 03/03/21 17:54:30
LogInit: Display: Running engine for game: MultiLvllDialogueSys
LogPlatformFile: Not using cached read wrapper
LogTaskGraph: Started task graph with 5 named threads and 23 total threads with 3 sets of task threads.
LogStats: Stats thread started at 2.860870
LogD3D11RHI: Loaded GFSDK_Aftermath_Lib.x64.dll
LogICUInternationalization: ICU TimeZone Detection - Raw Offset: -5:00, Platform Override: ''
LogPluginManager: Mounting plugin Paper2D
LogPluginManager: Mounting plugin AISupport
LogPluginManager: Mounting plugin LightPropagationVolume
LogPluginManager: Mounting plugin CameraShakePreviewer
LogPluginManager: Mounting plugin ActorLayerUtilities
LogPluginManager: Mounting plugin AnimationSharing
LogPluginManager: Mounting plugin CLionSourceCodeAccess
LogPluginManager: Mounting plugin CodeLiteSourceCodeAccess
LogPluginManager: Mounting plugin GitSourceControl
LogPluginManager: Mounting plugin KDevelopSourceCodeAccess
LogPluginManager: Mounting plugin NullSourceCodeAccess
LogPluginManager: Mounting plugin PerforceSourceControl
LogPluginManager: Mounting plugin PlasticSourceControl
LogPluginManager: Mounting plugin RiderSourceCodeAccess
LogPluginManager: Mounting plugin SubversionSourceControl
LogPluginManager: Mounting plugin UObjectPlugin
LogPluginManager: Mounting plugin VisualStudioCodeSourceCodeAccess
LogPluginManager: Mounting plugin VisualStudioSourceCodeAccess
LogPluginManager: Mounting plugin XCodeSourceCodeAccess
LogPluginManager: Mounting plugin AssetManagerEditor
LogPluginManager: Mounting plugin CryptoKeys
LogPluginManager: Mounting plugin CurveEditorTools
LogPluginManager: Mounting plugin DataValidation
LogPluginManager: Mounting plugin EditorScriptingUtilities
LogPluginManager: Mounting plugin FacialAnimation
LogPluginManager: Mounting plugin GameplayTagsEditor
LogPluginManager: Mounting plugin GeometryMode
LogPluginManager: Mounting plugin MacGraphicsSwitching
LogPluginManager: Mounting plugin MaterialAnalyzer
LogPluginManager: Mounting plugin MobileLauncherProfileWizard
LogPluginManager: Mounting plugin PluginBrowser
LogPluginManager: Mounting plugin SpeedTreeImporter
LogPluginManager: Mounting plugin DatasmithContent
LogPluginManager: Mounting plugin VariantManagerContent
LogPluginManager: Mounting plugin AlembicImporter
LogPluginManager: Mounting plugin AutomationUtils
LogPluginManager: Mounting plugin BackChannel
LogPluginManager: Mounting plugin ChaosCloth
LogPluginManager: Mounting plugin ChaosClothEditor
LogPluginManager: Mounting plugin ChaosEditor
LogPluginManager: Mounting plugin ChaosNiagara
LogPluginManager: Mounting plugin ChaosSolverPlugin
LogPluginManager: Mounting plugin CharacterAI
LogPluginManager: Mounting plugin GeometryCache
LogPluginManager: Mounting plugin GeometryCollectionPlugin
LogPluginManager: Mounting plugin GeometryProcessing
LogPluginManager: Mounting plugin PlanarCut
LogPluginManager: Mounting plugin PlatformCrypto
LogPluginManager: Mounting plugin ProxyLODPlugin
LogPluginManager: Mounting plugin SkeletalReduction
LogPluginManager: Mounting plugin Niagara
LogPluginManager: Mounting plugin MagicLeap
LogPluginManager: Mounting plugin MagicLeapLightEstimation
LogPluginManager: Mounting plugin MagicLeapMedia
LogPluginManager: Mounting plugin MagicLeapPassableWorld
LogPluginManager: Mounting plugin MLSDK
LogPluginManager: Mounting plugin AndroidMedia
LogPluginManager: Mounting plugin AvfMedia
LogPluginManager: Mounting plugin ImgMedia
LogPluginManager: Mounting plugin MediaCompositing
LogPluginManager: Mounting plugin MediaPlayerEditor
LogPluginManager: Mounting plugin WebMMedia
LogPluginManager: Mounting plugin WmfMedia
LogPluginManager: Mounting plugin MeshPainting
LogPluginManager: Mounting plugin TcpMessaging
LogPluginManager: Mounting plugin UdpMessaging
LogPluginManager: Mounting plugin ActorSequence
LogPluginManager: Mounting plugin LevelSequenceEditor
LogPluginManager: Mounting plugin MatineeToLevelSequence
LogPluginManager: Mounting plugin MovieRenderPipeline
LogPluginManager: Mounting plugin TemplateSequence
LogPluginManager: Mounting plugin NetcodeUnitTest
LogPluginManager: Mounting plugin NUTUnrealEngine4
LogPluginManager: Mounting plugin OnlineSubsystemGooglePlay
LogPluginManager: Mounting plugin OnlineSubsystemIOS
LogPluginManager: Mounting plugin OnlineSubsystem
LogPluginManager: Mounting plugin OnlineSubsystemNull
LogPluginManager: Mounting plugin OnlineSubsystemUtils
LogPluginManager: Mounting plugin LauncherChunkInstaller
LogPluginManager: Mounting plugin AndroidDeviceProfileSelector
LogPluginManager: Mounting plugin AndroidMoviePlayer
LogPluginManager: Mounting plugin AndroidPermission
LogPluginManager: Mounting plugin AppleImageUtils
LogPluginManager: Mounting plugin AppleMoviePlayer
LogPluginManager: Mounting plugin ArchVisCharacter
LogPluginManager: Mounting plugin AssetTags
LogPluginManager: Mounting plugin AudioCapture
LogPluginManager: Mounting plugin CableComponent
LogPluginManager: Mounting plugin CustomMeshComponent
LogPluginManager: Mounting plugin EditableMesh
LogPluginManager: Mounting plugin ExampleDeviceProfileSelector
LogPluginManager: Mounting plugin GoogleCloudMessaging
LogPluginManager: Mounting plugin GooglePAD
LogPluginManager: Mounting plugin IOSDeviceProfileSelector
LogPluginManager: Mounting plugin LinuxDeviceProfileSelector
LogPluginManager: Mounting plugin LocationServicesBPLibrary
LogPluginManager: Mounting plugin MobilePatchingUtils
LogPluginManager: Mounting plugin OculusVR
LogPluginManager: Mounting plugin PhysXVehicles
LogPluginManager: Mounting plugin PostSplashScreen
LogPluginManager: Mounting plugin ProceduralMeshComponent
LogPluginManager: Mounting plugin RuntimePhysXCooking
LogPluginManager: Mounting plugin SignificanceManager
LogPluginManager: Mounting plugin SoundFields
LogPluginManager: Mounting plugin SteamVR
LogPluginManager: Mounting plugin Synthesis
LogPluginManager: Mounting plugin WebMMoviePlayer
LogPluginManager: Mounting plugin WindowsMoviePlayer
LogPluginManager: Mounting plugin ScreenshotTools
LogInit: Using libcurl 7.55.1-DEV
LogInit:  - built for x86_64-pc-win32
LogInit:  - supports SSL with OpenSSL/1.1.1
LogInit:  - supports HTTP deflate (compression) using libz 1.2.8
LogInit:  - other features:
LogInit:      CURL_VERSION_SSL
LogInit:      CURL_VERSION_LIBZ
LogInit:      CURL_VERSION_IPV6
LogInit:      CURL_VERSION_ASYNCHDNS
LogInit:      CURL_VERSION_LARGEFILE
LogInit:      CURL_VERSION_IDN
LogInit:  CurlRequestOptions (configurable via config and command line):
LogInit:  - bVerifyPeer = true  - Libcurl will verify peer certificate
LogInit:  - bUseHttpProxy = false  - Libcurl will NOT use HTTP proxy
LogInit:  - bDontReuseConnections = false  - Libcurl will reuse connections
LogInit:  - MaxHostConnections = 16  - Libcurl will limit the number of connections to a host
LogInit:  - LocalHostAddr = Default
LogInit:  - BufferSize = 65536
LogOnline: OSS: Creating online subsystem instance for: NULL
LogInit: WinSock: version 1.1 (2.2), MaxSocks=32767, MaxUdp=65467
LogOnline: OSS: TryLoadSubsystemAndSetDefault: Loaded subsystem for module [NULL]
LogInit: Build: ++UE4+Release-4.25-CL-14469661
LogInit: Engine Version: 4.25.4-14469661+++UE4+Release-4.25
LogInit: Compatible Engine Version: 4.25.0-13144385+++UE4+Release-4.25
LogInit: Net CL: 13144385
LogInit: OS: Windows 10 (Release 1909) (), CPU: AMD Ryzen 5 2500U with Radeon Vega Mobile Gfx  , GPU: AMD Radeon(TM) Vega 8 Graphics
LogInit: Compiled (64-bit): Oct 11 2020 08:10:49
LogInit: Compiled with Visual C++: 19.24.28315.00
LogInit: Build Configuration: Development
LogInit: Branch Name: ++UE4+Release-4.25
LogInit: Command Line:  -EpicPortal -epicusername=rahuljoseph987 -epicuserid=5b39829935e3455380e3983441310982 -epiclocale=en
LogInit: Base Directory: E:/UE_4.25/Engine/Binaries/Win64/
LogInit: Allocator: TBB
LogInit: Installed Engine Build: 1
LogDevObjectVersion: Number of dev versions registered: 26
LogDevObjectVersion:   Dev-Blueprints (B0D832E4-1F89-4F0D-ACCF-7EB736FD4AA2): 10
LogDevObjectVersion:   Dev-Build (E1C64328-A22C-4D53-A36C-8E866417BD8C): 0
LogDevObjectVersion:   Dev-Core (375EC13C-06E4-48FB-B500-84F0262A717E): 4
LogDevObjectVersion:   Dev-Editor (E4B068ED-F494-42E9-A231-DA0B2E46BB41): 38
LogDevObjectVersion:   Dev-Framework (CFFC743F-43B0-4480-9391-14DF171D2073): 37
LogDevObjectVersion:   Dev-Mobile (B02B49B5-BB20-44E9-A304-32B752E40360): 2
LogDevObjectVersion:   Dev-Networking (A4E4105C-59A1-49B5-A7C5-40C4547EDFEE): 0
LogDevObjectVersion:   Dev-Online (39C831C9-5AE6-47DC-9A44-9C173E1C8E7C): 0
LogDevObjectVersion:   Dev-Physics (78F01B33-EBEA-4F98-B9B4-84EACCB95AA2): 4
LogDevObjectVersion:   Dev-Platform (6631380F-2D4D-43E0-8009-CF276956A95A): 0
LogDevObjectVersion:   Dev-Rendering (12F88B9F-8875-4AFC-A67C-D90C383ABD29): 43
LogDevObjectVersion:   Dev-Sequencer (7B5AE74C-D270-4C10-A958-57980B212A5A): 12
LogDevObjectVersion:   Dev-VR (D7296918-1DD6-4BDD-9DE2-64A83CC13884): 3
LogDevObjectVersion:   Dev-LoadTimes (C2A15278-BFE7-4AFE-6C17-90FF531DF755): 1
LogDevObjectVersion:   Private-Geometry (6EACA3D4-40EC-4CC1-B786-8BED09428FC5): 3
LogDevObjectVersion:   Dev-AnimPhys (29E575DD-E0A3-4627-9D10-D276232CDCEA): 17
LogDevObjectVersion:   Dev-Anim (AF43A65D-7FD3-4947-9873-3E8ED9C1BB05): 7
LogDevObjectVersion:   Dev-ReflectionCapture (6B266CEC-1EC7-4B8F-A30B-E4D90942FC07): 1
LogDevObjectVersion:   Dev-Automation (0DF73D61-A23F-47EA-B727-89E90C41499A): 1
LogDevObjectVersion:   FortniteMain (601D1886-AC64-4F84-AA16-D3DE0DEAC7D6): 31
LogDevObjectVersion:   Dev-Enterprise (9DFFBCD6-494F-0158-E221-12823C92A888): 10
LogDevObjectVersion:   Dev-Niagara (F2AED0AC-9AFE-416F-8664-AA7FFA26D6FC): 1
LogDevObjectVersion:   Dev-Destruction (174F1F0B-B4C6-45A5-B13F-2EE8D0FB917D): 10
LogDevObjectVersion:   Dev-Physics-Ext (35F94A83-E258-406C-A318-09F59610247C): 37
LogDevObjectVersion:   Dev-PhysicsMaterial-Chaos (B68FC16E-8B1B-42E2-B453-215C058844FE): 1
LogDevObjectVersion:   Dev-CineCamera (B2E18506-4273-CFC2-A54E-F4BB758BBA07): 1
LogInit: Presizing for max 25165824 objects, including 0 objects not considered by GC, pre-allocating 0 bytes for permanent pool.
LogConfig: Applying CVar settings from Section [/Script/Engine.StreamingSettings] File [E:/PiRate Island/MultiLvllDialogueSys/Saved/Config/Windows/Engine.ini]
LogConfig: Setting CVar [[s.MinBulkDataSizeForAsyncLoading:131072]]
LogConfig: Setting CVar [[s.AsyncLoadingThreadEnabled:0]]
LogConfig: Setting CVar [[s.EventDrivenLoaderEnabled:1]]
LogConfig: Setting CVar [[s.WarnIfTimeLimitExceeded:0]]
LogConfig: Setting CVar [[s.TimeLimitExceededMultiplier:1.5]]
LogConfig: Setting CVar [[s.TimeLimitExceededMinTime:0.005]]
LogConfig: Setting CVar [[s.UseBackgroundLevelStreaming:1]]
LogConfig: Setting CVar [[s.PriorityAsyncLoadingExtraTime:15.0]]
LogConfig: Setting CVar [[s.LevelStreamingActorsUpdateTimeLimit:5.0]]
LogConfig: Setting CVar [[s.PriorityLevelStreamingActorsUpdateExtraTime:5.0]]
LogConfig: Setting CVar [[s.LevelStreamingComponentsRegistrationGranularity:10]]
LogConfig: Setting CVar [[s.UnregisterComponentsTimeLimit:1.0]]
LogConfig: Setting CVar [[s.LevelStreamingComponentsUnregistrationGranularity:5]]
LogConfig: Setting CVar [[s.FlushStreamingOnExit:1]]
LogInit: Object subsystem initialized
LogConfig: Setting CVar [[con.DebugEarlyDefault:1]]
LogConfig: Setting CVar [[r.setres:1280x720]]
[2021.03.03-22.54.32:503][  0]LogConfig: Setting CVar [[r.VSync:0]]
[2021.03.03-22.54.32:503][  0]LogConfig: Setting CVar [[r.RHICmdBypass:0]]
[2021.03.03-22.54.32:503][  0]LogConfig: Applying CVar settings from Section [/Script/Engine.RendererSettings] File [E:/PiRate Island/MultiLvllDialogueSys/Saved/Config/Windows/Engine.ini]
[2021.03.03-22.54.32:503][  0]LogConfig: Setting CVar [[r.GPUCrashDebugging:0]]
[2021.03.03-22.54.32:503][  0]LogConfig: Applying CVar settings from Section [/Script/Engine.RendererOverrideSettings] File [E:/PiRate Island/MultiLvllDialogueSys/Saved/Config/Windows/Engine.ini]
[2021.03.03-22.54.32:503][  0]LogConfig: Applying CVar settings from Section [/Script/Engine.StreamingSettings] File [E:/PiRate Island/MultiLvllDialogueSys/Saved/Config/Windows/Engine.ini]
[2021.03.03-22.54.32:503][  0]LogConfig: Setting CVar [[s.MinBulkDataSizeForAsyncLoading:131072]]
[2021.03.03-22.54.32:503][  0]LogConfig: Setting CVar [[s.AsyncLoadingThreadEnabled:0]]
[2021.03.03-22.54.32:503][  0]LogConfig: Setting CVar [[s.EventDrivenLoaderEnabled:1]]
[2021.03.03-22.54.32:503][  0]LogConfig: Setting CVar [[s.WarnIfTimeLimitExceeded:0]]
[2021.03.03-22.54.32:503][  0]LogConfig: Setting CVar [[s.TimeLimitExceededMultiplier:1.5]]
[2021.03.03-22.54.32:503][  0]LogConfig: Setting CVar [[s.TimeLimitExceededMinTime:0.005]]
[2021.03.03-22.54.32:503][  0]LogConfig: Setting CVar [[s.UseBackgroundLevelStreaming:1]]
[2021.03.03-22.54.32:503][  0]LogConfig: Setting CVar [[s.PriorityAsyncLoadingExtraTime:15.0]]
[2021.03.03-22.54.32:503][  0]LogConfig: Setting CVar [[s.LevelStreamingActorsUpdateTimeLimit:5.0]]
[2021.03.03-22.54.32:503][  0]LogConfig: Setting CVar [[s.PriorityLevelStreamingActorsUpdateExtraTime:5.0]]
[2021.03.03-22.54.32:503][  0]LogConfig: Setting CVar [[s.LevelStreamingComponentsRegistrationGranularity:10]]
[2021.03.03-22.54.32:504][  0]LogConfig: Setting CVar [[s.UnregisterComponentsTimeLimit:1.0]]
[2021.03.03-22.54.32:504][  0]LogConfig: Setting CVar [[s.LevelStreamingComponentsUnregistrationGranularity:5]]
[2021.03.03-22.54.32:504][  0]LogConfig: Setting CVar [[s.FlushStreamingOnExit:1]]
[2021.03.03-22.54.32:504][  0]LogConfig: Applying CVar settings from Section [/Script/Engine.GarbageCollectionSettings] File [E:/PiRate Island/MultiLvllDialogueSys/Saved/Config/Windows/Engine.ini]
[2021.03.03-22.54.32:504][  0]LogConfig: Setting CVar [[gc.MaxObjectsNotConsideredByGC:1]]
[2021.03.03-22.54.32:504][  0]LogConfig: Setting CVar [[gc.SizeOfPermanentObjectPool:0]]
[2021.03.03-22.54.32:504][  0]LogConfig: Setting CVar [[gc.FlushStreamingOnGC:0]]
[2021.03.03-22.54.32:504][  0]LogConfig: Setting CVar [[gc.NumRetriesBeforeForcingGC:10]]
[2021.03.03-22.54.32:504][  0]LogConfig: Setting CVar [[gc.AllowParallelGC:1]]
[2021.03.03-22.54.32:504][  0]LogConfig: Setting CVar [[gc.TimeBetweenPurgingPendingKillObjects:61.1]]
[2021.03.03-22.54.32:504][  0]LogConfig: Setting CVar [[gc.MaxObjectsInEditor:25165824]]
[2021.03.03-22.54.32:504][  0]LogConfig: Setting CVar [[gc.IncrementalBeginDestroyEnabled:1]]
[2021.03.03-22.54.32:504][  0]LogConfig: Setting CVar [[gc.CreateGCClusters:1]]
[2021.03.03-22.54.32:504][  0]LogConfig: Setting CVar [[gc.MinGCClusterSize:5]]
[2021.03.03-22.54.32:504][  0]LogConfig: Setting CVar [[gc.ActorClusteringEnabled:0]]
[2021.03.03-22.54.32:504][  0]LogConfig: Setting CVar [[gc.BlueprintClusteringEnabled:0]]
[2021.03.03-22.54.32:504][  0]LogConfig: Setting CVar [[gc.UseDisregardForGCOnDedicatedServers:0]]
[2021.03.03-22.54.32:504][  0]LogConfig: Applying CVar settings from Section [/Script/Engine.NetworkSettings] File [E:/PiRate Island/MultiLvllDialogueSys/Saved/Config/Windows/Engine.ini]
[2021.03.03-22.54.32:504][  0]LogConfig: Applying CVar settings from Section [/Script/UnrealEd.CookerSettings] File [E:/PiRate Island/MultiLvllDialogueSys/Saved/Config/Windows/Engine.ini]
[2021.03.03-22.54.32:511][  0]LogConfig: Applying CVar settings from Section [ViewDistanceQuality@3] File [E:/PiRate Island/MultiLvllDialogueSys/Saved/Config/Windows/Scalability.ini]
[2021.03.03-22.54.32:511][  0]LogConfig: Setting CVar [[r.SkeletalMeshLODBias:0]]
[2021.03.03-22.54.32:511][  0]LogConfig: Setting CVar [[r.ViewDistanceScale:1.0]]
[2021.03.03-22.54.32:511][  0]LogConfig: Applying CVar settings from Section [AntiAliasingQuality@3] File [E:/PiRate Island/MultiLvllDialogueSys/Saved/Config/Windows/Scalability.ini]
[2021.03.03-22.54.32:512][  0]LogConfig: Setting CVar [[r.PostProcessAAQuality:4]]
[2021.03.03-22.54.32:512][  0]LogConfig: Applying CVar settings from Section [ShadowQuality@3] File [E:/PiRate Island/MultiLvllDialogueSys/Saved/Config/Windows/Scalability.ini]
[2021.03.03-22.54.32:512][  0]LogConfig: Setting CVar [[r.LightFunctionQuality:1]]
[2021.03.03-22.54.32:512][  0]LogConfig: Setting CVar [[r.ShadowQuality:5]]
[2021.03.03-22.54.32:512][  0]LogConfig: Setting CVar [[r.Shadow.CSM.MaxCascades:10]]
[2021.03.03-22.54.32:512][  0]LogConfig: Setting CVar [[r.Shadow.MaxResolution:2048]]
[2021.03.03-22.54.32:512][  0]LogConfig: Setting CVar [[r.Shadow.MaxCSMResolution:2048]]
[2021.03.03-22.54.32:512][  0]LogConfig: Setting CVar [[r.Shadow.RadiusThreshold:0.01]]
[2021.03.03-22.54.32:512][  0]LogConfig: Setting CVar [[r.Shadow.DistanceScale:1.0]]
[2021.03.03-22.54.32:512][  0]LogConfig: Setting CVar [[r.Shadow.CSM.TransitionScale:1.0]]
[2021.03.03-22.54.32:512][  0]LogConfig: Setting CVar [[r.Shadow.PreShadowResolutionFactor:1.0]]
[2021.03.03-22.54.32:512][  0]LogConfig: Setting CVar [[r.DistanceFieldShadowing:1]]
[2021.03.03-22.54.32:512][  0]LogConfig: Setting CVar [[r.DistanceFieldAO:1]]
[2021.03.03-22.54.32:512][  0]LogConfig: Setting CVar [[r.AOQuality:2]]
[2021.03.03-22.54.32:512][  0]LogConfig: Setting CVar [[r.VolumetricFog:1]]
[2021.03.03-22.54.32:512][  0]LogConfig: Setting CVar [[r.VolumetricFog.GridPixelSize:8]]
[2021.03.03-22.54.32:512][  0]LogConfig: Setting CVar [[r.VolumetricFog.GridSizeZ:128]]
[2021.03.03-22.54.32:512][  0]LogConfig: Setting CVar [[r.VolumetricFog.HistoryMissSupersampleCount:4]]
[2021.03.03-22.54.32:512][  0]LogConfig: Setting CVar [[r.LightMaxDrawDistanceScale:1]]
[2021.03.03-22.54.32:512][  0]LogConfig: Setting CVar [[r.CapsuleShadows:1]]
[2021.03.03-22.54.32:512][  0]LogConfig: Applying CVar settings from Section [PostProcessQuality@3] File [E:/PiRate Island/MultiLvllDialogueSys/Saved/Config/Windows/Scalability.ini]
[2021.03.03-22.54.32:512][  0]LogConfig: Setting CVar [[r.MotionBlurQuality:4]]
[2021.03.03-22.54.32:512][  0]LogConfig: Setting CVar [[r.AmbientOcclusionMipLevelFactor:0.4]]
[2021.03.03-22.54.32:512][  0]LogConfig: Setting CVar [[r.AmbientOcclusionMaxQuality:100]]
[2021.03.03-22.54.32:512][  0]LogConfig: Setting CVar [[r.AmbientOcclusionLevels:-1]]
[2021.03.03-22.54.32:513][  0]LogConfig: Setting CVar [[r.AmbientOcclusionRadiusScale:1.0]]
[2021.03.03-22.54.32:513][  0]LogConfig: Setting CVar [[r.DepthOfFieldQuality:2]]
[2021.03.03-22.54.32:513][  0]LogConfig: Setting CVar [[r.RenderTargetPoolMin:400]]
[2021.03.03-22.54.32:513][  0]LogConfig: Setting CVar [[r.LensFlareQuality:2]]
[2021.03.03-22.54.32:513][  0]LogConfig: Setting CVar [[r.SceneColorFringeQuality:1]]
[2021.03.03-22.54.32:513][  0]LogConfig: Setting CVar [[r.EyeAdaptationQuality:2]]
[2021.03.03-22.54.32:513][  0]LogConfig: Setting CVar [[r.BloomQuality:5]]
[2021.03.03-22.54.32:513][  0]LogConfig: Setting CVar [[r.FastBlurThreshold:100]]
[2021.03.03-22.54.32:513][  0]LogConfig: Setting CVar [[r.Upscale.Quality:3]]
[2021.03.03-22.54.32:513][  0]LogConfig: Setting CVar [[r.Tonemapper.GrainQuantization:1]]
[2021.03.03-22.54.32:513][  0]LogConfig: Setting CVar [[r.LightShaftQuality:1]]
[2021.03.03-22.54.32:513][  0]LogConfig: Setting CVar [[r.Filter.SizeScale:1]]
[2021.03.03-22.54.32:513][  0]LogConfig: Setting CVar [[r.Tonemapper.Quality:5]]
[2021.03.03-22.54.32:513][  0]LogConfig: Setting CVar [[r.DOF.Gather.AccumulatorQuality:1        ; higher gathering accumulator quality]]
[2021.03.03-22.54.32:513][  0]LogConfig: Setting CVar [[r.DOF.Gather.PostfilterMethod:1          ; Median3x3 postfilering method]]
[2021.03.03-22.54.32:513][  0]LogConfig: Setting CVar [[r.DOF.Gather.EnableBokehSettings:0       ; no bokeh simulation when gathering]]
[2021.03.03-22.54.32:513][  0]LogConfig: Setting CVar [[r.DOF.Gather.RingCount:4                 ; medium number of samples when gathering]]
[2021.03.03-22.54.32:513][  0]LogConfig: Setting CVar [[r.DOF.Scatter.ForegroundCompositing:1    ; additive foreground scattering]]
[2021.03.03-22.54.32:513][  0]LogConfig: Setting CVar [[r.DOF.Scatter.BackgroundCompositing:2    ; additive background scattering]]
[2021.03.03-22.54.32:513][  0]LogConfig: Setting CVar [[r.DOF.Scatter.EnableBokehSettings:1      ; bokeh simulation when scattering]]
[2021.03.03-22.54.32:513][  0]LogConfig: Setting CVar [[r.DOF.Scatter.MaxSpriteRatio:0.1         ; only a maximum of 10% of scattered bokeh]]
[2021.03.03-22.54.32:513][  0]LogConfig: Setting CVar [[r.DOF.Recombine.Quality:1                ; cheap slight out of focus]]
[2021.03.03-22.54.32:513][  0]LogConfig: Setting CVar [[r.DOF.Recombine.EnableBokehSettings:0    ; no bokeh simulation on slight out of focus]]
[2021.03.03-22.54.32:514][  0]LogConfig: Setting CVar [[r.DOF.TemporalAAQuality:1                ; more stable temporal accumulation]]
[2021.03.03-22.54.32:514][  0]LogConfig: Setting CVar [[r.DOF.Kernel.MaxForegroundRadius:0.025]]
[2021.03.03-22.54.32:514][  0]LogConfig: Setting CVar [[r.DOF.Kernel.MaxBackgroundRadius:0.025]]
[2021.03.03-22.54.32:514][  0]LogConfig: Applying CVar settings from Section [TextureQuality@3] File [E:/PiRate Island/MultiLvllDialogueSys/Saved/Config/Windows/Scalability.ini]
[2021.03.03-22.54.32:514][  0]LogConfig: Setting CVar [[r.Streaming.MipBias:0]]
[2021.03.03-22.54.32:514][  0]LogConfig: Setting CVar [[r.Streaming.AmortizeCPUToGPUCopy:0]]
[2021.03.03-22.54.32:514][  0]LogConfig: Setting CVar [[r.Streaming.MaxNumTexturesToStreamPerFrame:0]]
[2021.03.03-22.54.32:514][  0]LogConfig: Setting CVar [[r.Streaming.Boost:1]]
[2021.03.03-22.54.32:514][  0]LogConfig: Setting CVar [[r.MaxAnisotropy:8]]
[2021.03.03-22.54.32:514][  0]LogConfig: Setting CVar [[r.VT.MaxAnisotropy:8]]
[2021.03.03-22.54.32:514][  0]LogConfig: Setting CVar [[r.Streaming.LimitPoolSizeToVRAM:0]]
[2021.03.03-22.54.32:514][  0]LogConfig: Setting CVar [[r.Streaming.PoolSize:1000]]
[2021.03.03-22.54.32:514][  0]LogConfig: Setting CVar [[r.Streaming.MaxEffectiveScreenSize:0]]
[2021.03.03-22.54.32:514][  0]LogConfig: Applying CVar settings from Section [EffectsQuality@3] File [E:/PiRate Island/MultiLvllDialogueSys/Saved/Config/Windows/Scalability.ini]
[2021.03.03-22.54.32:514][  0]LogConfig: Setting CVar [[r.TranslucencyLightingVolumeDim:64]]
[2021.03.03-22.54.32:514][  0]LogConfig: Setting CVar [[r.RefractionQuality:2]]
[2021.03.03-22.54.32:514][  0]LogConfig: Setting CVar [[r.SSR.Quality:3]]
[2021.03.03-22.54.32:514][  0]LogConfig: Setting CVar [[r.SSR.HalfResSceneColor:0]]
[2021.03.03-22.54.32:514][  0]LogConfig: Setting CVar [[r.SceneColorFormat:4]]
[2021.03.03-22.54.32:514][  0]LogConfig: Setting CVar [[r.DetailMode:2]]
[2021.03.03-22.54.32:514][  0]LogConfig: Setting CVar [[r.TranslucencyVolumeBlur:1]]
[2021.03.03-22.54.32:514][  0]LogConfig: Setting CVar [[r.MaterialQualityLevel:1 ; High quality]]
[2021.03.03-22.54.32:514][  0]LogConfig: Setting CVar [[r.SSS.Scale:1]]
[2021.03.03-22.54.32:514][  0]LogConfig: Setting CVar [[r.SSS.SampleSet:2]]
[2021.03.03-22.54.32:514][  0]LogConfig: Setting CVar [[r.SSS.Quality:1]]
[2021.03.03-22.54.32:515][  0]LogConfig: Setting CVar [[r.SSS.HalfRes:0]]
[2021.03.03-22.54.32:515][  0]LogConfig: Setting CVar [[r.SSGI.Quality:3]]
[2021.03.03-22.54.32:515][  0]LogConfig: Setting CVar [[r.EmitterSpawnRateScale:1.0]]
[2021.03.03-22.54.32:515][  0]LogConfig: Setting CVar [[r.ParticleLightQuality:2]]
[2021.03.03-22.54.32:515][  0]LogConfig: Setting CVar [[r.SkyAtmosphere.AerialPerspectiveLUT.FastApplyOnOpaque:1 ; Always have FastSkyLUT 1 in this case to avoid wrong sky]]
[2021.03.03-22.54.32:515][  0]LogConfig: Setting CVar [[r.SkyAtmosphere.AerialPerspectiveLUT.SampleCountPerSlice:1]]
[2021.03.03-22.54.32:515][  0]LogConfig: Setting CVar [[r.SkyAtmosphere.AerialPerspectiveLUT.DepthResolution:16.0]]
[2021.03.03-22.54.32:515][  0]LogConfig: Setting CVar [[r.SkyAtmosphere.FastSkyLUT:1]]
[2021.03.03-22.54.32:515][  0]LogConfig: Setting CVar [[r.SkyAtmosphere.FastSkyLUT.SampleCountMin:4.0]]
[2021.03.03-22.54.32:515][  0]LogConfig: Setting CVar [[r.SkyAtmosphere.FastSkyLUT.SampleCountMax:32.0]]
[2021.03.03-22.54.32:515][  0]LogConfig: Setting CVar [[r.SkyAtmosphere.SampleCountMin:4.0]]
[2021.03.03-22.54.32:515][  0]LogConfig: Setting CVar [[r.SkyAtmosphere.SampleCountMax:32.0]]
[2021.03.03-22.54.32:515][  0]LogConfig: Setting CVar [[r.SkyAtmosphere.TransmittanceLUT.UseSmallFormat:0]]
[2021.03.03-22.54.32:515][  0]LogConfig: Setting CVar [[r.SkyAtmosphere.TransmittanceLUT.SampleCount:10.0]]
[2021.03.03-22.54.32:515][  0]LogConfig: Setting CVar [[r.SkyAtmosphere.MultiScatteringLUT.SampleCount:15.0]]
[2021.03.03-22.54.32:515][  0]LogConfig: Applying CVar settings from Section [FoliageQuality@3] File [E:/PiRate Island/MultiLvllDialogueSys/Saved/Config/Windows/Scalability.ini]
[2021.03.03-22.54.32:515][  0]LogConfig: Setting CVar [[foliage.DensityScale:1.0]]
[2021.03.03-22.54.32:515][  0]LogConfig: Setting CVar [[grass.DensityScale:1.0]]
[2021.03.03-22.54.32:515][  0]LogConfig: Applying CVar settings from Section [ShadingQuality@3] File [E:/PiRate Island/MultiLvllDialogueSys/Saved/Config/Windows/Scalability.ini]
[2021.03.03-22.54.32:515][  0]LogConfig: Setting CVar [[r.HairStrands.SkyLighting.SampleCount:16]]
[2021.03.03-22.54.32:515][  0]LogConfig: Setting CVar [[r.HairStrands.SkyLighting.JitterIntegration:0]]
[2021.03.03-22.54.32:515][  0]LogConfig: Setting CVar [[r.HairStrands.SkyAO.SampleCount:16]]
[2021.03.03-22.54.32:515][  0]LogConfig: Setting CVar [[r.HairStrands.DeepShadow.SuperSampling:0]]
[2021.03.03-22.54.32:516][  0]LogConfig: Setting CVar [[r.HairStrands.VisibilityPPLL:0]]
[2021.03.03-22.54.32:516][  0]LogConfig: Setting CVar [[r.HairStrands.RasterizationScale:0.5]]
[2021.03.03-22.54.32:516][  0]LogConfig: Setting CVar [[r.HairStrands.VelocityRasterizationScale:1]]
[2021.03.03-22.54.32:516][  0]LogInit: Selected Device Profile: [Windows]
[2021.03.03-22.54.32:516][  0]LogInit: Applying CVar settings loaded from the selected device profile: [Windows]
[2021.03.03-22.54.32:516][  0]LogHAL: Display: Platform has ~ 7 GB [7469842432 / 8589934592 / 7], which maps to Smaller [LargestMinGB=32, LargerMinGB=12, DefaultMinGB=8, SmallerMinGB=6, SmallestMinGB=0)
[2021.03.03-22.54.32:516][  0]LogInit: Going up to parent DeviceProfile []
[2021.03.03-22.54.32:516][  0]LogConfig: Applying CVar settings from Section [ViewDistanceQuality@3] File [E:/PiRate Island/MultiLvllDialogueSys/Saved/Config/Windows/Scalability.ini]
[2021.03.03-22.54.32:516][  0]LogConfig: Setting CVar [[r.SkeletalMeshLODBias:0]]
[2021.03.03-22.54.32:516][  0]LogConfig: Setting CVar [[r.ViewDistanceScale:1.0]]
[2021.03.03-22.54.32:516][  0]LogConfig: Applying CVar settings from Section [AntiAliasingQuality@3] File [E:/PiRate Island/MultiLvllDialogueSys/Saved/Config/Windows/Scalability.ini]
[2021.03.03-22.54.32:516][  0]LogConfig: Setting CVar [[r.PostProcessAAQuality:4]]
[2021.03.03-22.54.32:516][  0]LogConfig: Applying CVar settings from Section [ShadowQuality@3] File [E:/PiRate Island/MultiLvllDialogueSys/Saved/Config/Windows/Scalability.ini]
[2021.03.03-22.54.32:516][  0]LogConfig: Setting CVar [[r.LightFunctionQuality:1]]
[2021.03.03-22.54.32:516][  0]LogConfig: Setting CVar [[r.ShadowQuality:5]]
[2021.03.03-22.54.32:516][  0]LogConfig: Setting CVar [[r.Shadow.CSM.MaxCascades:10]]
[2021.03.03-22.54.32:516][  0]LogConfig: Setting CVar [[r.Shadow.MaxResolution:2048]]
[2021.03.03-22.54.32:517][  0]LogConfig: Setting CVar [[r.Shadow.MaxCSMResolution:2048]]
[2021.03.03-22.54.32:517][  0]LogConfig: Setting CVar [[r.Shadow.RadiusThreshold:0.01]]
[2021.03.03-22.54.32:517][  0]LogConfig: Setting CVar [[r.Shadow.DistanceScale:1.0]]
[2021.03.03-22.54.32:517][  0]LogConfig: Setting CVar [[r.Shadow.CSM.TransitionScale:1.0]]
[2021.03.03-22.54.32:517][  0]LogConfig: Setting CVar [[r.Shadow.PreShadowResolutionFactor:1.0]]
[2021.03.03-22.54.32:517][  0]LogConfig: Setting CVar [[r.DistanceFieldShadowing:1]]
[2021.03.03-22.54.32:517][  0]LogConfig: Setting CVar [[r.DistanceFieldAO:1]]
[2021.03.03-22.54.32:517][  0]LogConfig: Setting CVar [[r.AOQuality:2]]
[2021.03.03-22.54.32:517][  0]LogConfig: Setting CVar [[r.VolumetricFog:1]]
[2021.03.03-22.54.32:517][  0]LogConfig: Setting CVar [[r.VolumetricFog.GridPixelSize:8]]
[2021.03.03-22.54.32:517][  0]LogConfig: Setting CVar [[r.VolumetricFog.GridSizeZ:128]]
[2021.03.03-22.54.32:517][  0]LogConfig: Setting CVar [[r.VolumetricFog.HistoryMissSupersampleCount:4]]
[2021.03.03-22.54.32:517][  0]LogConfig: Setting CVar [[r.LightMaxDrawDistanceScale:1]]
[2021.03.03-22.54.32:517][  0]LogConfig: Setting CVar [[r.CapsuleShadows:1]]
[2021.03.03-22.54.32:517][  0]LogConfig: Applying CVar settings from Section [PostProcessQuality@3] File [E:/PiRate Island/MultiLvllDialogueSys/Saved/Config/Windows/Scalability.ini]
[2021.03.03-22.54.32:517][  0]LogConfig: Setting CVar [[r.MotionBlurQuality:4]]
[2021.03.03-22.54.32:517][  0]LogConfig: Setting CVar [[r.AmbientOcclusionMipLevelFactor:0.4]]
[2021.03.03-22.54.32:517][  0]LogConfig: Setting CVar [[r.AmbientOcclusionMaxQuality:100]]
[2021.03.03-22.54.32:517][  0]LogConfig: Setting CVar [[r.AmbientOcclusionLevels:-1]]
[2021.03.03-22.54.32:517][  0]LogConfig: Setting CVar [[r.AmbientOcclusionRadiusScale:1.0]]
[2021.03.03-22.54.32:517][  0]LogConfig: Setting CVar [[r.DepthOfFieldQuality:2]]
[2021.03.03-22.54.32:517][  0]LogConfig: Setting CVar [[r.RenderTargetPoolMin:400]]
[2021.03.03-22.54.32:517][  0]LogConfig: Setting CVar [[r.LensFlareQuality:2]]
[2021.03.03-22.54.32:517][  0]LogConfig: Setting CVar [[r.SceneColorFringeQuality:1]]
[2021.03.03-22.54.32:517][  0]LogConfig: Setting CVar [[r.EyeAdaptationQuality:2]]
[2021.03.03-22.54.32:517][  0]LogConfig: Setting CVar [[r.BloomQuality:5]]
[2021.03.03-22.54.32:517][  0]LogConfig: Setting CVar [[r.FastBlurThreshold:100]]
[2021.03.03-22.54.32:517][  0]LogConfig: Setting CVar [[r.Upscale.Quality:3]]
[2021.03.03-22.54.32:517][  0]LogConfig: Setting CVar [[r.Tonemapper.GrainQuantization:1]]
[2021.03.03-22.54.32:518][  0]LogConfig: Setting CVar [[r.LightShaftQuality:1]]
[2021.03.03-22.54.32:518][  0]LogConfig: Setting CVar [[r.Filter.SizeScale:1]]
[2021.03.03-22.54.32:518][  0]LogConfig: Setting CVar [[r.Tonemapper.Quality:5]]
[2021.03.03-22.54.32:518][  0]LogConfig: Setting CVar [[r.DOF.Gather.AccumulatorQuality:1        ; higher gathering accumulator quality]]
[2021.03.03-22.54.32:518][  0]LogConfig: Setting CVar [[r.DOF.Gather.PostfilterMethod:1          ; Median3x3 postfilering method]]
[2021.03.03-22.54.32:518][  0]LogConfig: Setting CVar [[r.DOF.Gather.EnableBokehSettings:0       ; no bokeh simulation when gathering]]
[2021.03.03-22.54.32:518][  0]LogConfig: Setting CVar [[r.DOF.Gather.RingCount:4                 ; medium number of samples when gathering]]
[2021.03.03-22.54.32:518][  0]LogConfig: Setting CVar [[r.DOF.Scatter.ForegroundCompositing:1    ; additive foreground scattering]]
[2021.03.03-22.54.32:518][  0]LogConfig: Setting CVar [[r.DOF.Scatter.BackgroundCompositing:2    ; additive background scattering]]
[2021.03.03-22.54.32:518][  0]LogConfig: Setting CVar [[r.DOF.Scatter.EnableBokehSettings:1      ; bokeh simulation when scattering]]
[2021.03.03-22.54.32:518][  0]LogConfig: Setting CVar [[r.DOF.Scatter.MaxSpriteRatio:0.1         ; only a maximum of 10% of scattered bokeh]]
[2021.03.03-22.54.32:518][  0]LogConfig: Setting CVar [[r.DOF.Recombine.Quality:1                ; cheap slight out of focus]]
[2021.03.03-22.54.32:518][  0]LogConfig: Setting CVar [[r.DOF.Recombine.EnableBokehSettings:0    ; no bokeh simulation on slight out of focus]]
[2021.03.03-22.54.32:518][  0]LogConfig: Setting CVar [[r.DOF.TemporalAAQuality:1                ; more stable temporal accumulation]]
[2021.03.03-22.54.32:518][  0]LogConfig: Setting CVar [[r.DOF.Kernel.MaxForegroundRadius:0.025]]
[2021.03.03-22.54.32:518][  0]LogConfig: Setting CVar [[r.DOF.Kernel.MaxBackgroundRadius:0.025]]
[2021.03.03-22.54.32:518][  0]LogConfig: Applying CVar settings from Section [TextureQuality@3] File [E:/PiRate Island/MultiLvllDialogueSys/Saved/Config/Windows/Scalability.ini]
[2021.03.03-22.54.32:518][  0]LogConfig: Setting CVar [[r.Streaming.MipBias:0]]
[2021.03.03-22.54.32:518][  0]LogConfig: Setting CVar [[r.Streaming.AmortizeCPUToGPUCopy:0]]
[2021.03.03-22.54.32:518][  0]LogConfig: Setting CVar [[r.Streaming.MaxNumTexturesToStreamPerFrame:0]]
[2021.03.03-22.54.32:518][  0]LogConfig: Setting CVar [[r.Streaming.Boost:1]]
[2021.03.03-22.54.32:518][  0]LogConfig: Setting CVar [[r.MaxAnisotropy:8]]
[2021.03.03-22.54.32:518][  0]LogConfig: Setting CVar [[r.VT.MaxAnisotropy:8]]
[2021.03.03-22.54.32:518][  0]LogConfig: Setting CVar [[r.Streaming.LimitPoolSizeToVRAM:0]]
[2021.03.03-22.54.32:518][  0]LogConfig: Setting CVar [[r.Streaming.PoolSize:1000]]
[2021.03.03-22.54.32:518][  0]LogConfig: Setting CVar [[r.Streaming.MaxEffectiveScreenSize:0]]
[2021.03.03-22.54.32:518][  0]LogConfig: Applying CVar settings from Section [EffectsQuality@3] File [E:/PiRate Island/MultiLvllDialogueSys/Saved/Config/Windows/Scalability.ini]
[2021.03.03-22.54.32:518][  0]LogConfig: Setting CVar [[r.TranslucencyLightingVolumeDim:64]]
[2021.03.03-22.54.32:518][  0]LogConfig: Setting CVar [[r.RefractionQuality:2]]
[2021.03.03-22.54.32:518][  0]LogConfig: Setting CVar [[r.SSR.Quality:3]]
[2021.03.03-22.54.32:518][  0]LogConfig: Setting CVar [[r.SSR.HalfResSceneColor:0]]
[2021.03.03-22.54.32:518][  0]LogConfig: Setting CVar [[r.SceneColorFormat:4]]
[2021.03.03-22.54.32:519][  0]LogConfig: Setting CVar [[r.DetailMode:2]]
[2021.03.03-22.54.32:519][  0]LogConfig: Setting CVar [[r.TranslucencyVolumeBlur:1]]
[2021.03.03-22.54.32:519][  0]LogConfig: Setting CVar [[r.MaterialQualityLevel:1 ; High quality]]
[2021.03.03-22.54.32:519][  0]LogConfig: Setting CVar [[r.SSS.Scale:1]]
[2021.03.03-22.54.32:519][  0]LogConfig: Setting CVar [[r.SSS.SampleSet:2]]
[2021.03.03-22.54.32:519][  0]LogConfig: Setting CVar [[r.SSS.Quality:1]]
[2021.03.03-22.54.32:519][  0]LogConfig: Setting CVar [[r.SSS.HalfRes:0]]
[2021.03.03-22.54.32:519][  0]LogConfig: Setting CVar [[r.SSGI.Quality:3]]
[2021.03.03-22.54.32:519][  0]LogConfig: Setting CVar [[r.EmitterSpawnRateScale:1.0]]
[2021.03.03-22.54.32:519][  0]LogConfig: Setting CVar [[r.ParticleLightQuality:2]]
[2021.03.03-22.54.32:519][  0]LogConfig: Setting CVar [[r.SkyAtmosphere.AerialPerspectiveLUT.FastApplyOnOpaque:1 ; Always have FastSkyLUT 1 in this case to avoid wrong sky]]
[2021.03.03-22.54.32:519][  0]LogConfig: Setting CVar [[r.SkyAtmosphere.AerialPerspectiveLUT.SampleCountPerSlice:1]]
[2021.03.03-22.54.32:519][  0]LogConfig: Setting CVar [[r.SkyAtmosphere.AerialPerspectiveLUT.DepthResolution:16.0]]
[2021.03.03-22.54.32:519][  0]LogConfig: Setting CVar [[r.SkyAtmosphere.FastSkyLUT:1]]
[2021.03.03-22.54.32:519][  0]LogConfig: Setting CVar [[r.SkyAtmosphere.FastSkyLUT.SampleCountMin:4.0]]
[2021.03.03-22.54.32:519][  0]LogConfig: Setting CVar [[r.SkyAtmosphere.FastSkyLUT.SampleCountMax:32.0]]
[2021.03.03-22.54.32:519][  0]LogConfig: Setting CVar [[r.SkyAtmosphere.SampleCountMin:4.0]]
[2021.03.03-22.54.32:519][  0]LogConfig: Setting CVar [[r.SkyAtmosphere.SampleCountMax:32.0]]
[2021.03.03-22.54.32:519][  0]LogConfig: Setting CVar [[r.SkyAtmosphere.TransmittanceLUT.UseSmallFormat:0]]
[2021.03.03-22.54.32:519][  0]LogConfig: Setting CVar [[r.SkyAtmosphere.TransmittanceLUT.SampleCount:10.0]]
[2021.03.03-22.54.32:519][  0]LogConfig: Setting CVar [[r.SkyAtmosphere.MultiScatteringLUT.SampleCount:15.0]]
[2021.03.03-22.54.32:519][  0]LogConfig: Applying CVar settings from Section [FoliageQuality@3] File [E:/PiRate Island/MultiLvllDialogueSys/Saved/Config/Windows/Scalability.ini]
[2021.03.03-22.54.32:519][  0]LogConfig: Setting CVar [[foliage.DensityScale:1.0]]
[2021.03.03-22.54.32:519][  0]LogConfig: Setting CVar [[grass.DensityScale:1.0]]
[2021.03.03-22.54.32:519][  0]LogConfig: Applying CVar settings from Section [ShadingQuality@3] File [E:/PiRate Island/MultiLvllDialogueSys/Saved/Config/Windows/Scalability.ini]
[2021.03.03-22.54.32:519][  0]LogConfig: Setting CVar [[r.HairStrands.SkyLighting.SampleCount:16]]
[2021.03.03-22.54.32:519][  0]LogConfig: Setting CVar [[r.HairStrands.SkyLighting.JitterIntegration:0]]
[2021.03.03-22.54.32:519][  0]LogConfig: Setting CVar [[r.HairStrands.SkyAO.SampleCount:16]]
[2021.03.03-22.54.32:519][  0]LogConfig: Setting CVar [[r.HairStrands.DeepShadow.SuperSampling:0]]
[2021.03.03-22.54.32:519][  0]LogConfig: Setting CVar [[r.HairStrands.VisibilityPPLL:0]]
[2021.03.03-22.54.32:519][  0]LogConfig: Setting CVar [[r.HairStrands.RasterizationScale:0.5]]
[2021.03.03-22.54.32:520][  0]LogConfig: Setting CVar [[r.HairStrands.VelocityRasterizationScale:1]]
[2021.03.03-22.54.32:520][  0]LogConfig: Applying CVar settings from Section [Startup] File [../../../Engine/Config/ConsoleVariables.ini]
[2021.03.03-22.54.32:541][  0]LogConfig: Setting CVar [[net.UseAdaptiveNetUpdateFrequency:0]]
[2021.03.03-22.54.32:541][  0]LogConfig: Setting CVar [[p.chaos.AllowCreatePhysxBodies:1]]
[2021.03.03-22.54.32:541][  0]LogConfig: Setting CVar [[fx.SkipVectorVMBackendOptimizations:1]]
[2021.03.03-22.54.32:541][  0]LogConfig: Applying CVar settings from Section [ConsoleVariables] File [E:/PiRate Island/MultiLvllDialogueSys/Saved/Config/Windows/Engine.ini]
[2021.03.03-22.54.32:541][  0]LogInit: Computer: DESKTOP-C60EHHE
[2021.03.03-22.54.32:541][  0]LogInit: User: rahul
[2021.03.03-22.54.32:541][  0]LogInit: CPU Page size=4096, Cores=4
[2021.03.03-22.54.32:542][  0]LogInit: High frequency timer resolution =10.000000 MHz
[2021.03.03-22.54.32:542][  0]LogMemory: Memory total: Physical=7.0GB (7GB approx)
[2021.03.03-22.54.32:542][  0]LogMemory: Platform Memory Stats for Windows
[2021.03.03-22.54.32:542][  0]LogMemory: Process Physical Memory: 114.08 MB used, 114.08 MB peak
[2021.03.03-22.54.32:542][  0]LogMemory: Process Virtual Memory: 96.05 MB used, 96.05 MB peak
[2021.03.03-22.54.32:542][  0]LogMemory: Physical Memory: 5691.16 MB used,  1432.64 MB free, 7123.80 MB total
[2021.03.03-22.54.32:542][  0]LogMemory: Virtual Memory: 5143.11 MB used,  134212584.00 MB free, 134217728.00 MB total
[2021.03.03-22.54.32:568][  0]LogWindows: WindowsPlatformFeatures enabled
[2021.03.03-22.54.33:073][  0]LogInit: Physics initialised using underlying interface: PhysX
[2021.03.03-22.54.33:090][  0]LogInit: Using OS detected language (en-US).
[2021.03.03-22.54.33:090][  0]LogInit: Using OS detected locale (en-US).
[2021.03.03-22.54.33:096][  0]LogTextLocalizationManager: No specific localization for 'en-US' exists, so the 'en' localization will be used.
[2021.03.03-22.54.34:052][  0]LogInit: Setting process to per monitor DPI aware
[2021.03.03-22.54.34:257][  0]LogSlate: New Slate User Created.  User Index 0, Is Virtual User: 0
[2021.03.03-22.54.34:257][  0]LogSlate: Slate User Registered.  User Index 0, Is Virtual User: 0
[2021.03.03-22.54.35:413][  0]LogHMD: Failed to initialize OpenVR with code 110
[2021.03.03-22.54.35:413][  0]LogD3D11RHI: D3D11 min allowed feature level: 11_0
[2021.03.03-22.54.35:413][  0]LogD3D11RHI: D3D11 max allowed feature level: 11_0
[2021.03.03-22.54.35:413][  0]LogD3D11RHI: D3D11 adapters:
[2021.03.03-22.54.35:463][  0]LogD3D11RHI:    0. 'AMD Radeon(TM) Vega 8 Graphics' (Feature Level 11_0)
[2021.03.03-22.54.35:463][  0]LogD3D11RHI:       1008/0/3561 MB DedicatedVideo/DedicatedSystem/SharedSystem, Outputs:1, VendorId:0x1002
[2021.03.03-22.54.35:469][  0]LogD3D11RHI:    1. 'Microsoft Basic Render Driver' (Feature Level 11_0)
[2021.03.03-22.54.35:469][  0]LogD3D11RHI:       0/0/3561 MB DedicatedVideo/DedicatedSystem/SharedSystem, Outputs:0, VendorId:0x1414
[2021.03.03-22.54.35:469][  0]LogD3D11RHI: Chosen D3D11 Adapter: 0
[2021.03.03-22.54.35:486][  0]LogD3D11RHI: Creating new Direct3DDevice
[2021.03.03-22.54.35:486][  0]LogD3D11RHI:     GPU DeviceId: 0x15dd (for the marketing name, search the web for "GPU Device Id")
[2021.03.03-22.54.35:486][  0]LogWindows: EnumDisplayDevices:
[2021.03.03-22.54.35:486][  0]LogWindows:    0. 'AMD Radeon(TM) Vega 8 Graphics' (P:1 D:1)
[2021.03.03-22.54.35:487][  0]LogWindows:    1. 'AMD Radeon(TM) Vega 8 Graphics' (P:0 D:0)
[2021.03.03-22.54.35:488][  0]LogWindows:    2. 'AMD Radeon(TM) Vega 8 Graphics' (P:0 D:0)
[2021.03.03-22.54.35:489][  0]LogWindows:    3. 'AMD Radeon(TM) Vega 8 Graphics' (P:0 D:0)
[2021.03.03-22.54.35:489][  0]LogWindows:    4. 'AMD Radeon(TM) Vega 8 Graphics' (P:0 D:0)
[2021.03.03-22.54.35:490][  0]LogWindows:    5. 'AMD Radeon(TM) Vega 8 Graphics' (P:0 D:0)
[2021.03.03-22.54.35:491][  0]LogWindows: DebugString: FoundDriverCount:6 
[2021.03.03-22.54.35:491][  0]LogD3D11RHI:     Adapter Name: AMD Radeon(TM) Vega 8 Graphics
[2021.03.03-22.54.35:491][  0]LogD3D11RHI:   Driver Version: Adrenalin 19.10.08.06 (internal:26.20.11008.6001, unified:26.20.11008.6001)
[2021.03.03-22.54.35:491][  0]LogD3D11RHI:      Driver Date: 11-4-2019
[2021.03.03-22.54.35:491][  0]LogRHI: Texture pool is 2879 MB (70% of 4113 MB)
[2021.03.03-22.54.35:543][  0]LogD3D11RHI: RHI does not have support for 64 bit atomics
[2021.03.03-22.54.35:543][  0]LogD3D11RHI: Async texture creation enabled
[2021.03.03-22.54.35:543][  0]LogD3D11RHI: Array index from any shader is supported
[2021.03.03-22.54.35:543][  0]LogD3D11RHI: HDR output is supported on display 0 (AMD Device: 0x0, Display: 0x0).
[2021.03.03-22.54.35:563][  0]LogD3D11RHI: GPU Timing Frequency: 25.000000 (Debug: 2 1)
[2021.03.03-22.54.36:361][  0]LogTargetPlatformManager: Display: Loaded TargetPlatform 'AllDesktop'
[2021.03.03-22.54.36:420][  0]LogTargetPlatformManager: Display: Loaded TargetPlatform 'Android'
[2021.03.03-22.54.36:420][  0]LogTargetPlatformManager: Display: Loaded TargetPlatform 'Android_ASTC'
[2021.03.03-22.54.36:420][  0]LogTargetPlatformManager: Display: Loaded TargetPlatform 'Android_DXT'
[2021.03.03-22.54.36:420][  0]LogTargetPlatformManager: Display: Loaded TargetPlatform 'Android_ETC2'
[2021.03.03-22.54.36:420][  0]LogTargetPlatformManager: Display: Loaded TargetPlatform 'AndroidClient'
[2021.03.03-22.54.36:420][  0]LogTargetPlatformManager: Display: Loaded TargetPlatform 'Android_ASTCClient'
[2021.03.03-22.54.36:420][  0]LogTargetPlatformManager: Display: Loaded TargetPlatform 'Android_DXTClient'
[2021.03.03-22.54.36:420][  0]LogTargetPlatformManager: Display: Loaded TargetPlatform 'Android_ETC2Client'
[2021.03.03-22.54.36:420][  0]LogTargetPlatformManager: Display: Loaded TargetPlatform 'Android_Multi'
[2021.03.03-22.54.36:420][  0]LogTargetPlatformManager: Display: Loaded TargetPlatform 'Android_MultiClient'
[2021.03.03-22.54.36:528][  0]LogTargetPlatformManager: Display: Loaded TargetPlatform 'IOSClient'
[2021.03.03-22.54.36:528][  0]LogTargetPlatformManager: Display: Loaded TargetPlatform 'IOS'
[2021.03.03-22.54.36:569][  0]LogTargetPlatformManager: Display: Loaded TargetPlatform 'Linux'
[2021.03.03-22.54.36:654][  0]LogTargetPlatformManager: Display: Loaded TargetPlatform 'LinuxNoEditor'
[2021.03.03-22.54.36:684][  0]LogTargetPlatformManager: Display: Loaded TargetPlatform 'LinuxClient'
[2021.03.03-22.54.36:709][  0]LogTargetPlatformManager: Display: Loaded TargetPlatform 'LinuxServer'
[2021.03.03-22.54.36:743][  0]LogTargetPlatformManager: Display: Loaded TargetPlatform 'LinuxAArch64NoEditor'
[2021.03.03-22.54.36:801][  0]LogTargetPlatformManager: Display: Loaded TargetPlatform 'LinuxAArch64Client'
[2021.03.03-22.54.36:829][  0]LogTargetPlatformManager: Display: Loaded TargetPlatform 'LinuxAArch64Server'
[2021.03.03-22.54.36:956][  0]LogTargetPlatformManager: Display: Loaded TargetPlatform 'Lumin'
[2021.03.03-22.54.36:956][  0]LogTargetPlatformManager: Display: Loaded TargetPlatform 'LuminClient'
[2021.03.03-22.54.37:003][  0]LogTargetPlatformManager: Display: Loaded TargetPlatform 'TVOSClient'
[2021.03.03-22.54.37:003][  0]LogTargetPlatformManager: Display: Loaded TargetPlatform 'TVOS'
[2021.03.03-22.54.37:036][  0]LogTargetPlatformManager: Display: Loaded TargetPlatform 'WindowsNoEditor'
[2021.03.03-22.54.37:072][  0]LogTargetPlatformManager: Display: Loaded TargetPlatform 'Windows'
[2021.03.03-22.54.37:142][  0]LogTargetPlatformManager: Display: Loaded TargetPlatform 'WindowsClient'
[2021.03.03-22.54.37:186][  0]LogTargetPlatformManager: Display: Loaded TargetPlatform 'WindowsServer'
[2021.03.03-22.54.37:186][  0]LogTargetPlatformManager: Display: Building Assets For Windows
[2021.03.03-22.54.37:265][  0]LogAudioDebug: Display: Lib vorbis DLL was dynamically loaded.
[2021.03.03-22.54.37:807][  0]LogShaderCompilers: Guid format shader working directory is 0 characters bigger than the processId version (../../../../PiRate Island/MultiLvllDialogueSys/Intermediate/Shaders/WorkingDirectory/5892/).
[2021.03.03-22.54.37:808][  0]LogShaderCompilers: Cleaned the shader compiler working directory 'C:/Users/rahul/AppData/Local/Temp/UnrealShaderWorkingDir/ADF6CA2A4FCDC755CF87D7BA9DD7E7A8/'.
[2021.03.03-22.54.37:825][  0]LogXGEController: Cannot use XGE Controller as Incredibuild is not installed on this machine.
[2021.03.03-22.54.37:825][  0]LogShaderCompilers: Cannot use XGE Shader Compiler as Incredibuild is not installed on this machine.
[2021.03.03-22.54.37:825][  0]LogShaderCompilers: Display: Using Local Shader Compiler.
[2021.03.03-22.54.41:212][  0]LogDerivedDataCache: Display: Max Cache Size: 512 MB
[2021.03.03-22.54.41:287][  0]LogDerivedDataCache: Loaded boot cache 0.07s 76MB C:/Users/rahul/AppData/Local/UnrealEngine/4.25/DerivedDataCache/Boot.ddc.
[2021.03.03-22.54.41:287][  0]LogDerivedDataCache: Display: Loaded Boot cache: C:/Users/rahul/AppData/Local/UnrealEngine/4.25/DerivedDataCache/Boot.ddc
[2021.03.03-22.54.41:297][  0]LogDerivedDataCache: FDerivedDataBackendGraph:  Pak pak cache file ../../../../PiRate Island/MultiLvllDialogueSys/DerivedDataCache/DDC.ddp not found, will not use a pak cache.
[2021.03.03-22.54.41:297][  0]LogDerivedDataCache: Unable to find inner node Pak for hierarchical cache Hierarchy.
[2021.03.03-22.54.41:297][  0]LogDerivedDataCache: FDerivedDataBackendGraph:  CompressedPak pak cache file ../../../../PiRate Island/MultiLvllDialogueSys/DerivedDataCache/Compressed.ddp not found, will not use a pak cache.
[2021.03.03-22.54.41:298][  0]LogDerivedDataCache: Unable to find inner node CompressedPak for hierarchical cache Hierarchy.
[2021.03.03-22.54.41:310][  0]LogDerivedDataCache: Display: Pak cache opened for reading ../../../Engine/DerivedDataCache/Compressed.ddp.
[2021.03.03-22.54.41:310][  0]LogDerivedDataCache: FDerivedDataBackendGraph:  EnterprisePak pak cache file ../../../Enterprise/DerivedDataCache/Compressed.ddp not found, will not use a pak cache.
[2021.03.03-22.54.41:310][  0]LogDerivedDataCache: Unable to find inner node EnterprisePak for hierarchical cache Hierarchy.
[2021.03.03-22.54.41:313][  0]LogDerivedDataCache: Using Local data cache path C:/Users/rahul/AppData/Local/UnrealEngine/Common/DerivedDataCache: Writable
[2021.03.03-22.54.41:313][  0]LogDerivedDataCache: Shared data cache path not found in *engine.ini, will not use an Shared cache.
[2021.03.03-22.54.41:313][  0]LogDerivedDataCache: Unable to find inner node Shared for hierarchical cache Hierarchy.
[2021.03.03-22.54.41:370][  0]LogSlate: Using FreeType 2.10.0
[2021.03.03-22.54.41:414][  0]LogSlate: SlateFontServices - WITH_FREETYPE: 1, WITH_HARFBUZZ: 1
[2021.03.03-22.54.41:497][  0]LogAssetRegistry: FAssetRegistry took 0.0045 seconds to start up
[2021.03.03-22.54.42:022][  0]LogInit: Selected Device Profile: [Windows]
[2021.03.03-22.54.42:205][  0]LogMeshReduction: Using QuadricMeshReduction for automatic static mesh reduction
[2021.03.03-22.54.42:205][  0]LogMeshReduction: Using SimplygonMeshReduction for automatic skeletal mesh reduction
[2021.03.03-22.54.42:205][  0]LogMeshReduction: Using ProxyLODMeshReduction for automatic mesh merging
[2021.03.03-22.54.42:205][  0]LogMeshReduction: No distributed automatic mesh merging module available
[2021.03.03-22.54.42:205][  0]LogMeshMerging: No distributed automatic mesh merging module available
[2021.03.03-22.54.42:238][  0]LogNetVersion: MultiLvllDialogueSys 1.0.0, NetCL: 13144385, EngineNetVer: 14, GameNetVer: 0 (Checksum: 2163113088)
[2021.03.03-22.54.42:922][  0]LogAISub: UAISubsystem::UAISubsystem AISubsystem (000001844A696AC0), frame # 0
[2021.03.03-22.54.42:922][  0]LogAISub: UAISubsystem::UAISubsystem AIPerceptionSystem (000001844A640CC0), frame # 0
[2021.03.03-22.54.42:924][  0]LogAISub: UAISubsystem::UAISubsystem EnvQueryManager (000001844A67E000), frame # 0
[2021.03.03-22.54.43:284][  0]LogPackageLocalizationCache: Processed 19 localized package path(s) for 1 prioritized culture(s) in 0.352253 seconds
[2021.03.03-22.54.43:296][  0]LogUObjectArray: 15917 objects as part of root set at end of initial load.
[2021.03.03-22.54.43:296][  0]LogUObjectAllocator: 3965568 out of 0 bytes used by permanent object pool.
[2021.03.03-22.54.43:296][  0]LogUObjectArray: CloseDisregardForGC: 0/0 objects in disregard for GC pool
[2021.03.03-22.54.44:224][  0]LogTcpMessaging: Initializing TcpMessaging bridge
[2021.03.03-22.54.44:236][  0]LogUdpMessaging: Initializing bridge on interface 0.0.0.0:0 to multicast group 230.0.0.1:6666.
[2021.03.03-22.54.44:534][  0]SourceControl: Source control is disabled
[2021.03.03-22.54.44:534][  0]SourceControl: Source control is disabled
[2021.03.03-22.54.44:542][  0]SourceControl: Source control is disabled
[2021.03.03-22.54.44:550][  0]SourceControl: Source control is disabled
[2021.03.03-22.54.44:566][  0]SourceControl: Source control is disabled
[2021.03.03-22.54.44:597][  0]LogVSAccessor: Display: Unable to create Visual Studio setup instance: 80040154
[2021.03.03-22.54.44:598][  0]LogVSAccessor: Display: Unable to create Visual Studio setup instance: 80040154
[2021.03.03-22.54.45:248][  0]LogAndroidPermission: UAndroidPermissionCallbackProxy::GetInstance
[2021.03.03-22.54.45:304][  0]LogAudioCaptureCore: Display: No Audio Capture implementations found. Audio input will be silent.
[2021.03.03-22.54.45:304][  0]LogAudioCaptureCore: Display: No Audio Capture implementations found. Audio input will be silent.
[2021.03.03-22.54.45:418][  0]LogOcInput: OculusInput pre-init called
[2021.03.03-22.54.45:441][  0]LogWindows: Failed to load 'OVRPlugin.dll' (GetLastError=126)
[2021.03.03-22.54.45:441][  0]LogWindows: File 'OVRPlugin.dll' does not exist
[2021.03.03-22.54.45:546][  0]LogEngine: Initializing Engine...
[2021.03.03-22.54.45:583][  0]LogHMD: Failed to initialize OpenVR with code 110
[2021.03.03-22.54.45:583][  0]LogMagicLeap: Warning: VR disabled because ZI is not enabled.  To enable, in the editor, Edit -> Project Settings -> Plugins -> Magic Leap Plugin -> Enable Zero Iteration
[2021.03.03-22.54.45:584][  0]LogStats: UGameplayTagsManager::InitializeManager -  0.000 s
[2021.03.03-22.54.45:784][  0]LogInit: Initializing FReadOnlyCVARCache
[2021.03.03-22.54.45:801][  0]LogAIModule: Creating AISystem for world Untitled
[2021.03.03-22.54.45:801][  0]LogAISub: UAISubsystem::UAISubsystem EnvQueryManager (00000184600BFC00), frame # 0
[2021.03.03-22.54.45:801][  0]LogAISub: UAISubsystem::UAISubsystem AIPerceptionSystem (0000018460191940), frame # 0
[2021.03.03-22.54.45:836][  0]LogAudioMixer: Display: Audio Mixer Platform Settings:
[2021.03.03-22.54.45:836][  0]LogAudioMixer: Display: 	Sample Rate:						  48000
[2021.03.03-22.54.45:836][  0]LogAudioMixer: Display: 	Callback Buffer Frame Size Requested: 1024
[2021.03.03-22.54.45:836][  0]LogAudioMixer: Display: 	Callback Buffer Frame Size To Use:	  1024
[2021.03.03-22.54.45:836][  0]LogAudioMixer: Display: 	Number of buffers to queue:			  2
[2021.03.03-22.54.45:836][  0]LogAudioMixer: Display: 	Max Channels (voices):				  32
[2021.03.03-22.54.45:836][  0]LogAudioMixer: Display: 	Number of Async Source Workers:		  0
[2021.03.03-22.54.45:836][  0]LogAudio: Display: AudioDevice MaxSources: 32
[2021.03.03-22.54.45:837][  0]LogAudio: Display: Using built-in audio occlusion.
[2021.03.03-22.54.45:837][  0]LogAudioMixer: Display: Initializing audio mixer.
[2021.03.03-22.54.45:864][  0]LogAudioMixer: Display: 0: FrontLeft
[2021.03.03-22.54.45:864][  0]LogAudioMixer: Display: 1: FrontRight
[2021.03.03-22.54.46:112][  0]LogAudioMixer: Display: Using Audio Device Headphones (Rahul’s AirPods Stereo)
[2021.03.03-22.54.46:118][  0]LogAudioMixer: Display: Initializing Sound Submixes...
[2021.03.03-22.54.46:125][  0]LogAudioMixer: Display: Creating Master Submix 'MasterSubmixDefault'
[2021.03.03-22.54.46:125][  0]LogAudioMixer: Display: Creating Master Submix 'MasterReverbSubmixDefault'
[2021.03.03-22.54.46:127][  0]LogAudioMixer: Display: Creating Master Submix 'MasterEQSubmixDefault'
[2021.03.03-22.54.46:129][  0]LogInit: FAudioDevice initialized.
[2021.03.03-22.54.46:129][  0]LogNetVersion: Set ProjectVersion to 1.0.0.0. Version Checksum will be recalculated on next use.
[2021.03.03-22.54.46:498][  0]LogDerivedDataCache: Saved boot cache 0.37s 76MB C:/Users/rahul/AppData/Local/UnrealEngine/4.25/DerivedDataCache/Boot.ddc.
[2021.03.03-22.54.46:509][  0]LogInit: Texture streaming: Enabled
[2021.03.03-22.54.46:564][  0]LogEngineSessionManager: EngineSessionManager initialized
[2021.03.03-22.54.46:564][  0]LogEditorSessionSummary: Verbose: Initializing EditorSessionSummaryWriter for editor session tracking
[2021.03.03-22.54.46:573][  0]LogEditorSessionSummary: EditorSessionSummaryWriter initialized
[2021.03.03-22.54.46:760][  0]LogInit: Transaction tracking system initialized
[2021.03.03-22.54.46:832][  0]BlueprintLog: New page: Editor Load
[2021.03.03-22.54.47:147][  0]LocalizationService: Localization service is disabled
[2021.03.03-22.54.47:433][  0]LogVSAccessor: Display: Unable to create Visual Studio setup instance: 80040154
[2021.03.03-22.54.47:435][  0]LogVSAccessor: Display: Unable to create Visual Studio setup instance: 80040154
[2021.03.03-22.54.47:913][  0]LogCook: Display: Max memory allowance for cook 16384mb min free memory 0mb
[2021.03.03-22.54.47:913][  0]LogCook: Display: Mobile HDR setting 1
[2021.03.03-22.54.47:933][  0]LogFileCache: Scanning file cache for directory 'E:/PiRate Island/MultiLvllDialogueSys/Content/' took 0.14s
[2021.03.03-22.54.48:617][  0]SourceControl: Source control is disabled
[2021.03.03-22.54.48:874][  0]LogSlate: Took 0.000625 seconds to synchronously load lazily loaded font '../../../Engine/Content/Slate/Fonts/Roboto-Regular.ttf' (155K)
[2021.03.03-22.56.00:863][  0]LogSlate: Window 'Restore Packages' being destroyed
[2021.03.03-22.56.00:881][  0]LogWindowsTextInputMethodSystem: Display: IME system now deactivated.
[2021.03.03-22.56.00:964][  0]LogWindowsTextInputMethodSystem: Display: IME system now deactivated.
[2021.03.03-22.56.24:814][  0]LogSlate: Window 'Unable to Check Out From Source Control!' being destroyed
[2021.03.03-22.56.24:818][  0]LogWindowsTextInputMethodSystem: Display: IME system now deactivated.
[2021.03.03-22.56.24:830][  0]Message dialog closed, result: Ok, title: Unable to Check Out From Source Control!, text: The following assets could not be successfully checked out from source control:
/Game/DialogueSystem/DialogueReplyChoiceWidget
[2021.03.03-22.56.24:922][  0]LogWindowsTextInputMethodSystem: Display: IME system now deactivated.
[2021.03.03-22.56.24:923][  0]LogUnrealEdMisc: Loading editor; pre map load, took 143.398
[2021.03.03-22.56.24:924][  0]Cmd: MAP LOAD FILE="../../../../PiRate Island/MultiLvllDialogueSys/Content/ThirdPersonBP/Maps/ThirdPersonExampleMap.umap" TEMPLATE=0 SHOWPROGRESS=1 FEATURELEVEL=3
[2021.03.03-22.56.24:925][  0]LightingResults: New page: Lighting Build
[2021.03.03-22.56.24:927][  0]LogWorld: UWorld::CleanupWorld for Untitled, bSessionEnded=true, bCleanupResources=true
[2021.03.03-22.56.24:927][  0]LogSlate: InvalidateAllWidgets triggered.  All widgets were invalidated
[2021.03.03-22.56.24:927][  0]MapCheck: New page: Map Check
[2021.03.03-22.56.24:927][  0]LightingResults: New page: Lighting Build
[2021.03.03-22.56.24:945][  0]LogAISub: UAISubsystem::~UAISubsystem EnvQueryManager (00000184600BFC00), frame # 0
[2021.03.03-22.56.24:946][  0]LogAISub: UAISubsystem::~UAISubsystem AIPerceptionSystem (0000018460191940), frame # 0
[2021.03.03-22.56.24:948][  0]LogUObjectHash: Compacting FUObjectHashTables data took   2.15ms
[2021.03.03-22.56.29:483][  0]LogAIModule: Creating AISystem for world ThirdPersonExampleMap
[2021.03.03-22.56.29:483][  0]LogAISub: UAISubsystem::UAISubsystem EnvQueryManager (000001844F8B2400), frame # 0
[2021.03.03-22.56.29:483][  0]LogAISub: UAISubsystem::UAISubsystem AIPerceptionSystem (000001844F8DA200), frame # 0
[2021.03.03-22.56.30:465][  0]LogEditorServer: Finished looking for orphan Actors (0.000 secs)
[2021.03.03-22.56.30:498][  0]LogUObjectHash: Compacting FUObjectHashTables data took   2.40ms
[2021.03.03-22.56.30:500][  0]Cmd: MAP CHECKDEP NOCLEARLOG
[2021.03.03-22.56.30:501][  0]MapCheck: Map check complete: 0 Error(s), 0 Warning(s), took 0.282ms to complete.
[2021.03.03-22.56.30:501][  0]LogFileHelpers: Loading map 'ThirdPersonExampleMap' took 5.577
[2021.03.03-22.56.30:548][  0]LogUnrealEdMisc: Total Editor Startup Time, took 149.024
[2021.03.03-22.56.31:869][  0]LogSlate: Updating window title bar state: overlay mode, drag disabled, window buttons hidden, title bar hidden
[2021.03.03-22.56.31:911][  0]LogSlate: Updating window title bar state: overlay mode, drag disabled, window buttons hidden, title bar hidden
[2021.03.03-22.56.31:929][  0]LogSlate: Updating window title bar state: overlay mode, drag disabled, window buttons hidden, title bar hidden
[2021.03.03-22.56.31:950][  0]LogSlate: Updating window title bar state: overlay mode, drag disabled, window buttons hidden, title bar hidden
[2021.03.03-22.56.32:068][  0]LogCollectionManager: Loaded 0 collections in 0.005338 seconds
[2021.03.03-22.56.32:462][  0]LogFileCache: Scanning file cache for directory 'E:/PiRate Island/MultiLvllDialogueSys/Saved/Collections/' took 0.00s
[2021.03.03-22.56.32:462][  0]LogFileCache: Scanning file cache for directory 'E:/PiRate Island/MultiLvllDialogueSys/Content/Developers/rahul/Collections/' took 0.00s
[2021.03.03-22.56.32:462][  0]LogFileCache: Scanning file cache for directory 'E:/PiRate Island/MultiLvllDialogueSys/Content/Collections/' took 0.00s
[2021.03.03-22.56.32:462][  0]LogContentBrowser: Native class hierarchy populated in 0.0251 seconds. Added 3427 classes and 821 folders.
[2021.03.03-22.56.32:724][  0]LogContentBrowser: Native class hierarchy updated for 'WidgetCarousel' in 0.0017 seconds. Added 0 classes and 0 folders.
[2021.03.03-22.56.36:350][  0]LogContentBrowser: Native class hierarchy updated for 'AddContentDialog' in 0.0008 seconds. Added 0 classes and 0 folders.
[2021.03.03-22.56.36:409][  0]LogContentBrowser: Native class hierarchy updated for 'SceneOutliner' in 0.0010 seconds. Added 2 classes and 0 folders.
[2021.03.03-22.56.37:351][  0]LogSlate: Took 0.000560 seconds to synchronously load lazily loaded font '../../../Engine/Content/Slate/Fonts/Roboto-Bold.ttf' (160K)
[2021.03.03-22.56.37:498][  0]LogSlate: Took 0.030874 seconds to synchronously load lazily loaded font '../../../Engine/Content/Editor/Slate/Fonts/FontAwesome.ttf' (139K)
[2021.03.03-22.56.38:240][  0]LogRenderer: Reallocating scene render targets to support 964x432 Format 10 NumSamples 1 (Frame:1).
[2021.03.03-22.56.39:887][  0]LogSlate: Took 0.040018 seconds to synchronously load lazily loaded font '../../../Engine/Content/Slate/Fonts/Roboto-Light.ttf' (167K)
[2021.03.03-22.56.40:312][  0]LogContentBrowser: Native class hierarchy updated for 'HierarchicalLODOutliner' in 0.0010 seconds. Added 0 classes and 0 folders.
[2021.03.03-22.56.40:312][  0]LogLoad: (Engine Initialization) Total time: 158.79 seconds
[2021.03.03-22.56.40:312][  0]LogLoad: (Engine Initialization) Total Blueprint compile time: 0.00 seconds
[2021.03.03-22.56.40:688][  0]LogContentStreaming: Texture pool size now 1000 MB
[2021.03.03-22.56.40:952][  1]LogAssetRegistry: Asset discovery search completed in 119.4576 seconds
[2021.03.03-22.56.40:962][  1]LogCollectionManager: Fixed up redirectors for 0 collections in 0.000004 seconds (updated 0 objects)
[2021.03.03-22.56.41:635][  3]LogSlate: Took 0.000680 seconds to synchronously load lazily loaded font '../../../Engine/Content/Slate/Fonts/Roboto-Light.ttf' (167K)
[2021.03.03-22.56.46:623][191]LogAssetEditorSubsystem: Opening Asset editor for Blueprint /Game/DialogueSystem/Dialogue_Component.Dialogue_Component
[2021.03.03-22.56.49:071][191]LogContentBrowser: Native class hierarchy updated for 'BlueprintGraph' in 0.0016 seconds. Added 125 classes and 0 folders.
[2021.03.03-22.56.53:417][191]LogAssetEditorSubsystem: Opening Asset editor for Blueprint /Game/DialogueSystem/DialogueAIController.DialogueAIController
[2021.03.03-22.56.54:724][191]LogAssetEditorSubsystem: Opening Asset editor for WidgetBlueprint /Game/DialogueSystem/DialogueReplyChoiceWidget.DialogueReplyChoiceWidget
[2021.03.03-22.56.57:400][191]LogAssetEditorSubsystem: Opening Asset editor for WidgetBlueprint /Game/DialogueSystem/DialogueWidget.DialogueWidget
[2021.03.03-22.56.58:397][191]LogAssetEditorSubsystem: Opening Asset editor for Blueprint /Game/ThirdPersonBP/Blueprints/ThirdPersonCharacter.ThirdPersonCharacter
[2021.03.03-22.56.59:233][191]LogAssetEditorSubsystem: Opening Asset editor for BehaviorTree /Game/DialogueSystem/DialogueTree1.DialogueTree1
[2021.03.03-22.57.00:016][191]LogAssetEditorSubsystem: Opening Asset editor for Blueprint /Game/DialogueSystem/Tasks/Speak.Speak
[2021.03.03-22.57.00:783][191]LogAssetEditorSubsystem: Opening Asset editor for Blueprint /Game/NPC/NPC_1.NPC_1
[2021.03.03-22.57.01:480][191]LogAssetEditorSubsystem: Opening Asset editor for Blueprint /Game/DialogueSystem/Tasks/Reply.Reply
[2021.03.03-22.57.02:198][191]LogAssetEditorSubsystem: Opening Asset editor for Blueprint /Game/DialogueSystem/DialogueReplyObject.DialogueReplyObject
[2021.03.03-22.57.04:280][191]LogSlate: Took 0.008644 seconds to synchronously load lazily loaded font '../../../Engine/Content/Slate/Fonts/Roboto-BoldCondensed.ttf' (158K)
[2021.03.03-22.57.22:872][708]LogSlate: Took 0.007119 seconds to synchronously load lazily loaded font '../../../Engine/Content/Slate/Fonts/Roboto-Italic.ttf' (157K)
[2021.03.03-23.06.41:081][574]LogUObjectHash: Compacting FUObjectHashTables data took  12.39ms
[2021.03.03-23.06.41:089][574]LogFileHelpers: Editor autosave (incl. sublevels) for '/Game/ThirdPersonBP/Maps/ThirdPersonExampleMap' took 0.235
[2021.03.03-23.06.41:129][574]OBJ SavePackage: Generating thumbnails for [0] asset(s) in package [/Game/DialogueSystem/DialogueWidget] ([1] browsable assets)...
[2021.03.03-23.06.41:130][574]OBJ SavePackage: Finished generating thumbnails for package [/Game/DialogueSystem/DialogueWidget]
[2021.03.03-23.06.41:860][574]LogSavePackage: Moving '../../../../PiRate Island/MultiLvllDialogueSys/Saved/DialogueWidget_Auto1FA5CC85E4628B53D72F67C82A859BD02.tmp' to '../../../../PiRate Island/MultiLvllDialogueSys/Saved/Autosaves/Game/DialogueSystem/DialogueWidget_Auto1.uasset'
[2021.03.03-23.06.41:930][574]LogFileHelpers: Auto-saving content packages took 0.839
[2021.03.03-23.07.37:342][740]LogAudioMixer: Warning: Changing default audio render device to new device: {0.0.0.00000000}.{6bc9ed85-fdce-46b7-86bd-53a66a8c4104}.
[2021.03.03-23.07.37:342][740]LogTemp: Resetting audio stream to device id 
[2021.03.03-23.07.37:452][740]LogAudioMixer: Display: 0: FrontLeft
[2021.03.03-23.07.37:452][740]LogAudioMixer: Display: 1: FrontRight
[2021.03.03-23.07.38:008][743]LogAudioMixer: Display: Audio Buffer Underrun detected.
